{"C:\\Users\\chand\\FSD-Project\\Backend\\app.js": {"path":"C:\\Users\\chand\\FSD-Project\\Backend\\app.js","statementMap":{"0":{"start":{"line":1,"column":13},"end":{"line":1,"column":28}},"1":{"start":{"line":2,"column":16},"end":{"line":2,"column":34}},"2":{"start":{"line":3,"column":13},"end":{"line":3,"column":28}},"3":{"start":{"line":4,"column":21},"end":{"line":4,"column":45}},"4":{"start":{"line":5,"column":15},"end":{"line":5,"column":32}},"5":{"start":{"line":6,"column":12},"end":{"line":6,"column":43}},"6":{"start":{"line":7,"column":11},"end":{"line":7,"column":24}},"7":{"start":{"line":8,"column":18},"end":{"line":8,"column":47}},"8":{"start":{"line":10,"column":23},"end":{"line":10,"column":59}},"9":{"start":{"line":11,"column":0},"end":{"line":11,"column":30}},"10":{"start":{"line":12,"column":0},"end":{"line":12,"column":27}},"11":{"start":{"line":14,"column":24},"end":{"line":17,"column":2}},"12":{"start":{"line":19,"column":23},"end":{"line":22,"column":2}},"13":{"start":{"line":24,"column":12},"end":{"line":24,"column":21}},"14":{"start":{"line":26,"column":0},"end":{"line":26,"column":57}},"15":{"start":{"line":27,"column":0},"end":{"line":31,"column":4}},"16":{"start":{"line":30,"column":24},"end":{"line":30,"column":44}},"17":{"start":{"line":33,"column":0},"end":{"line":33,"column":79}},"18":{"start":{"line":34,"column":0},"end":{"line":34,"column":24}},"19":{"start":{"line":35,"column":0},"end":{"line":35,"column":48}},"20":{"start":{"line":36,"column":0},"end":{"line":36,"column":24}},"21":{"start":{"line":37,"column":0},"end":{"line":44,"column":4}},"22":{"start":{"line":39,"column":4},"end":{"line":39,"column":45}},"23":{"start":{"line":39,"column":17},"end":{"line":39,"column":45}},"24":{"start":{"line":40,"column":4},"end":{"line":40,"column":76}},"25":{"start":{"line":40,"column":48},"end":{"line":40,"column":76}},"26":{"start":{"line":41,"column":4},"end":{"line":41,"column":54}},"27":{"start":{"line":46,"column":19},"end":{"line":46,"column":53}},"28":{"start":{"line":47,"column":19},"end":{"line":47,"column":53}},"29":{"start":{"line":48,"column":23},"end":{"line":48,"column":62}},"30":{"start":{"line":49,"column":20},"end":{"line":49,"column":56}},"31":{"start":{"line":50,"column":18},"end":{"line":50,"column":51}},"32":{"start":{"line":51,"column":20},"end":{"line":51,"column":55}},"33":{"start":{"line":52,"column":28},"end":{"line":52,"column":71}},"34":{"start":{"line":54,"column":0},"end":{"line":54,"column":46}},"35":{"start":{"line":55,"column":0},"end":{"line":55,"column":20}},"36":{"start":{"line":56,"column":0},"end":{"line":56,"column":20}},"37":{"start":{"line":57,"column":0},"end":{"line":57,"column":24}},"38":{"start":{"line":58,"column":0},"end":{"line":58,"column":21}},"39":{"start":{"line":59,"column":0},"end":{"line":59,"column":19}},"40":{"start":{"line":60,"column":0},"end":{"line":60,"column":21}},"41":{"start":{"line":61,"column":0},"end":{"line":61,"column":29}},"42":{"start":{"line":64,"column":0},"end":{"line":102,"column":1}},"43":{"start":{"line":65,"column":26},"end":{"line":65,"column":70}},"44":{"start":{"line":66,"column":21},"end":{"line":66,"column":73}},"45":{"start":{"line":68,"column":2},"end":{"line":68,"column":24}},"46":{"start":{"line":69,"column":2},"end":{"line":69,"column":37}},"47":{"start":{"line":71,"column":20},"end":{"line":92,"column":3}},"48":{"start":{"line":72,"column":21},"end":{"line":72,"column":61}},"49":{"start":{"line":73,"column":4},"end":{"line":73,"column":41}},"50":{"start":{"line":73,"column":34},"end":{"line":73,"column":41}},"51":{"start":{"line":75,"column":4},"end":{"line":91,"column":7}},"52":{"start":{"line":76,"column":23},"end":{"line":76,"column":48}},"53":{"start":{"line":77,"column":22},"end":{"line":77,"column":62}},"54":{"start":{"line":79,"column":6},"end":{"line":79,"column":65}},"55":{"start":{"line":79,"column":58},"end":{"line":79,"column":65}},"56":{"start":{"line":81,"column":6},"end":{"line":90,"column":7}},"57":{"start":{"line":82,"column":24},"end":{"line":82,"column":43}},"58":{"start":{"line":83,"column":8},"end":{"line":87,"column":9}},"59":{"start":{"line":84,"column":10},"end":{"line":84,"column":64}},"60":{"start":{"line":86,"column":10},"end":{"line":86,"column":51}},"61":{"start":{"line":89,"column":8},"end":{"line":89,"column":64}},"62":{"start":{"line":94,"column":2},"end":{"line":94,"column":21}},"63":{"start":{"line":95,"column":2},"end":{"line":95,"column":23}},"64":{"start":{"line":97,"column":2},"end":{"line":97,"column":69}},"65":{"start":{"line":98,"column":2},"end":{"line":98,"column":72}},"66":{"start":{"line":101,"column":2},"end":{"line":101,"column":64}},"67":{"start":{"line":106,"column":0},"end":{"line":110,"column":3}},"68":{"start":{"line":107,"column":14},"end":{"line":107,"column":42}},"69":{"start":{"line":108,"column":2},"end":{"line":108,"column":23}},"70":{"start":{"line":109,"column":2},"end":{"line":109,"column":12}},"71":{"start":{"line":113,"column":0},"end":{"line":130,"column":3}},"72":{"start":{"line":114,"column":17},"end":{"line":114,"column":38}},"73":{"start":{"line":115,"column":18},"end":{"line":115,"column":56}},"74":{"start":{"line":117,"column":2},"end":{"line":117,"column":47}},"75":{"start":{"line":119,"column":2},"end":{"line":124,"column":5}},"76":{"start":{"line":126,"column":2},"end":{"line":129,"column":5}},"77":{"start":{"line":133,"column":0},"end":{"line":135,"column":1}},"78":{"start":{"line":134,"column":2},"end":{"line":134,"column":69}},"79":{"start":{"line":134,"column":25},"end":{"line":134,"column":67}},"80":{"start":{"line":136,"column":0},"end":{"line":136,"column":21}}},"fnMap":{"0":{"name":"(anonymous_0)","decl":{"start":{"line":30,"column":10},"end":{"line":30,"column":11}},"loc":{"start":{"line":30,"column":24},"end":{"line":30,"column":44}},"line":30},"1":{"name":"(anonymous_1)","decl":{"start":{"line":38,"column":10},"end":{"line":38,"column":11}},"loc":{"start":{"line":38,"column":38},"end":{"line":42,"column":3}},"line":38},"2":{"name":"(anonymous_2)","decl":{"start":{"line":71,"column":20},"end":{"line":71,"column":21}},"loc":{"start":{"line":71,"column":36},"end":{"line":92,"column":3}},"line":71},"3":{"name":"(anonymous_3)","decl":{"start":{"line":75,"column":37},"end":{"line":75,"column":38}},"loc":{"start":{"line":75,"column":45},"end":{"line":91,"column":5}},"line":75},"4":{"name":"(anonymous_4)","decl":{"start":{"line":106,"column":8},"end":{"line":106,"column":9}},"loc":{"start":{"line":106,"column":28},"end":{"line":110,"column":1}},"line":106},"5":{"name":"(anonymous_5)","decl":{"start":{"line":113,"column":8},"end":{"line":113,"column":9}},"loc":{"start":{"line":113,"column":33},"end":{"line":130,"column":1}},"line":113},"6":{"name":"(anonymous_6)","decl":{"start":{"line":134,"column":19},"end":{"line":134,"column":20}},"loc":{"start":{"line":134,"column":25},"end":{"line":134,"column":67}},"line":134}},"branchMap":{"0":{"loc":{"start":{"line":39,"column":4},"end":{"line":39,"column":45}},"type":"if","locations":[{"start":{"line":39,"column":4},"end":{"line":39,"column":45}},{"start":{},"end":{}}],"line":39},"1":{"loc":{"start":{"line":40,"column":4},"end":{"line":40,"column":76}},"type":"if","locations":[{"start":{"line":40,"column":4},"end":{"line":40,"column":76}},{"start":{},"end":{}}],"line":40},"2":{"loc":{"start":{"line":73,"column":4},"end":{"line":73,"column":41}},"type":"if","locations":[{"start":{"line":73,"column":4},"end":{"line":73,"column":41}},{"start":{},"end":{}}],"line":73},"3":{"loc":{"start":{"line":79,"column":6},"end":{"line":79,"column":65}},"type":"if","locations":[{"start":{"line":79,"column":6},"end":{"line":79,"column":65}},{"start":{},"end":{}}],"line":79},"4":{"loc":{"start":{"line":79,"column":10},"end":{"line":79,"column":56}},"type":"binary-expr","locations":[{"start":{"line":79,"column":10},"end":{"line":79,"column":18}},{"start":{"line":79,"column":22},"end":{"line":79,"column":38}},{"start":{"line":79,"column":42},"end":{"line":79,"column":56}}],"line":79},"5":{"loc":{"start":{"line":83,"column":8},"end":{"line":87,"column":9}},"type":"if","locations":[{"start":{"line":83,"column":8},"end":{"line":87,"column":9}},{"start":{"line":85,"column":15},"end":{"line":87,"column":9}}],"line":83},"6":{"loc":{"start":{"line":114,"column":17},"end":{"line":114,"column":38}},"type":"binary-expr","locations":[{"start":{"line":114,"column":17},"end":{"line":114,"column":31}},{"start":{"line":114,"column":35},"end":{"line":114,"column":38}}],"line":114},"7":{"loc":{"start":{"line":115,"column":18},"end":{"line":115,"column":56}},"type":"binary-expr","locations":[{"start":{"line":115,"column":18},"end":{"line":115,"column":29}},{"start":{"line":115,"column":33},"end":{"line":115,"column":56}}],"line":115},"8":{"loc":{"start":{"line":133,"column":0},"end":{"line":135,"column":1}},"type":"if","locations":[{"start":{"line":133,"column":0},"end":{"line":135,"column":1}},{"start":{},"end":{}}],"line":133}},"s":{"0":1,"1":1,"2":1,"3":1,"4":1,"5":1,"6":1,"7":1,"8":1,"9":1,"10":1,"11":1,"12":1,"13":1,"14":1,"15":1,"16":4,"17":1,"18":1,"19":1,"20":1,"21":1,"22":4,"23":4,"24":0,"25":0,"26":0,"27":1,"28":1,"29":1,"30":1,"31":1,"32":1,"33":1,"34":1,"35":1,"36":1,"37":1,"38":1,"39":1,"40":1,"41":1,"42":1,"43":1,"44":1,"45":1,"46":1,"47":1,"48":2,"49":2,"50":0,"51":2,"52":12,"53":12,"54":12,"55":0,"56":12,"57":12,"58":12,"59":5,"60":7,"61":0,"62":1,"63":1,"64":1,"65":1,"66":0,"67":1,"68":0,"69":0,"70":0,"71":1,"72":0,"73":0,"74":0,"75":0,"76":0,"77":1,"78":0,"79":0,"80":1},"f":{"0":4,"1":4,"2":2,"3":12,"4":0,"5":0,"6":0},"b":{"0":[4,0],"1":[0,0],"2":[0,2],"3":[0,12],"4":[12,12,12],"5":[5,7],"6":[0,0],"7":[0,0],"8":[0,1]},"_coverageSchema":"1a1c01bbd47fc00a2c39e90264f33305004495a9","hash":"b750ac9b14c4655552b80af05284bd262efb7096"}
,"C:\\Users\\chand\\FSD-Project\\Backend\\multerConfig.js": {"path":"C:\\Users\\chand\\FSD-Project\\Backend\\multerConfig.js","statementMap":{"0":{"start":{"line":1,"column":15},"end":{"line":1,"column":32}},"1":{"start":{"line":2,"column":13},"end":{"line":2,"column":28}},"2":{"start":{"line":3,"column":11},"end":{"line":3,"column":24}},"3":{"start":{"line":5,"column":16},"end":{"line":29,"column":2}},"4":{"start":{"line":7,"column":17},"end":{"line":7,"column":26}},"5":{"start":{"line":9,"column":22},"end":{"line":9,"column":36}},"6":{"start":{"line":10,"column":4},"end":{"line":16,"column":5}},"7":{"start":{"line":11,"column":6},"end":{"line":11,"column":43}},"8":{"start":{"line":12,"column":11},"end":{"line":16,"column":5}},"9":{"start":{"line":13,"column":6},"end":{"line":13,"column":48}},"10":{"start":{"line":14,"column":11},"end":{"line":16,"column":5}},"11":{"start":{"line":15,"column":6},"end":{"line":15,"column":46}},"12":{"start":{"line":18,"column":22},"end":{"line":18,"column":60}},"13":{"start":{"line":20,"column":4},"end":{"line":22,"column":5}},"14":{"start":{"line":21,"column":6},"end":{"line":21,"column":51}},"15":{"start":{"line":24,"column":4},"end":{"line":24,"column":24}},"16":{"start":{"line":27,"column":4},"end":{"line":27,"column":64}},"17":{"start":{"line":31,"column":15},"end":{"line":31,"column":34}},"18":{"start":{"line":33,"column":0},"end":{"line":33,"column":24}}},"fnMap":{"0":{"name":"(anonymous_0)","decl":{"start":{"line":6,"column":15},"end":{"line":6,"column":16}},"loc":{"start":{"line":6,"column":34},"end":{"line":25,"column":3}},"line":6},"1":{"name":"(anonymous_1)","decl":{"start":{"line":26,"column":12},"end":{"line":26,"column":13}},"loc":{"start":{"line":26,"column":31},"end":{"line":28,"column":3}},"line":26}},"branchMap":{"0":{"loc":{"start":{"line":9,"column":22},"end":{"line":9,"column":36}},"type":"binary-expr","locations":[{"start":{"line":9,"column":22},"end":{"line":9,"column":30}},{"start":{"line":9,"column":34},"end":{"line":9,"column":36}}],"line":9},"1":{"loc":{"start":{"line":10,"column":4},"end":{"line":16,"column":5}},"type":"if","locations":[{"start":{"line":10,"column":4},"end":{"line":16,"column":5}},{"start":{"line":12,"column":11},"end":{"line":16,"column":5}}],"line":10},"2":{"loc":{"start":{"line":12,"column":11},"end":{"line":16,"column":5}},"type":"if","locations":[{"start":{"line":12,"column":11},"end":{"line":16,"column":5}},{"start":{"line":14,"column":11},"end":{"line":16,"column":5}}],"line":12},"3":{"loc":{"start":{"line":14,"column":11},"end":{"line":16,"column":5}},"type":"if","locations":[{"start":{"line":14,"column":11},"end":{"line":16,"column":5}},{"start":{},"end":{}}],"line":14},"4":{"loc":{"start":{"line":20,"column":4},"end":{"line":22,"column":5}},"type":"if","locations":[{"start":{"line":20,"column":4},"end":{"line":22,"column":5}},{"start":{},"end":{}}],"line":20}},"s":{"0":1,"1":1,"2":1,"3":1,"4":0,"5":0,"6":0,"7":0,"8":0,"9":0,"10":0,"11":0,"12":0,"13":0,"14":0,"15":0,"16":0,"17":1,"18":1},"f":{"0":0,"1":0},"b":{"0":[0,0],"1":[0,0],"2":[0,0],"3":[0,0],"4":[0,0]},"_coverageSchema":"1a1c01bbd47fc00a2c39e90264f33305004495a9","hash":"eceaffc26abd39bde74b665f2e1233e03119c4aa"}
,"C:\\Users\\chand\\FSD-Project\\Backend\\controllers\\NGO.controller.js": {"path":"C:\\Users\\chand\\FSD-Project\\Backend\\controllers\\NGO.controller.js","statementMap":{"0":{"start":{"line":1,"column":13},"end":{"line":1,"column":28}},"1":{"start":{"line":2,"column":15},"end":{"line":2,"column":32}},"2":{"start":{"line":4,"column":23},"end":{"line":4,"column":53}},"3":{"start":{"line":8,"column":4},"end":{"line":8,"column":35}},"4":{"start":{"line":9,"column":21},"end":{"line":9,"column":56}},"5":{"start":{"line":10,"column":21},"end":{"line":10,"column":39}},"6":{"start":{"line":13,"column":2},"end":{"line":13,"column":38}},"7":{"start":{"line":17,"column":2},"end":{"line":43,"column":3}},"8":{"start":{"line":18,"column":17},"end":{"line":18,"column":41}},"9":{"start":{"line":20,"column":25},"end":{"line":37,"column":5}},"10":{"start":{"line":22,"column":33},"end":{"line":22,"column":61}},"11":{"start":{"line":23,"column":35},"end":{"line":23,"column":63}},"12":{"start":{"line":24,"column":35},"end":{"line":24,"column":68}},"13":{"start":{"line":25,"column":35},"end":{"line":25,"column":68}},"14":{"start":{"line":27,"column":8},"end":{"line":35,"column":10}},"15":{"start":{"line":39,"column":4},"end":{"line":39,"column":27}},"16":{"start":{"line":41,"column":4},"end":{"line":41,"column":41}},"17":{"start":{"line":42,"column":4},"end":{"line":42,"column":18}},"18":{"start":{"line":47,"column":2},"end":{"line":74,"column":3}},"19":{"start":{"line":48,"column":27},"end":{"line":48,"column":67}},"20":{"start":{"line":50,"column":16},"end":{"line":61,"column":6}},"21":{"start":{"line":63,"column":4},"end":{"line":63,"column":21}},"22":{"start":{"line":65,"column":4},"end":{"line":68,"column":7}},"23":{"start":{"line":70,"column":4},"end":{"line":70,"column":23}},"24":{"start":{"line":72,"column":4},"end":{"line":72,"column":45}},"25":{"start":{"line":73,"column":4},"end":{"line":73,"column":16}},"26":{"start":{"line":78,"column":16},"end":{"line":78,"column":32}},"27":{"start":{"line":79,"column":2},"end":{"line":79,"column":45}},"28":{"start":{"line":81,"column":2},"end":{"line":86,"column":3}},"29":{"start":{"line":82,"column":4},"end":{"line":85,"column":7}},"30":{"start":{"line":88,"column":2},"end":{"line":107,"column":3}},"31":{"start":{"line":89,"column":21},"end":{"line":89,"column":48}},"32":{"start":{"line":90,"column":4},"end":{"line":90,"column":55}},"33":{"start":{"line":92,"column":16},"end":{"line":92,"column":68}},"34":{"start":{"line":94,"column":4},"end":{"line":98,"column":5}},"35":{"start":{"line":95,"column":18},"end":{"line":95,"column":53}},"36":{"start":{"line":96,"column":6},"end":{"line":96,"column":27}},"37":{"start":{"line":97,"column":6},"end":{"line":97,"column":23}},"38":{"start":{"line":100,"column":4},"end":{"line":103,"column":7}},"39":{"start":{"line":105,"column":4},"end":{"line":105,"column":52}},"40":{"start":{"line":106,"column":4},"end":{"line":106,"column":16}},"41":{"start":{"line":111,"column":2},"end":{"line":120,"column":3}},"42":{"start":{"line":112,"column":16},"end":{"line":112,"column":26}},"43":{"start":{"line":113,"column":4},"end":{"line":113,"column":29}},"44":{"start":{"line":114,"column":19},"end":{"line":114,"column":66}},"45":{"start":{"line":116,"column":4},"end":{"line":116,"column":21}},"46":{"start":{"line":118,"column":4},"end":{"line":118,"column":44}},"47":{"start":{"line":119,"column":4},"end":{"line":119,"column":20}},"48":{"start":{"line":124,"column":16},"end":{"line":124,"column":46}},"49":{"start":{"line":126,"column":2},"end":{"line":128,"column":3}},"50":{"start":{"line":127,"column":4},"end":{"line":127,"column":58}},"51":{"start":{"line":130,"column":2},"end":{"line":153,"column":3}},"52":{"start":{"line":131,"column":18},"end":{"line":131,"column":28}},"53":{"start":{"line":132,"column":27},"end":{"line":134,"column":68}},"54":{"start":{"line":136,"column":24},"end":{"line":136,"column":70}},"55":{"start":{"line":137,"column":25},"end":{"line":143,"column":6}},"56":{"start":{"line":139,"column":8},"end":{"line":141,"column":31}},"57":{"start":{"line":142,"column":6},"end":{"line":142,"column":40}},"58":{"start":{"line":145,"column":4},"end":{"line":149,"column":7}},"59":{"start":{"line":151,"column":4},"end":{"line":151,"column":49}},"60":{"start":{"line":152,"column":4},"end":{"line":152,"column":16}},"61":{"start":{"line":157,"column":2},"end":{"line":175,"column":3}},"62":{"start":{"line":158,"column":18},"end":{"line":158,"column":28}},"63":{"start":{"line":159,"column":27},"end":{"line":159,"column":60}},"64":{"start":{"line":161,"column":24},"end":{"line":161,"column":56}},"65":{"start":{"line":163,"column":25},"end":{"line":169,"column":6}},"66":{"start":{"line":165,"column":8},"end":{"line":167,"column":31}},"67":{"start":{"line":168,"column":6},"end":{"line":168,"column":40}},"68":{"start":{"line":171,"column":4},"end":{"line":171,"column":27}},"69":{"start":{"line":173,"column":4},"end":{"line":173,"column":49}},"70":{"start":{"line":174,"column":4},"end":{"line":174,"column":16}},"71":{"start":{"line":179,"column":16},"end":{"line":179,"column":32}},"72":{"start":{"line":180,"column":2},"end":{"line":180,"column":27}},"73":{"start":{"line":182,"column":2},"end":{"line":187,"column":3}},"74":{"start":{"line":183,"column":4},"end":{"line":186,"column":7}},"75":{"start":{"line":189,"column":58},"end":{"line":189,"column":66}},"76":{"start":{"line":191,"column":2},"end":{"line":221,"column":3}},"77":{"start":{"line":192,"column":23},"end":{"line":205,"column":5}},"78":{"start":{"line":207,"column":4},"end":{"line":211,"column":5}},"79":{"start":{"line":208,"column":18},"end":{"line":208,"column":53}},"80":{"start":{"line":209,"column":6},"end":{"line":209,"column":27}},"81":{"start":{"line":210,"column":6},"end":{"line":210,"column":23}},"82":{"start":{"line":213,"column":4},"end":{"line":217,"column":7}},"83":{"start":{"line":219,"column":4},"end":{"line":219,"column":70}},"84":{"start":{"line":220,"column":4},"end":{"line":220,"column":16}},"85":{"start":{"line":225,"column":16},"end":{"line":225,"column":32}},"86":{"start":{"line":227,"column":2},"end":{"line":233,"column":3}},"87":{"start":{"line":228,"column":4},"end":{"line":232,"column":7}},"88":{"start":{"line":236,"column":4},"end":{"line":236,"column":12}},"89":{"start":{"line":238,"column":2},"end":{"line":271,"column":3}},"90":{"start":{"line":239,"column":4},"end":{"line":243,"column":5}},"91":{"start":{"line":240,"column":6},"end":{"line":242,"column":70}},"92":{"start":{"line":245,"column":20},"end":{"line":245,"column":24}},"93":{"start":{"line":246,"column":4},"end":{"line":248,"column":5}},"94":{"start":{"line":247,"column":6},"end":{"line":247,"column":57}},"95":{"start":{"line":250,"column":21},"end":{"line":259,"column":6}},"96":{"start":{"line":261,"column":4},"end":{"line":261,"column":26}},"97":{"start":{"line":263,"column":4},"end":{"line":266,"column":7}},"98":{"start":{"line":268,"column":4},"end":{"line":268,"column":50}},"99":{"start":{"line":269,"column":4},"end":{"line":269,"column":70}},"100":{"start":{"line":270,"column":4},"end":{"line":270,"column":16}},"101":{"start":{"line":275,"column":16},"end":{"line":275,"column":46}},"102":{"start":{"line":277,"column":2},"end":{"line":279,"column":3}},"103":{"start":{"line":278,"column":4},"end":{"line":278,"column":58}},"104":{"start":{"line":288,"column":6},"end":{"line":288,"column":14}},"105":{"start":{"line":290,"column":2},"end":{"line":325,"column":3}},"106":{"start":{"line":291,"column":4},"end":{"line":296,"column":5}},"107":{"start":{"line":292,"column":6},"end":{"line":295,"column":9}},"108":{"start":{"line":298,"column":20},"end":{"line":298,"column":24}},"109":{"start":{"line":299,"column":4},"end":{"line":301,"column":5}},"110":{"start":{"line":300,"column":6},"end":{"line":300,"column":62}},"111":{"start":{"line":303,"column":26},"end":{"line":314,"column":6}},"112":{"start":{"line":316,"column":4},"end":{"line":316,"column":31}},"113":{"start":{"line":318,"column":4},"end":{"line":321,"column":7}},"114":{"start":{"line":323,"column":4},"end":{"line":323,"column":50}},"115":{"start":{"line":324,"column":4},"end":{"line":324,"column":16}},"116":{"start":{"line":329,"column":16},"end":{"line":329,"column":36}},"117":{"start":{"line":330,"column":16},"end":{"line":330,"column":32}},"118":{"start":{"line":332,"column":2},"end":{"line":337,"column":5}},"119":{"start":{"line":341,"column":2},"end":{"line":389,"column":3}},"120":{"start":{"line":342,"column":22},"end":{"line":342,"column":30}},"121":{"start":{"line":343,"column":19},"end":{"line":343,"column":30}},"122":{"start":{"line":344,"column":18},"end":{"line":344,"column":34}},"123":{"start":{"line":346,"column":25},"end":{"line":349,"column":6}},"124":{"start":{"line":351,"column":4},"end":{"line":353,"column":5}},"125":{"start":{"line":352,"column":6},"end":{"line":352,"column":67}},"126":{"start":{"line":355,"column":33},"end":{"line":359,"column":6}},"127":{"start":{"line":361,"column":4},"end":{"line":365,"column":5}},"128":{"start":{"line":362,"column":6},"end":{"line":364,"column":9}},"129":{"start":{"line":367,"column":32},"end":{"line":374,"column":6}},"130":{"start":{"line":376,"column":4},"end":{"line":376,"column":37}},"131":{"start":{"line":378,"column":4},"end":{"line":381,"column":6}},"132":{"start":{"line":383,"column":4},"end":{"line":385,"column":68}},"133":{"start":{"line":387,"column":4},"end":{"line":387,"column":45}},"134":{"start":{"line":388,"column":4},"end":{"line":388,"column":16}},"135":{"start":{"line":393,"column":16},"end":{"line":393,"column":46}},"136":{"start":{"line":395,"column":2},"end":{"line":397,"column":3}},"137":{"start":{"line":396,"column":4},"end":{"line":396,"column":58}},"138":{"start":{"line":399,"column":2},"end":{"line":409,"column":3}},"139":{"start":{"line":400,"column":22},"end":{"line":400,"column":45}},"140":{"start":{"line":402,"column":4},"end":{"line":405,"column":7}},"141":{"start":{"line":407,"column":4},"end":{"line":407,"column":64}},"142":{"start":{"line":408,"column":4},"end":{"line":408,"column":16}},"143":{"start":{"line":413,"column":16},"end":{"line":413,"column":46}},"144":{"start":{"line":414,"column":20},"end":{"line":414,"column":46}},"145":{"start":{"line":416,"column":2},"end":{"line":421,"column":5}},"146":{"start":{"line":425,"column":16},"end":{"line":425,"column":46}},"147":{"start":{"line":427,"column":2},"end":{"line":429,"column":3}},"148":{"start":{"line":428,"column":4},"end":{"line":428,"column":58}},"149":{"start":{"line":431,"column":2},"end":{"line":510,"column":3}},"150":{"start":{"line":432,"column":16},"end":{"line":432,"column":51}},"151":{"start":{"line":434,"column":4},"end":{"line":436,"column":5}},"152":{"start":{"line":435,"column":6},"end":{"line":435,"column":64}},"153":{"start":{"line":438,"column":17},"end":{"line":438,"column":28}},"154":{"start":{"line":440,"column":18},"end":{"line":440,"column":28}},"155":{"start":{"line":441,"column":27},"end":{"line":443,"column":68}},"156":{"start":{"line":445,"column":24},"end":{"line":445,"column":70}},"157":{"start":{"line":447,"column":25},"end":{"line":453,"column":6}},"158":{"start":{"line":449,"column":8},"end":{"line":451,"column":22}},"159":{"start":{"line":452,"column":6},"end":{"line":452,"column":33}},"160":{"start":{"line":455,"column":27},"end":{"line":461,"column":6}},"161":{"start":{"line":457,"column":8},"end":{"line":459,"column":22}},"162":{"start":{"line":460,"column":6},"end":{"line":460,"column":32}},"163":{"start":{"line":463,"column":19},"end":{"line":463,"column":53}},"164":{"start":{"line":465,"column":25},"end":{"line":471,"column":6}},"165":{"start":{"line":467,"column":8},"end":{"line":469,"column":24}},"166":{"start":{"line":470,"column":6},"end":{"line":470,"column":33}},"167":{"start":{"line":473,"column":28},"end":{"line":479,"column":6}},"168":{"start":{"line":475,"column":8},"end":{"line":477,"column":24}},"169":{"start":{"line":478,"column":6},"end":{"line":478,"column":32}},"170":{"start":{"line":481,"column":18},"end":{"line":494,"column":5}},"171":{"start":{"line":483,"column":18},"end":{"line":483,"column":43}},"172":{"start":{"line":487,"column":18},"end":{"line":487,"column":54}},"173":{"start":{"line":492,"column":31},"end":{"line":492,"column":44}},"174":{"start":{"line":496,"column":4},"end":{"line":506,"column":7}},"175":{"start":{"line":508,"column":4},"end":{"line":508,"column":68}},"176":{"start":{"line":509,"column":4},"end":{"line":509,"column":16}},"177":{"start":{"line":514,"column":16},"end":{"line":514,"column":46}},"178":{"start":{"line":516,"column":2},"end":{"line":518,"column":3}},"179":{"start":{"line":517,"column":4},"end":{"line":517,"column":58}},"180":{"start":{"line":528,"column":6},"end":{"line":528,"column":14}},"181":{"start":{"line":530,"column":2},"end":{"line":543,"column":3}},"182":{"start":{"line":531,"column":4},"end":{"line":537,"column":7}},"183":{"start":{"line":539,"column":4},"end":{"line":539,"column":44}},"184":{"start":{"line":541,"column":4},"end":{"line":541,"column":45}},"185":{"start":{"line":542,"column":4},"end":{"line":542,"column":16}},"186":{"start":{"line":547,"column":16},"end":{"line":547,"column":46}},"187":{"start":{"line":549,"column":2},"end":{"line":551,"column":3}},"188":{"start":{"line":550,"column":4},"end":{"line":550,"column":58}},"189":{"start":{"line":553,"column":2},"end":{"line":572,"column":3}},"190":{"start":{"line":554,"column":19},"end":{"line":554,"column":53}},"191":{"start":{"line":555,"column":25},"end":{"line":555,"column":27}},"192":{"start":{"line":557,"column":4},"end":{"line":560,"column":5}},"193":{"start":{"line":558,"column":22},"end":{"line":558,"column":69}},"194":{"start":{"line":559,"column":6},"end":{"line":559,"column":47}},"195":{"start":{"line":562,"column":4},"end":{"line":568,"column":7}},"196":{"start":{"line":570,"column":4},"end":{"line":570,"column":57}},"197":{"start":{"line":571,"column":4},"end":{"line":571,"column":16}},"198":{"start":{"line":575,"column":29},"end":{"line":629,"column":1}},"199":{"start":{"line":576,"column":17},"end":{"line":576,"column":27}},"200":{"start":{"line":578,"column":2},"end":{"line":628,"column":3}},"201":{"start":{"line":579,"column":16},"end":{"line":579,"column":65}},"202":{"start":{"line":580,"column":4},"end":{"line":581,"column":80}},"203":{"start":{"line":581,"column":6},"end":{"line":581,"column":80}},"204":{"start":{"line":583,"column":37},"end":{"line":590,"column":6}},"205":{"start":{"line":592,"column":24},"end":{"line":592,"column":77}},"206":{"start":{"line":592,"column":62},"end":{"line":592,"column":74}},"207":{"start":{"line":593,"column":22},"end":{"line":596,"column":12}},"208":{"start":{"line":598,"column":24},"end":{"line":601,"column":6}},"209":{"start":{"line":599,"column":19},"end":{"line":599,"column":71}},"210":{"start":{"line":599,"column":41},"end":{"line":599,"column":70}},"211":{"start":{"line":600,"column":6},"end":{"line":600,"column":90}},"212":{"start":{"line":603,"column":16},"end":{"line":603,"column":26}},"213":{"start":{"line":605,"column":30},"end":{"line":607,"column":5}},"214":{"start":{"line":606,"column":13},"end":{"line":606,"column":40}},"215":{"start":{"line":608,"column":28},"end":{"line":610,"column":5}},"216":{"start":{"line":609,"column":13},"end":{"line":609,"column":39}},"217":{"start":{"line":612,"column":27},"end":{"line":612,"column":78}},"218":{"start":{"line":612,"column":48},"end":{"line":612,"column":77}},"219":{"start":{"line":613,"column":23},"end":{"line":613,"column":73}},"220":{"start":{"line":613,"column":44},"end":{"line":613,"column":72}},"221":{"start":{"line":615,"column":4},"end":{"line":624,"column":7}},"222":{"start":{"line":626,"column":4},"end":{"line":626,"column":47}},"223":{"start":{"line":627,"column":4},"end":{"line":627,"column":70}},"224":{"start":{"line":634,"column":30},"end":{"line":634,"column":40}},"225":{"start":{"line":637,"column":2},"end":{"line":639,"column":3}},"226":{"start":{"line":638,"column":4},"end":{"line":638,"column":87}},"227":{"start":{"line":642,"column":2},"end":{"line":644,"column":3}},"228":{"start":{"line":643,"column":4},"end":{"line":643,"column":94}},"229":{"start":{"line":646,"column":2},"end":{"line":690,"column":3}},"230":{"start":{"line":647,"column":18},"end":{"line":647,"column":20}},"231":{"start":{"line":648,"column":27},"end":{"line":648,"column":29}},"232":{"start":{"line":650,"column":4},"end":{"line":684,"column":5}},"233":{"start":{"line":651,"column":25},"end":{"line":651,"column":93}},"234":{"start":{"line":652,"column":6},"end":{"line":652,"column":104}},"235":{"start":{"line":652,"column":23},"end":{"line":652,"column":104}},"236":{"start":{"line":654,"column":6},"end":{"line":659,"column":8}},"237":{"start":{"line":662,"column":11},"end":{"line":684,"column":5}},"238":{"start":{"line":663,"column":20},"end":{"line":663,"column":76}},"239":{"start":{"line":664,"column":6},"end":{"line":664,"column":94}},"240":{"start":{"line":664,"column":18},"end":{"line":664,"column":94}},"241":{"start":{"line":667,"column":28},"end":{"line":669,"column":15}},"242":{"start":{"line":671,"column":6},"end":{"line":676,"column":8}},"243":{"start":{"line":679,"column":6},"end":{"line":683,"column":10}},"244":{"start":{"line":679,"column":53},"end":{"line":683,"column":7}},"245":{"start":{"line":686,"column":4},"end":{"line":686,"column":80}},"246":{"start":{"line":688,"column":4},"end":{"line":688,"column":49}},"247":{"start":{"line":689,"column":4},"end":{"line":689,"column":16}},"248":{"start":{"line":692,"column":0},"end":{"line":712,"column":2}}},"fnMap":{"0":{"name":"getRegister","decl":{"start":{"line":12,"column":9},"end":{"line":12,"column":20}},"loc":{"start":{"line":12,"column":31},"end":{"line":14,"column":1}},"line":12},"1":{"name":"get_allngo","decl":{"start":{"line":16,"column":15},"end":{"line":16,"column":25}},"loc":{"start":{"line":16,"column":36},"end":{"line":44,"column":1}},"line":16},"2":{"name":"(anonymous_2)","decl":{"start":{"line":21,"column":15},"end":{"line":21,"column":16}},"loc":{"start":{"line":21,"column":30},"end":{"line":36,"column":7}},"line":21},"3":{"name":"register","decl":{"start":{"line":46,"column":15},"end":{"line":46,"column":23}},"loc":{"start":{"line":46,"column":40},"end":{"line":75,"column":1}},"line":46},"4":{"name":"getEditNGOProfile","decl":{"start":{"line":77,"column":15},"end":{"line":77,"column":32}},"loc":{"start":{"line":77,"column":49},"end":{"line":108,"column":1}},"line":77},"5":{"name":"getEvents","decl":{"start":{"line":110,"column":15},"end":{"line":110,"column":24}},"loc":{"start":{"line":110,"column":35},"end":{"line":121,"column":1}},"line":110},"6":{"name":"getFundraisers","decl":{"start":{"line":123,"column":15},"end":{"line":123,"column":29}},"loc":{"start":{"line":123,"column":40},"end":{"line":154,"column":1}},"line":123},"7":{"name":"(anonymous_7)","decl":{"start":{"line":137,"column":44},"end":{"line":137,"column":45}},"loc":{"start":{"line":137,"column":60},"end":{"line":143,"column":5}},"line":137},"8":{"name":"getallFundraisers","decl":{"start":{"line":156,"column":15},"end":{"line":156,"column":32}},"loc":{"start":{"line":156,"column":43},"end":{"line":176,"column":1}},"line":156},"9":{"name":"(anonymous_9)","decl":{"start":{"line":163,"column":44},"end":{"line":163,"column":45}},"loc":{"start":{"line":163,"column":60},"end":{"line":169,"column":5}},"line":163},"10":{"name":"editNGOProfile","decl":{"start":{"line":178,"column":15},"end":{"line":178,"column":29}},"loc":{"start":{"line":178,"column":46},"end":{"line":222,"column":1}},"line":178},"11":{"name":"createEvent","decl":{"start":{"line":224,"column":15},"end":{"line":224,"column":26}},"loc":{"start":{"line":224,"column":37},"end":{"line":272,"column":1}},"line":224},"12":{"name":"createFundraiser","decl":{"start":{"line":274,"column":15},"end":{"line":274,"column":31}},"loc":{"start":{"line":274,"column":47},"end":{"line":326,"column":1}},"line":274},"13":{"name":"getRegisterUser","decl":{"start":{"line":328,"column":9},"end":{"line":328,"column":24}},"loc":{"start":{"line":328,"column":35},"end":{"line":338,"column":1}},"line":328},"14":{"name":"registerUser","decl":{"start":{"line":340,"column":15},"end":{"line":340,"column":27}},"loc":{"start":{"line":340,"column":38},"end":{"line":390,"column":1}},"line":340},"15":{"name":"rendercreatefundraiser","decl":{"start":{"line":392,"column":15},"end":{"line":392,"column":37}},"loc":{"start":{"line":392,"column":48},"end":{"line":410,"column":1}},"line":392},"16":{"name":"render_donate_fundraiser","decl":{"start":{"line":412,"column":15},"end":{"line":412,"column":39}},"loc":{"start":{"line":412,"column":50},"end":{"line":422,"column":1}},"line":412},"17":{"name":"getNGO","decl":{"start":{"line":424,"column":15},"end":{"line":424,"column":21}},"loc":{"start":{"line":424,"column":32},"end":{"line":511,"column":1}},"line":424},"18":{"name":"(anonymous_18)","decl":{"start":{"line":447,"column":44},"end":{"line":447,"column":45}},"loc":{"start":{"line":447,"column":51},"end":{"line":453,"column":5}},"line":447},"19":{"name":"(anonymous_19)","decl":{"start":{"line":455,"column":46},"end":{"line":455,"column":47}},"loc":{"start":{"line":455,"column":53},"end":{"line":461,"column":5}},"line":455},"20":{"name":"(anonymous_20)","decl":{"start":{"line":465,"column":39},"end":{"line":465,"column":40}},"loc":{"start":{"line":465,"column":46},"end":{"line":471,"column":5}},"line":465},"21":{"name":"(anonymous_21)","decl":{"start":{"line":473,"column":42},"end":{"line":473,"column":43}},"loc":{"start":{"line":473,"column":49},"end":{"line":479,"column":5}},"line":473},"22":{"name":"(anonymous_22)","decl":{"start":{"line":483,"column":8},"end":{"line":483,"column":9}},"loc":{"start":{"line":483,"column":18},"end":{"line":483,"column":43}},"line":483},"23":{"name":"(anonymous_23)","decl":{"start":{"line":487,"column":8},"end":{"line":487,"column":9}},"loc":{"start":{"line":487,"column":18},"end":{"line":487,"column":54}},"line":487},"24":{"name":"(anonymous_24)","decl":{"start":{"line":492,"column":24},"end":{"line":492,"column":25}},"loc":{"start":{"line":492,"column":31},"end":{"line":492,"column":44}},"line":492},"25":{"name":"editEvent","decl":{"start":{"line":513,"column":15},"end":{"line":513,"column":24}},"loc":{"start":{"line":513,"column":35},"end":{"line":544,"column":1}},"line":513},"26":{"name":"renderEditEvent","decl":{"start":{"line":546,"column":15},"end":{"line":546,"column":30}},"loc":{"start":{"line":546,"column":41},"end":{"line":573,"column":1}},"line":546},"27":{"name":"(anonymous_27)","decl":{"start":{"line":575,"column":29},"end":{"line":575,"column":30}},"loc":{"start":{"line":575,"column":49},"end":{"line":629,"column":1}},"line":575},"28":{"name":"(anonymous_28)","decl":{"start":{"line":592,"column":55},"end":{"line":592,"column":56}},"loc":{"start":{"line":592,"column":62},"end":{"line":592,"column":74}},"line":592},"29":{"name":"(anonymous_29)","decl":{"start":{"line":598,"column":43},"end":{"line":598,"column":44}},"loc":{"start":{"line":598,"column":50},"end":{"line":601,"column":5}},"line":598},"30":{"name":"(anonymous_30)","decl":{"start":{"line":599,"column":34},"end":{"line":599,"column":35}},"loc":{"start":{"line":599,"column":41},"end":{"line":599,"column":70}},"line":599},"31":{"name":"(anonymous_31)","decl":{"start":{"line":606,"column":6},"end":{"line":606,"column":7}},"loc":{"start":{"line":606,"column":13},"end":{"line":606,"column":40}},"line":606},"32":{"name":"(anonymous_32)","decl":{"start":{"line":609,"column":6},"end":{"line":609,"column":7}},"loc":{"start":{"line":609,"column":13},"end":{"line":609,"column":39}},"line":609},"33":{"name":"(anonymous_33)","decl":{"start":{"line":612,"column":41},"end":{"line":612,"column":42}},"loc":{"start":{"line":612,"column":48},"end":{"line":612,"column":77}},"line":612},"34":{"name":"(anonymous_34)","decl":{"start":{"line":613,"column":37},"end":{"line":613,"column":38}},"loc":{"start":{"line":613,"column":44},"end":{"line":613,"column":72}},"line":613},"35":{"name":"getCampaignDetails","decl":{"start":{"line":633,"column":15},"end":{"line":633,"column":33}},"loc":{"start":{"line":633,"column":50},"end":{"line":691,"column":1}},"line":633},"36":{"name":"(anonymous_36)","decl":{"start":{"line":679,"column":43},"end":{"line":679,"column":44}},"loc":{"start":{"line":679,"column":53},"end":{"line":683,"column":7}},"line":679}},"branchMap":{"0":{"loc":{"start":{"line":30,"column":12},"end":{"line":30,"column":71}},"type":"cond-expr","locations":[{"start":{"line":30,"column":42},"end":{"line":30,"column":67}},{"start":{"line":30,"column":70},"end":{"line":30,"column":71}}],"line":30},"1":{"loc":{"start":{"line":32,"column":12},"end":{"line":32,"column":75}},"type":"cond-expr","locations":[{"start":{"line":32,"column":44},"end":{"line":32,"column":71}},{"start":{"line":32,"column":74},"end":{"line":32,"column":75}}],"line":32},"2":{"loc":{"start":{"line":81,"column":2},"end":{"line":86,"column":3}},"type":"if","locations":[{"start":{"line":81,"column":2},"end":{"line":86,"column":3}},{"start":{},"end":{}}],"line":81},"3":{"loc":{"start":{"line":81,"column":6},"end":{"line":81,"column":70}},"type":"binary-expr","locations":[{"start":{"line":81,"column":6},"end":{"line":81,"column":29}},{"start":{"line":81,"column":33},"end":{"line":81,"column":70}}],"line":81},"4":{"loc":{"start":{"line":92,"column":16},"end":{"line":92,"column":68}},"type":"cond-expr","locations":[{"start":{"line":92,"column":50},"end":{"line":92,"column":61}},{"start":{"line":92,"column":64},"end":{"line":92,"column":68}}],"line":92},"5":{"loc":{"start":{"line":92,"column":16},"end":{"line":92,"column":47}},"type":"binary-expr","locations":[{"start":{"line":92,"column":16},"end":{"line":92,"column":24}},{"start":{"line":92,"column":28},"end":{"line":92,"column":47}}],"line":92},"6":{"loc":{"start":{"line":94,"column":4},"end":{"line":98,"column":5}},"type":"if","locations":[{"start":{"line":94,"column":4},"end":{"line":98,"column":5}},{"start":{},"end":{}}],"line":94},"7":{"loc":{"start":{"line":126,"column":2},"end":{"line":128,"column":3}},"type":"if","locations":[{"start":{"line":126,"column":2},"end":{"line":128,"column":3}},{"start":{},"end":{}}],"line":126},"8":{"loc":{"start":{"line":126,"column":6},"end":{"line":126,"column":54}},"type":"binary-expr","locations":[{"start":{"line":126,"column":6},"end":{"line":126,"column":29}},{"start":{"line":126,"column":33},"end":{"line":126,"column":54}}],"line":126},"9":{"loc":{"start":{"line":139,"column":8},"end":{"line":141,"column":31}},"type":"cond-expr","locations":[{"start":{"line":140,"column":12},"end":{"line":140,"column":59}},{"start":{"line":141,"column":12},"end":{"line":141,"column":31}}],"line":139},"10":{"loc":{"start":{"line":165,"column":8},"end":{"line":167,"column":31}},"type":"cond-expr","locations":[{"start":{"line":166,"column":12},"end":{"line":166,"column":59}},{"start":{"line":167,"column":12},"end":{"line":167,"column":31}}],"line":165},"11":{"loc":{"start":{"line":182,"column":2},"end":{"line":187,"column":3}},"type":"if","locations":[{"start":{"line":182,"column":2},"end":{"line":187,"column":3}},{"start":{},"end":{}}],"line":182},"12":{"loc":{"start":{"line":182,"column":6},"end":{"line":182,"column":70}},"type":"binary-expr","locations":[{"start":{"line":182,"column":6},"end":{"line":182,"column":29}},{"start":{"line":182,"column":33},"end":{"line":182,"column":70}}],"line":182},"13":{"loc":{"start":{"line":207,"column":4},"end":{"line":211,"column":5}},"type":"if","locations":[{"start":{"line":207,"column":4},"end":{"line":211,"column":5}},{"start":{},"end":{}}],"line":207},"14":{"loc":{"start":{"line":227,"column":2},"end":{"line":233,"column":3}},"type":"if","locations":[{"start":{"line":227,"column":2},"end":{"line":233,"column":3}},{"start":{},"end":{}}],"line":227},"15":{"loc":{"start":{"line":227,"column":6},"end":{"line":227,"column":70}},"type":"binary-expr","locations":[{"start":{"line":227,"column":6},"end":{"line":227,"column":29}},{"start":{"line":227,"column":33},"end":{"line":227,"column":70}}],"line":227},"16":{"loc":{"start":{"line":239,"column":4},"end":{"line":243,"column":5}},"type":"if","locations":[{"start":{"line":239,"column":4},"end":{"line":243,"column":5}},{"start":{},"end":{}}],"line":239},"17":{"loc":{"start":{"line":246,"column":4},"end":{"line":248,"column":5}},"type":"if","locations":[{"start":{"line":246,"column":4},"end":{"line":248,"column":5}},{"start":{},"end":{}}],"line":246},"18":{"loc":{"start":{"line":277,"column":2},"end":{"line":279,"column":3}},"type":"if","locations":[{"start":{"line":277,"column":2},"end":{"line":279,"column":3}},{"start":{},"end":{}}],"line":277},"19":{"loc":{"start":{"line":277,"column":6},"end":{"line":277,"column":54}},"type":"binary-expr","locations":[{"start":{"line":277,"column":6},"end":{"line":277,"column":29}},{"start":{"line":277,"column":33},"end":{"line":277,"column":54}}],"line":277},"20":{"loc":{"start":{"line":291,"column":4},"end":{"line":296,"column":5}},"type":"if","locations":[{"start":{"line":291,"column":4},"end":{"line":296,"column":5}},{"start":{},"end":{}}],"line":291},"21":{"loc":{"start":{"line":299,"column":4},"end":{"line":301,"column":5}},"type":"if","locations":[{"start":{"line":299,"column":4},"end":{"line":301,"column":5}},{"start":{},"end":{}}],"line":299},"22":{"loc":{"start":{"line":312,"column":11},"end":{"line":312,"column":27}},"type":"binary-expr","locations":[{"start":{"line":312,"column":11},"end":{"line":312,"column":14}},{"start":{"line":312,"column":18},"end":{"line":312,"column":27}}],"line":312},"23":{"loc":{"start":{"line":351,"column":4},"end":{"line":353,"column":5}},"type":"if","locations":[{"start":{"line":351,"column":4},"end":{"line":353,"column":5}},{"start":{},"end":{}}],"line":351},"24":{"loc":{"start":{"line":361,"column":4},"end":{"line":365,"column":5}},"type":"if","locations":[{"start":{"line":361,"column":4},"end":{"line":365,"column":5}},{"start":{},"end":{}}],"line":361},"25":{"loc":{"start":{"line":395,"column":2},"end":{"line":397,"column":3}},"type":"if","locations":[{"start":{"line":395,"column":2},"end":{"line":397,"column":3}},{"start":{},"end":{}}],"line":395},"26":{"loc":{"start":{"line":395,"column":6},"end":{"line":395,"column":54}},"type":"binary-expr","locations":[{"start":{"line":395,"column":6},"end":{"line":395,"column":29}},{"start":{"line":395,"column":33},"end":{"line":395,"column":54}}],"line":395},"27":{"loc":{"start":{"line":427,"column":2},"end":{"line":429,"column":3}},"type":"if","locations":[{"start":{"line":427,"column":2},"end":{"line":429,"column":3}},{"start":{},"end":{}}],"line":427},"28":{"loc":{"start":{"line":427,"column":6},"end":{"line":427,"column":54}},"type":"binary-expr","locations":[{"start":{"line":427,"column":6},"end":{"line":427,"column":29}},{"start":{"line":427,"column":33},"end":{"line":427,"column":54}}],"line":427},"29":{"loc":{"start":{"line":434,"column":4},"end":{"line":436,"column":5}},"type":"if","locations":[{"start":{"line":434,"column":4},"end":{"line":436,"column":5}},{"start":{},"end":{}}],"line":434},"30":{"loc":{"start":{"line":449,"column":8},"end":{"line":451,"column":22}},"type":"cond-expr","locations":[{"start":{"line":450,"column":12},"end":{"line":450,"column":50}},{"start":{"line":451,"column":12},"end":{"line":451,"column":22}}],"line":449},"31":{"loc":{"start":{"line":457,"column":8},"end":{"line":459,"column":22}},"type":"cond-expr","locations":[{"start":{"line":458,"column":12},"end":{"line":458,"column":50}},{"start":{"line":459,"column":12},"end":{"line":459,"column":22}}],"line":457},"32":{"loc":{"start":{"line":467,"column":8},"end":{"line":469,"column":24}},"type":"cond-expr","locations":[{"start":{"line":468,"column":12},"end":{"line":468,"column":52}},{"start":{"line":469,"column":12},"end":{"line":469,"column":24}}],"line":467},"33":{"loc":{"start":{"line":475,"column":8},"end":{"line":477,"column":24}},"type":"cond-expr","locations":[{"start":{"line":476,"column":12},"end":{"line":476,"column":52}},{"start":{"line":477,"column":12},"end":{"line":477,"column":24}}],"line":475},"34":{"loc":{"start":{"line":483,"column":23},"end":{"line":483,"column":42}},"type":"binary-expr","locations":[{"start":{"line":483,"column":23},"end":{"line":483,"column":37}},{"start":{"line":483,"column":41},"end":{"line":483,"column":42}}],"line":483},"35":{"loc":{"start":{"line":487,"column":23},"end":{"line":487,"column":53}},"type":"binary-expr","locations":[{"start":{"line":487,"column":23},"end":{"line":487,"column":48}},{"start":{"line":487,"column":52},"end":{"line":487,"column":53}}],"line":487},"36":{"loc":{"start":{"line":516,"column":2},"end":{"line":518,"column":3}},"type":"if","locations":[{"start":{"line":516,"column":2},"end":{"line":518,"column":3}},{"start":{},"end":{}}],"line":516},"37":{"loc":{"start":{"line":516,"column":6},"end":{"line":516,"column":54}},"type":"binary-expr","locations":[{"start":{"line":516,"column":6},"end":{"line":516,"column":29}},{"start":{"line":516,"column":33},"end":{"line":516,"column":54}}],"line":516},"38":{"loc":{"start":{"line":532,"column":18},"end":{"line":532,"column":55}},"type":"binary-expr","locations":[{"start":{"line":532,"column":18},"end":{"line":532,"column":32}},{"start":{"line":532,"column":36},"end":{"line":532,"column":55}}],"line":532},"39":{"loc":{"start":{"line":549,"column":2},"end":{"line":551,"column":3}},"type":"if","locations":[{"start":{"line":549,"column":2},"end":{"line":551,"column":3}},{"start":{},"end":{}}],"line":549},"40":{"loc":{"start":{"line":549,"column":6},"end":{"line":549,"column":54}},"type":"binary-expr","locations":[{"start":{"line":549,"column":6},"end":{"line":549,"column":29}},{"start":{"line":549,"column":33},"end":{"line":549,"column":54}}],"line":549},"41":{"loc":{"start":{"line":580,"column":4},"end":{"line":581,"column":80}},"type":"if","locations":[{"start":{"line":580,"column":4},"end":{"line":581,"column":80}},{"start":{},"end":{}}],"line":580},"42":{"loc":{"start":{"line":600,"column":35},"end":{"line":600,"column":87}},"type":"cond-expr","locations":[{"start":{"line":600,"column":42},"end":{"line":600,"column":61}},{"start":{"line":600,"column":64},"end":{"line":600,"column":87}}],"line":600},"43":{"loc":{"start":{"line":637,"column":2},"end":{"line":639,"column":3}},"type":"if","locations":[{"start":{"line":637,"column":2},"end":{"line":639,"column":3}},{"start":{},"end":{}}],"line":637},"44":{"loc":{"start":{"line":637,"column":6},"end":{"line":637,"column":66}},"type":"binary-expr","locations":[{"start":{"line":637,"column":6},"end":{"line":637,"column":9}},{"start":{"line":637,"column":13},"end":{"line":637,"column":31}},{"start":{"line":637,"column":35},"end":{"line":637,"column":41}},{"start":{"line":637,"column":45},"end":{"line":637,"column":66}}],"line":637},"45":{"loc":{"start":{"line":642,"column":2},"end":{"line":644,"column":3}},"type":"if","locations":[{"start":{"line":642,"column":2},"end":{"line":644,"column":3}},{"start":{},"end":{}}],"line":642},"46":{"loc":{"start":{"line":642,"column":6},"end":{"line":642,"column":70}},"type":"binary-expr","locations":[{"start":{"line":642,"column":6},"end":{"line":642,"column":29}},{"start":{"line":642,"column":33},"end":{"line":642,"column":70}}],"line":642},"47":{"loc":{"start":{"line":650,"column":4},"end":{"line":684,"column":5}},"type":"if","locations":[{"start":{"line":650,"column":4},"end":{"line":684,"column":5}},{"start":{"line":662,"column":11},"end":{"line":684,"column":5}}],"line":650},"48":{"loc":{"start":{"line":652,"column":6},"end":{"line":652,"column":104}},"type":"if","locations":[{"start":{"line":652,"column":6},"end":{"line":652,"column":104}},{"start":{},"end":{}}],"line":652},"49":{"loc":{"start":{"line":657,"column":21},"end":{"line":657,"column":57}},"type":"binary-expr","locations":[{"start":{"line":657,"column":21},"end":{"line":657,"column":52}},{"start":{"line":657,"column":56},"end":{"line":657,"column":57}}],"line":657},"50":{"loc":{"start":{"line":658,"column":16},"end":{"line":658,"column":84}},"type":"cond-expr","locations":[{"start":{"line":658,"column":62},"end":{"line":658,"column":70}},{"start":{"line":658,"column":73},"end":{"line":658,"column":84}}],"line":658},"51":{"loc":{"start":{"line":662,"column":11},"end":{"line":684,"column":5}},"type":"if","locations":[{"start":{"line":662,"column":11},"end":{"line":684,"column":5}},{"start":{},"end":{}}],"line":662},"52":{"loc":{"start":{"line":664,"column":6},"end":{"line":664,"column":94}},"type":"if","locations":[{"start":{"line":664,"column":6},"end":{"line":664,"column":94}},{"start":{},"end":{}}],"line":664},"53":{"loc":{"start":{"line":674,"column":26},"end":{"line":674,"column":60}},"type":"binary-expr","locations":[{"start":{"line":674,"column":26},"end":{"line":674,"column":55}},{"start":{"line":674,"column":59},"end":{"line":674,"column":60}}],"line":674},"54":{"loc":{"start":{"line":675,"column":16},"end":{"line":675,"column":83}},"type":"cond-expr","locations":[{"start":{"line":675,"column":59},"end":{"line":675,"column":69}},{"start":{"line":675,"column":72},"end":{"line":675,"column":83}}],"line":675},"55":{"loc":{"start":{"line":680,"column":18},"end":{"line":680,"column":63}},"type":"cond-expr","locations":[{"start":{"line":680,"column":31},"end":{"line":680,"column":46}},{"start":{"line":680,"column":49},"end":{"line":680,"column":63}}],"line":680},"56":{"loc":{"start":{"line":681,"column":19},"end":{"line":681,"column":56}},"type":"cond-expr","locations":[{"start":{"line":681,"column":32},"end":{"line":681,"column":48}},{"start":{"line":681,"column":51},"end":{"line":681,"column":56}}],"line":681},"57":{"loc":{"start":{"line":682,"column":19},"end":{"line":682,"column":50}},"type":"binary-expr","locations":[{"start":{"line":682,"column":19},"end":{"line":682,"column":32}},{"start":{"line":682,"column":36},"end":{"line":682,"column":50}}],"line":682}},"s":{"0":1,"1":1,"2":1,"3":1,"4":1,"5":1,"6":0,"7":0,"8":0,"9":0,"10":0,"11":0,"12":0,"13":0,"14":0,"15":0,"16":0,"17":0,"18":0,"19":0,"20":0,"21":0,"22":0,"23":0,"24":0,"25":0,"26":0,"27":0,"28":0,"29":0,"30":0,"31":0,"32":0,"33":0,"34":0,"35":0,"36":0,"37":0,"38":0,"39":0,"40":0,"41":0,"42":0,"43":0,"44":0,"45":0,"46":0,"47":0,"48":0,"49":0,"50":0,"51":0,"52":0,"53":0,"54":0,"55":0,"56":0,"57":0,"58":0,"59":0,"60":0,"61":0,"62":0,"63":0,"64":0,"65":0,"66":0,"67":0,"68":0,"69":0,"70":0,"71":0,"72":0,"73":0,"74":0,"75":0,"76":0,"77":0,"78":0,"79":0,"80":0,"81":0,"82":0,"83":0,"84":0,"85":0,"86":0,"87":0,"88":0,"89":0,"90":0,"91":0,"92":0,"93":0,"94":0,"95":0,"96":0,"97":0,"98":0,"99":0,"100":0,"101":0,"102":0,"103":0,"104":0,"105":0,"106":0,"107":0,"108":0,"109":0,"110":0,"111":0,"112":0,"113":0,"114":0,"115":0,"116":0,"117":0,"118":0,"119":0,"120":0,"121":0,"122":0,"123":0,"124":0,"125":0,"126":0,"127":0,"128":0,"129":0,"130":0,"131":0,"132":0,"133":0,"134":0,"135":0,"136":0,"137":0,"138":0,"139":0,"140":0,"141":0,"142":0,"143":0,"144":0,"145":0,"146":0,"147":0,"148":0,"149":0,"150":0,"151":0,"152":0,"153":0,"154":0,"155":0,"156":0,"157":0,"158":0,"159":0,"160":0,"161":0,"162":0,"163":0,"164":0,"165":0,"166":0,"167":0,"168":0,"169":0,"170":0,"171":0,"172":0,"173":0,"174":0,"175":0,"176":0,"177":0,"178":0,"179":0,"180":0,"181":0,"182":0,"183":0,"184":0,"185":0,"186":0,"187":0,"188":0,"189":0,"190":0,"191":0,"192":0,"193":0,"194":0,"195":0,"196":0,"197":0,"198":1,"199":0,"200":0,"201":0,"202":0,"203":0,"204":0,"205":0,"206":0,"207":0,"208":0,"209":0,"210":0,"211":0,"212":0,"213":0,"214":0,"215":0,"216":0,"217":0,"218":0,"219":0,"220":0,"221":0,"222":0,"223":0,"224":0,"225":0,"226":0,"227":0,"228":0,"229":0,"230":0,"231":0,"232":0,"233":0,"234":0,"235":0,"236":0,"237":0,"238":0,"239":0,"240":0,"241":0,"242":0,"243":0,"244":0,"245":0,"246":0,"247":0,"248":1},"f":{"0":0,"1":0,"2":0,"3":0,"4":0,"5":0,"6":0,"7":0,"8":0,"9":0,"10":0,"11":0,"12":0,"13":0,"14":0,"15":0,"16":0,"17":0,"18":0,"19":0,"20":0,"21":0,"22":0,"23":0,"24":0,"25":0,"26":0,"27":0,"28":0,"29":0,"30":0,"31":0,"32":0,"33":0,"34":0,"35":0,"36":0},"b":{"0":[0,0],"1":[0,0],"2":[0,0],"3":[0,0],"4":[0,0],"5":[0,0],"6":[0,0],"7":[0,0],"8":[0,0],"9":[0,0],"10":[0,0],"11":[0,0],"12":[0,0],"13":[0,0],"14":[0,0],"15":[0,0],"16":[0,0],"17":[0,0],"18":[0,0],"19":[0,0],"20":[0,0],"21":[0,0],"22":[0,0],"23":[0,0],"24":[0,0],"25":[0,0],"26":[0,0],"27":[0,0],"28":[0,0],"29":[0,0],"30":[0,0],"31":[0,0],"32":[0,0],"33":[0,0],"34":[0,0],"35":[0,0],"36":[0,0],"37":[0,0],"38":[0,0],"39":[0,0],"40":[0,0],"41":[0,0],"42":[0,0],"43":[0,0],"44":[0,0,0,0],"45":[0,0],"46":[0,0],"47":[0,0],"48":[0,0],"49":[0,0],"50":[0,0],"51":[0,0],"52":[0,0],"53":[0,0],"54":[0,0],"55":[0,0],"56":[0,0],"57":[0,0]},"_coverageSchema":"1a1c01bbd47fc00a2c39e90264f33305004495a9","hash":"c1e8201f89bb38285a8bfe3dfb800fd03a20328e"}
,"C:\\Users\\chand\\FSD-Project\\Backend\\controllers\\admin.controller.js": {"path":"C:\\Users\\chand\\FSD-Project\\Backend\\controllers\\admin.controller.js","statementMap":{"0":{"start":{"line":1,"column":18},"end":{"line":1,"column":50}},"1":{"start":{"line":2,"column":23},"end":{"line":2,"column":53}},"2":{"start":{"line":3,"column":63},"end":{"line":3,"column":94}},"3":{"start":{"line":4,"column":36},"end":{"line":4,"column":71}},"4":{"start":{"line":5,"column":32},"end":{"line":5,"column":63}},"5":{"start":{"line":6,"column":19},"end":{"line":6,"column":40}},"6":{"start":{"line":8,"column":20},"end":{"line":14,"column":2}},"7":{"start":{"line":17,"column":2},"end":{"line":63,"column":3}},"8":{"start":{"line":29,"column":8},"end":{"line":40,"column":6}},"9":{"start":{"line":42,"column":21},"end":{"line":42,"column":65}},"10":{"start":{"line":43,"column":28},"end":{"line":48,"column":10}},"11":{"start":{"line":44,"column":22},"end":{"line":44,"column":116}},"12":{"start":{"line":45,"column":23},"end":{"line":45,"column":69}},"13":{"start":{"line":46,"column":8},"end":{"line":46,"column":57}},"14":{"start":{"line":47,"column":8},"end":{"line":47,"column":19}},"15":{"start":{"line":50,"column":4},"end":{"line":60,"column":7}},"16":{"start":{"line":59,"column":80},"end":{"line":59,"column":115}},"17":{"start":{"line":62,"column":4},"end":{"line":62,"column":16}},"18":{"start":{"line":66,"column":31},"end":{"line":105,"column":1}},"19":{"start":{"line":67,"column":4},"end":{"line":104,"column":5}},"20":{"start":{"line":68,"column":8},"end":{"line":68,"column":55}},"21":{"start":{"line":70,"column":37},"end":{"line":73,"column":10}},"22":{"start":{"line":75,"column":8},"end":{"line":75,"column":89}},"23":{"start":{"line":77,"column":25},"end":{"line":81,"column":46}},"24":{"start":{"line":78,"column":30},"end":{"line":78,"column":90}},"25":{"start":{"line":78,"column":52},"end":{"line":78,"column":89}},"26":{"start":{"line":79,"column":30},"end":{"line":79,"column":101}},"27":{"start":{"line":79,"column":59},"end":{"line":79,"column":97}},"28":{"start":{"line":80,"column":12},"end":{"line":80,"column":60}},"29":{"start":{"line":81,"column":26},"end":{"line":81,"column":45}},"30":{"start":{"line":83,"column":25},"end":{"line":83,"column":112}},"31":{"start":{"line":83,"column":55},"end":{"line":83,"column":108}},"32":{"start":{"line":85,"column":20},"end":{"line":85,"column":30}},"33":{"start":{"line":86,"column":24},"end":{"line":86,"column":107}},"34":{"start":{"line":86,"column":46},"end":{"line":86,"column":106}},"35":{"start":{"line":87,"column":25},"end":{"line":87,"column":76}},"36":{"start":{"line":87,"column":47},"end":{"line":87,"column":75}},"37":{"start":{"line":88,"column":26},"end":{"line":88,"column":77}},"38":{"start":{"line":88,"column":48},"end":{"line":88,"column":76}},"39":{"start":{"line":90,"column":29},"end":{"line":97,"column":9}},"40":{"start":{"line":99,"column":8},"end":{"line":99,"column":82}},"41":{"start":{"line":100,"column":8},"end":{"line":100,"column":43}},"42":{"start":{"line":102,"column":8},"end":{"line":102,"column":67}},"43":{"start":{"line":103,"column":8},"end":{"line":103,"column":73}},"44":{"start":{"line":109,"column":30},"end":{"line":140,"column":1}},"45":{"start":{"line":110,"column":4},"end":{"line":139,"column":5}},"46":{"start":{"line":111,"column":34},"end":{"line":111,"column":44}},"47":{"start":{"line":113,"column":30},"end":{"line":113,"column":86}},"48":{"start":{"line":115,"column":8},"end":{"line":117,"column":9}},"49":{"start":{"line":116,"column":12},"end":{"line":116,"column":81}},"50":{"start":{"line":120,"column":24},"end":{"line":120,"column":70}},"51":{"start":{"line":120,"column":59},"end":{"line":120,"column":67}},"52":{"start":{"line":123,"column":22},"end":{"line":123,"column":97}},"53":{"start":{"line":126,"column":33},"end":{"line":133,"column":10}},"54":{"start":{"line":127,"column":25},"end":{"line":127,"column":63}},"55":{"start":{"line":127,"column":41},"end":{"line":127,"column":62}},"56":{"start":{"line":128,"column":12},"end":{"line":132,"column":14}},"57":{"start":{"line":135,"column":8},"end":{"line":135,"column":66}},"58":{"start":{"line":137,"column":8},"end":{"line":137,"column":64}},"59":{"start":{"line":138,"column":8},"end":{"line":138,"column":93}},"60":{"start":{"line":144,"column":36},"end":{"line":187,"column":1}},"61":{"start":{"line":145,"column":4},"end":{"line":186,"column":5}},"62":{"start":{"line":146,"column":20},"end":{"line":146,"column":30}},"63":{"start":{"line":147,"column":74},"end":{"line":152,"column":10}},"64":{"start":{"line":154,"column":36},"end":{"line":163,"column":10}},"65":{"start":{"line":155,"column":24},"end":{"line":155,"column":78}},"66":{"start":{"line":155,"column":42},"end":{"line":155,"column":77}},"67":{"start":{"line":156,"column":25},"end":{"line":156,"column":94}},"68":{"start":{"line":156,"column":48},"end":{"line":156,"column":93}},"69":{"start":{"line":158,"column":12},"end":{"line":162,"column":14}},"70":{"start":{"line":165,"column":27},"end":{"line":170,"column":44}},"71":{"start":{"line":166,"column":26},"end":{"line":168,"column":66}},"72":{"start":{"line":167,"column":29},"end":{"line":167,"column":66}},"73":{"start":{"line":168,"column":36},"end":{"line":168,"column":62}},"74":{"start":{"line":169,"column":12},"end":{"line":169,"column":48}},"75":{"start":{"line":170,"column":26},"end":{"line":170,"column":43}},"76":{"start":{"line":172,"column":8},"end":{"line":182,"column":11}},"77":{"start":{"line":175,"column":66},"end":{"line":175,"column":93}},"78":{"start":{"line":175,"column":109},"end":{"line":175,"column":156}},"79":{"start":{"line":179,"column":57},"end":{"line":179,"column":84}},"80":{"start":{"line":180,"column":59},"end":{"line":180,"column":85}},"81":{"start":{"line":184,"column":8},"end":{"line":184,"column":70}},"82":{"start":{"line":185,"column":8},"end":{"line":185,"column":73}},"83":{"start":{"line":190,"column":28},"end":{"line":209,"column":1}},"84":{"start":{"line":191,"column":4},"end":{"line":208,"column":5}},"85":{"start":{"line":192,"column":39},"end":{"line":192,"column":49}},"86":{"start":{"line":193,"column":30},"end":{"line":193,"column":126}},"87":{"start":{"line":194,"column":24},"end":{"line":194,"column":70}},"88":{"start":{"line":194,"column":59},"end":{"line":194,"column":67}},"89":{"start":{"line":195,"column":22},"end":{"line":195,"column":97}},"90":{"start":{"line":197,"column":26},"end":{"line":204,"column":10}},"91":{"start":{"line":198,"column":26},"end":{"line":198,"column":64}},"92":{"start":{"line":198,"column":42},"end":{"line":198,"column":63}},"93":{"start":{"line":199,"column":12},"end":{"line":203,"column":14}},"94":{"start":{"line":205,"column":8},"end":{"line":205,"column":59}},"95":{"start":{"line":207,"column":8},"end":{"line":207,"column":73}},"96":{"start":{"line":211,"column":34},"end":{"line":244,"column":1}},"97":{"start":{"line":212,"column":4},"end":{"line":243,"column":5}},"98":{"start":{"line":213,"column":45},"end":{"line":216,"column":10}},"99":{"start":{"line":219,"column":31},"end":{"line":224,"column":44}},"100":{"start":{"line":220,"column":26},"end":{"line":222,"column":62}},"101":{"start":{"line":221,"column":29},"end":{"line":221,"column":77}},"102":{"start":{"line":222,"column":36},"end":{"line":222,"column":58}},"103":{"start":{"line":223,"column":12},"end":{"line":223,"column":85}},"104":{"start":{"line":224,"column":26},"end":{"line":224,"column":43}},"105":{"start":{"line":227,"column":29},"end":{"line":231,"column":14}},"106":{"start":{"line":228,"column":26},"end":{"line":228,"column":94}},"107":{"start":{"line":229,"column":12},"end":{"line":229,"column":62}},"108":{"start":{"line":230,"column":12},"end":{"line":230,"column":23}},"109":{"start":{"line":233,"column":8},"end":{"line":240,"column":11}},"110":{"start":{"line":237,"column":83},"end":{"line":237,"column":98}},"111":{"start":{"line":238,"column":63},"end":{"line":238,"column":85}},"112":{"start":{"line":242,"column":8},"end":{"line":242,"column":73}},"113":{"start":{"line":247,"column":26},"end":{"line":267,"column":1}},"114":{"start":{"line":248,"column":4},"end":{"line":266,"column":5}},"115":{"start":{"line":249,"column":31},"end":{"line":249,"column":41}},"116":{"start":{"line":250,"column":26},"end":{"line":250,"column":120}},"117":{"start":{"line":252,"column":24},"end":{"line":252,"column":66}},"118":{"start":{"line":252,"column":55},"end":{"line":252,"column":63}},"119":{"start":{"line":253,"column":22},"end":{"line":253,"column":97}},"120":{"start":{"line":255,"column":26},"end":{"line":262,"column":10}},"121":{"start":{"line":256,"column":26},"end":{"line":256,"column":64}},"122":{"start":{"line":256,"column":42},"end":{"line":256,"column":63}},"123":{"start":{"line":257,"column":12},"end":{"line":261,"column":14}},"124":{"start":{"line":263,"column":8},"end":{"line":263,"column":59}},"125":{"start":{"line":265,"column":8},"end":{"line":265,"column":73}},"126":{"start":{"line":274,"column":21},"end":{"line":281,"column":1}},"127":{"start":{"line":275,"column":4},"end":{"line":280,"column":5}},"128":{"start":{"line":276,"column":23},"end":{"line":276,"column":84}},"129":{"start":{"line":277,"column":8},"end":{"line":277,"column":56}},"130":{"start":{"line":279,"column":8},"end":{"line":279,"column":73}},"131":{"start":{"line":283,"column":32},"end":{"line":317,"column":1}},"132":{"start":{"line":284,"column":4},"end":{"line":316,"column":5}},"133":{"start":{"line":285,"column":27},"end":{"line":285,"column":37}},"134":{"start":{"line":286,"column":63},"end":{"line":291,"column":10}},"135":{"start":{"line":293,"column":8},"end":{"line":293,"column":95}},"136":{"start":{"line":293,"column":19},"end":{"line":293,"column":95}},"137":{"start":{"line":295,"column":27},"end":{"line":298,"column":9}},"138":{"start":{"line":296,"column":38},"end":{"line":296,"column":58}},"139":{"start":{"line":297,"column":40},"end":{"line":297,"column":56}},"140":{"start":{"line":300,"column":32},"end":{"line":300,"column":83}},"141":{"start":{"line":301,"column":28},"end":{"line":301,"column":75}},"142":{"start":{"line":301,"column":61},"end":{"line":301,"column":71}},"143":{"start":{"line":303,"column":8},"end":{"line":313,"column":11}},"144":{"start":{"line":315,"column":8},"end":{"line":315,"column":73}},"145":{"start":{"line":320,"column":29},"end":{"line":342,"column":1}},"146":{"start":{"line":321,"column":44},"end":{"line":321,"column":53}},"147":{"start":{"line":323,"column":4},"end":{"line":341,"column":5}},"148":{"start":{"line":324,"column":8},"end":{"line":324,"column":57}},"149":{"start":{"line":326,"column":8},"end":{"line":335,"column":11}},"150":{"start":{"line":337,"column":8},"end":{"line":337,"column":48}},"151":{"start":{"line":340,"column":8},"end":{"line":340,"column":73}},"152":{"start":{"line":345,"column":28},"end":{"line":352,"column":1}},"153":{"start":{"line":346,"column":4},"end":{"line":351,"column":5}},"154":{"start":{"line":347,"column":21},"end":{"line":347,"column":79}},"155":{"start":{"line":348,"column":8},"end":{"line":348,"column":54}},"156":{"start":{"line":350,"column":8},"end":{"line":350,"column":73}},"157":{"start":{"line":355,"column":30},"end":{"line":388,"column":1}},"158":{"start":{"line":356,"column":4},"end":{"line":387,"column":5}},"159":{"start":{"line":357,"column":26},"end":{"line":357,"column":36}},"160":{"start":{"line":358,"column":43},"end":{"line":362,"column":10}},"161":{"start":{"line":364,"column":8},"end":{"line":364,"column":92}},"162":{"start":{"line":364,"column":18},"end":{"line":364,"column":92}},"163":{"start":{"line":367,"column":31},"end":{"line":369,"column":15}},"164":{"start":{"line":368,"column":47},"end":{"line":368,"column":69}},"165":{"start":{"line":371,"column":37},"end":{"line":373,"column":15}},"166":{"start":{"line":372,"column":42},"end":{"line":372,"column":67}},"167":{"start":{"line":375,"column":8},"end":{"line":384,"column":11}},"168":{"start":{"line":386,"column":8},"end":{"line":386,"column":73}},"169":{"start":{"line":390,"column":27},"end":{"line":414,"column":1}},"170":{"start":{"line":391,"column":43},"end":{"line":391,"column":52}},"171":{"start":{"line":393,"column":4},"end":{"line":413,"column":5}},"172":{"start":{"line":394,"column":8},"end":{"line":394,"column":54}},"173":{"start":{"line":396,"column":8},"end":{"line":407,"column":11}},"174":{"start":{"line":409,"column":8},"end":{"line":409,"column":48}},"175":{"start":{"line":412,"column":8},"end":{"line":412,"column":73}},"176":{"start":{"line":416,"column":33},"end":{"line":423,"column":1}},"177":{"start":{"line":417,"column":4},"end":{"line":422,"column":5}},"178":{"start":{"line":418,"column":26},"end":{"line":418,"column":102}},"179":{"start":{"line":419,"column":8},"end":{"line":419,"column":59}},"180":{"start":{"line":421,"column":8},"end":{"line":421,"column":73}},"181":{"start":{"line":426,"column":35},"end":{"line":461,"column":1}},"182":{"start":{"line":427,"column":4},"end":{"line":460,"column":5}},"183":{"start":{"line":428,"column":31},"end":{"line":428,"column":41}},"184":{"start":{"line":429,"column":19},"end":{"line":429,"column":37}},"185":{"start":{"line":431,"column":51},"end":{"line":435,"column":10}},"186":{"start":{"line":437,"column":8},"end":{"line":437,"column":98}},"187":{"start":{"line":437,"column":19},"end":{"line":437,"column":98}},"188":{"start":{"line":440,"column":30},"end":{"line":440,"column":67}},"189":{"start":{"line":440,"column":49},"end":{"line":440,"column":66}},"190":{"start":{"line":441,"column":40},"end":{"line":443,"column":17}},"191":{"start":{"line":445,"column":37},"end":{"line":445,"column":110}},"192":{"start":{"line":445,"column":80},"end":{"line":445,"column":106}},"193":{"start":{"line":446,"column":33},"end":{"line":446,"column":94}},"194":{"start":{"line":446,"column":68},"end":{"line":446,"column":90}},"195":{"start":{"line":448,"column":8},"end":{"line":457,"column":11}},"196":{"start":{"line":455,"column":74},"end":{"line":455,"column":82}},"197":{"start":{"line":455,"column":121},"end":{"line":455,"column":129}},"198":{"start":{"line":459,"column":8},"end":{"line":459,"column":73}},"199":{"start":{"line":464,"column":32},"end":{"line":490,"column":1}},"200":{"start":{"line":465,"column":48},"end":{"line":465,"column":57}},"201":{"start":{"line":467,"column":4},"end":{"line":489,"column":5}},"202":{"start":{"line":468,"column":8},"end":{"line":468,"column":69}},"203":{"start":{"line":470,"column":8},"end":{"line":483,"column":11}},"204":{"start":{"line":485,"column":8},"end":{"line":485,"column":48}},"205":{"start":{"line":488,"column":8},"end":{"line":488,"column":73}},"206":{"start":{"line":492,"column":0},"end":{"line":509,"column":2}}},"fnMap":{"0":{"name":"Getadmin","decl":{"start":{"line":16,"column":15},"end":{"line":16,"column":23}},"loc":{"start":{"line":16,"column":40},"end":{"line":64,"column":1}},"line":16},"1":{"name":"(anonymous_1)","decl":{"start":{"line":43,"column":44},"end":{"line":43,"column":45}},"loc":{"start":{"line":43,"column":59},"end":{"line":48,"column":5}},"line":43},"2":{"name":"(anonymous_2)","decl":{"start":{"line":59,"column":59},"end":{"line":59,"column":60}},"loc":{"start":{"line":59,"column":80},"end":{"line":59,"column":115}},"line":59},"3":{"name":"(anonymous_3)","decl":{"start":{"line":66,"column":31},"end":{"line":66,"column":32}},"loc":{"start":{"line":66,"column":51},"end":{"line":105,"column":1}},"line":66},"4":{"name":"(anonymous_4)","decl":{"start":{"line":77,"column":37},"end":{"line":77,"column":38}},"loc":{"start":{"line":77,"column":44},"end":{"line":81,"column":9}},"line":77},"5":{"name":"(anonymous_5)","decl":{"start":{"line":78,"column":47},"end":{"line":78,"column":48}},"loc":{"start":{"line":78,"column":52},"end":{"line":78,"column":89}},"line":78},"6":{"name":"(anonymous_6)","decl":{"start":{"line":79,"column":47},"end":{"line":79,"column":48}},"loc":{"start":{"line":79,"column":59},"end":{"line":79,"column":97}},"line":79},"7":{"name":"(anonymous_7)","decl":{"start":{"line":81,"column":16},"end":{"line":81,"column":17}},"loc":{"start":{"line":81,"column":26},"end":{"line":81,"column":45}},"line":81},"8":{"name":"(anonymous_8)","decl":{"start":{"line":83,"column":45},"end":{"line":83,"column":46}},"loc":{"start":{"line":83,"column":55},"end":{"line":83,"column":108}},"line":83},"9":{"name":"(anonymous_9)","decl":{"start":{"line":86,"column":41},"end":{"line":86,"column":42}},"loc":{"start":{"line":86,"column":46},"end":{"line":86,"column":106}},"line":86},"10":{"name":"(anonymous_10)","decl":{"start":{"line":87,"column":42},"end":{"line":87,"column":43}},"loc":{"start":{"line":87,"column":47},"end":{"line":87,"column":75}},"line":87},"11":{"name":"(anonymous_11)","decl":{"start":{"line":88,"column":43},"end":{"line":88,"column":44}},"loc":{"start":{"line":88,"column":48},"end":{"line":88,"column":76}},"line":88},"12":{"name":"(anonymous_12)","decl":{"start":{"line":109,"column":30},"end":{"line":109,"column":31}},"loc":{"start":{"line":109,"column":50},"end":{"line":140,"column":1}},"line":109},"13":{"name":"(anonymous_13)","decl":{"start":{"line":120,"column":54},"end":{"line":120,"column":55}},"loc":{"start":{"line":120,"column":59},"end":{"line":120,"column":67}},"line":120},"14":{"name":"(anonymous_14)","decl":{"start":{"line":126,"column":51},"end":{"line":126,"column":52}},"loc":{"start":{"line":126,"column":56},"end":{"line":133,"column":9}},"line":126},"15":{"name":"(anonymous_15)","decl":{"start":{"line":127,"column":36},"end":{"line":127,"column":37}},"loc":{"start":{"line":127,"column":41},"end":{"line":127,"column":62}},"line":127},"16":{"name":"(anonymous_16)","decl":{"start":{"line":144,"column":36},"end":{"line":144,"column":37}},"loc":{"start":{"line":144,"column":56},"end":{"line":187,"column":1}},"line":144},"17":{"name":"(anonymous_17)","decl":{"start":{"line":154,"column":55},"end":{"line":154,"column":56}},"loc":{"start":{"line":154,"column":60},"end":{"line":163,"column":9}},"line":154},"18":{"name":"(anonymous_18)","decl":{"start":{"line":155,"column":37},"end":{"line":155,"column":38}},"loc":{"start":{"line":155,"column":42},"end":{"line":155,"column":77}},"line":155},"19":{"name":"(anonymous_19)","decl":{"start":{"line":156,"column":43},"end":{"line":156,"column":44}},"loc":{"start":{"line":156,"column":48},"end":{"line":156,"column":93}},"line":156},"20":{"name":"(anonymous_20)","decl":{"start":{"line":165,"column":39},"end":{"line":165,"column":40}},"loc":{"start":{"line":165,"column":46},"end":{"line":170,"column":9}},"line":165},"21":{"name":"(anonymous_21)","decl":{"start":{"line":167,"column":24},"end":{"line":167,"column":25}},"loc":{"start":{"line":167,"column":29},"end":{"line":167,"column":66}},"line":167},"22":{"name":"(anonymous_22)","decl":{"start":{"line":168,"column":24},"end":{"line":168,"column":25}},"loc":{"start":{"line":168,"column":36},"end":{"line":168,"column":62}},"line":168},"23":{"name":"(anonymous_23)","decl":{"start":{"line":170,"column":16},"end":{"line":170,"column":17}},"loc":{"start":{"line":170,"column":26},"end":{"line":170,"column":43}},"line":170},"24":{"name":"(anonymous_24)","decl":{"start":{"line":175,"column":61},"end":{"line":175,"column":62}},"loc":{"start":{"line":175,"column":66},"end":{"line":175,"column":93}},"line":175},"25":{"name":"(anonymous_25)","decl":{"start":{"line":175,"column":100},"end":{"line":175,"column":101}},"loc":{"start":{"line":175,"column":109},"end":{"line":175,"column":156}},"line":175},"26":{"name":"(anonymous_26)","decl":{"start":{"line":179,"column":52},"end":{"line":179,"column":53}},"loc":{"start":{"line":179,"column":57},"end":{"line":179,"column":84}},"line":179},"27":{"name":"(anonymous_27)","decl":{"start":{"line":180,"column":54},"end":{"line":180,"column":55}},"loc":{"start":{"line":180,"column":59},"end":{"line":180,"column":85}},"line":180},"28":{"name":"(anonymous_28)","decl":{"start":{"line":190,"column":28},"end":{"line":190,"column":29}},"loc":{"start":{"line":190,"column":48},"end":{"line":209,"column":1}},"line":190},"29":{"name":"(anonymous_29)","decl":{"start":{"line":194,"column":54},"end":{"line":194,"column":55}},"loc":{"start":{"line":194,"column":59},"end":{"line":194,"column":67}},"line":194},"30":{"name":"(anonymous_30)","decl":{"start":{"line":197,"column":44},"end":{"line":197,"column":45}},"loc":{"start":{"line":197,"column":49},"end":{"line":204,"column":9}},"line":197},"31":{"name":"(anonymous_31)","decl":{"start":{"line":198,"column":37},"end":{"line":198,"column":38}},"loc":{"start":{"line":198,"column":42},"end":{"line":198,"column":63}},"line":198},"32":{"name":"(anonymous_32)","decl":{"start":{"line":211,"column":34},"end":{"line":211,"column":35}},"loc":{"start":{"line":211,"column":54},"end":{"line":244,"column":1}},"line":211},"33":{"name":"(anonymous_33)","decl":{"start":{"line":219,"column":48},"end":{"line":219,"column":49}},"loc":{"start":{"line":219,"column":56},"end":{"line":224,"column":9}},"line":219},"34":{"name":"(anonymous_34)","decl":{"start":{"line":221,"column":24},"end":{"line":221,"column":25}},"loc":{"start":{"line":221,"column":29},"end":{"line":221,"column":77}},"line":221},"35":{"name":"(anonymous_35)","decl":{"start":{"line":222,"column":24},"end":{"line":222,"column":25}},"loc":{"start":{"line":222,"column":36},"end":{"line":222,"column":58}},"line":222},"36":{"name":"(anonymous_36)","decl":{"start":{"line":224,"column":16},"end":{"line":224,"column":17}},"loc":{"start":{"line":224,"column":26},"end":{"line":224,"column":43}},"line":224},"37":{"name":"(anonymous_37)","decl":{"start":{"line":227,"column":49},"end":{"line":227,"column":50}},"loc":{"start":{"line":227,"column":61},"end":{"line":231,"column":9}},"line":227},"38":{"name":"(anonymous_38)","decl":{"start":{"line":237,"column":63},"end":{"line":237,"column":64}},"loc":{"start":{"line":237,"column":83},"end":{"line":237,"column":98}},"line":237},"39":{"name":"(anonymous_39)","decl":{"start":{"line":238,"column":51},"end":{"line":238,"column":52}},"loc":{"start":{"line":238,"column":63},"end":{"line":238,"column":85}},"line":238},"40":{"name":"(anonymous_40)","decl":{"start":{"line":247,"column":26},"end":{"line":247,"column":27}},"loc":{"start":{"line":247,"column":46},"end":{"line":267,"column":1}},"line":247},"41":{"name":"(anonymous_41)","decl":{"start":{"line":252,"column":50},"end":{"line":252,"column":51}},"loc":{"start":{"line":252,"column":55},"end":{"line":252,"column":63}},"line":252},"42":{"name":"(anonymous_42)","decl":{"start":{"line":255,"column":40},"end":{"line":255,"column":41}},"loc":{"start":{"line":255,"column":45},"end":{"line":262,"column":9}},"line":255},"43":{"name":"(anonymous_43)","decl":{"start":{"line":256,"column":37},"end":{"line":256,"column":38}},"loc":{"start":{"line":256,"column":42},"end":{"line":256,"column":63}},"line":256},"44":{"name":"(anonymous_44)","decl":{"start":{"line":274,"column":21},"end":{"line":274,"column":22}},"loc":{"start":{"line":274,"column":41},"end":{"line":281,"column":1}},"line":274},"45":{"name":"(anonymous_45)","decl":{"start":{"line":283,"column":32},"end":{"line":283,"column":33}},"loc":{"start":{"line":283,"column":52},"end":{"line":317,"column":1}},"line":283},"46":{"name":"(anonymous_46)","decl":{"start":{"line":296,"column":33},"end":{"line":296,"column":34}},"loc":{"start":{"line":296,"column":38},"end":{"line":296,"column":58}},"line":296},"47":{"name":"(anonymous_47)","decl":{"start":{"line":297,"column":35},"end":{"line":297,"column":36}},"loc":{"start":{"line":297,"column":40},"end":{"line":297,"column":56}},"line":297},"48":{"name":"(anonymous_48)","decl":{"start":{"line":301,"column":46},"end":{"line":301,"column":47}},"loc":{"start":{"line":301,"column":61},"end":{"line":301,"column":71}},"line":301},"49":{"name":"(anonymous_49)","decl":{"start":{"line":320,"column":29},"end":{"line":320,"column":30}},"loc":{"start":{"line":320,"column":49},"end":{"line":342,"column":1}},"line":320},"50":{"name":"(anonymous_50)","decl":{"start":{"line":345,"column":28},"end":{"line":345,"column":29}},"loc":{"start":{"line":345,"column":48},"end":{"line":352,"column":1}},"line":345},"51":{"name":"(anonymous_51)","decl":{"start":{"line":355,"column":30},"end":{"line":355,"column":31}},"loc":{"start":{"line":355,"column":50},"end":{"line":388,"column":1}},"line":355},"52":{"name":"(anonymous_52)","decl":{"start":{"line":368,"column":42},"end":{"line":368,"column":43}},"loc":{"start":{"line":368,"column":47},"end":{"line":368,"column":69}},"line":368},"53":{"name":"(anonymous_53)","decl":{"start":{"line":372,"column":37},"end":{"line":372,"column":38}},"loc":{"start":{"line":372,"column":42},"end":{"line":372,"column":67}},"line":372},"54":{"name":"(anonymous_54)","decl":{"start":{"line":390,"column":27},"end":{"line":390,"column":28}},"loc":{"start":{"line":390,"column":47},"end":{"line":414,"column":1}},"line":390},"55":{"name":"(anonymous_55)","decl":{"start":{"line":416,"column":33},"end":{"line":416,"column":34}},"loc":{"start":{"line":416,"column":53},"end":{"line":423,"column":1}},"line":416},"56":{"name":"(anonymous_56)","decl":{"start":{"line":426,"column":35},"end":{"line":426,"column":36}},"loc":{"start":{"line":426,"column":55},"end":{"line":461,"column":1}},"line":426},"57":{"name":"(anonymous_57)","decl":{"start":{"line":440,"column":44},"end":{"line":440,"column":45}},"loc":{"start":{"line":440,"column":49},"end":{"line":440,"column":66}},"line":440},"58":{"name":"(anonymous_58)","decl":{"start":{"line":445,"column":68},"end":{"line":445,"column":69}},"loc":{"start":{"line":445,"column":80},"end":{"line":445,"column":106}},"line":445},"59":{"name":"(anonymous_59)","decl":{"start":{"line":446,"column":56},"end":{"line":446,"column":57}},"loc":{"start":{"line":446,"column":68},"end":{"line":446,"column":90}},"line":446},"60":{"name":"(anonymous_60)","decl":{"start":{"line":
[...]
mn":0},"end":{"line":136,"column":2}},"24":{"start":{"line":112,"column":22},"end":{"line":112,"column":32}},"25":{"start":{"line":114,"column":19},"end":{"line":133,"column":4}},"26":{"start":{"line":135,"column":2},"end":{"line":135,"column":18}},"27":{"start":{"line":138,"column":41},"end":{"line":169,"column":2}},"28":{"start":{"line":171,"column":0},"end":{"line":176,"column":2}},"29":{"start":{"line":172,"column":22},"end":{"line":174,"column":33}},"30":{"start":{"line":175,"column":2},"end":{"line":175,"column":21}},"31":{"start":{"line":178,"column":33},"end":{"line":225,"column":2}},"32":{"start":{"line":227,"column":26},"end":{"line":251,"column":2}},"33":{"start":{"line":253,"column":24},"end":{"line":278,"column":2}},"34":{"start":{"line":280,"column":0},"end":{"line":286,"column":2}},"35":{"start":{"line":281,"column":19},"end":{"line":284,"column":13}},"36":{"start":{"line":285,"column":2},"end":{"line":285,"column":18}},"37":{"start":{"line":288,"column":0},"end":{"line":295,"column":2}},"38":{"start":{"line":289,"column":22},"end":{"line":289,"column":32}},"39":{"start":{"line":290,"column":22},"end":{"line":293,"column":4}},"40":{"start":{"line":294,"column":2},"end":{"line":294,"column":21}},"41":{"start":{"line":297,"column":13},"end":{"line":297,"column":49}},"42":{"start":{"line":298,"column":26},"end":{"line":301,"column":1}},"43":{"start":{"line":302,"column":28},"end":{"line":305,"column":1}},"44":{"start":{"line":306,"column":34},"end":{"line":309,"column":1}},"45":{"start":{"line":311,"column":25},"end":{"line":311,"column":78}},"46":{"start":{"line":313,"column":21},"end":{"line":313,"column":68}},"47":{"start":{"line":315,"column":0},"end":{"line":322,"column":2}}},"fnMap":{"0":{"name":"(anonymous_0)","decl":{"start":{"line":31,"column":37},"end":{"line":31,"column":38}},"loc":{"start":{"line":31,"column":60},"end":{"line":34,"column":1}},"line":31},"1":{"name":"(anonymous_1)","decl":{"start":{"line":36,"column":38},"end":{"line":36,"column":39}},"loc":{"start":{"line":36,"column":56},"end":{"line":38,"column":1}},"line":36},"2":{"name":"(anonymous_2)","decl":{"start":{"line":40,"column":29},"end":{"line":40,"column":30}},"loc":{"start":{"line":40,"column":47},"end":{"line":45,"column":1}},"line":40},"3":{"name":"(anonymous_3)","decl":{"start":{"line":47,"column":30},"end":{"line":47,"column":31}},"loc":{"start":{"line":47,"column":54},"end":{"line":51,"column":1}},"line":47},"4":{"name":"(anonymous_4)","decl":{"start":{"line":82,"column":41},"end":{"line":82,"column":42}},"loc":{"start":{"line":82,"column":65},"end":{"line":109,"column":1}},"line":82},"5":{"name":"(anonymous_5)","decl":{"start":{"line":111,"column":37},"end":{"line":111,"column":38}},"loc":{"start":{"line":111,"column":61},"end":{"line":136,"column":1}},"line":111},"6":{"name":"(anonymous_6)","decl":{"start":{"line":171,"column":45},"end":{"line":171,"column":46}},"loc":{"start":{"line":171,"column":69},"end":{"line":176,"column":1}},"line":171},"7":{"name":"(anonymous_7)","decl":{"start":{"line":280,"column":42},"end":{"line":280,"column":43}},"loc":{"start":{"line":280,"column":66},"end":{"line":286,"column":1}},"line":280},"8":{"name":"(anonymous_8)","decl":{"start":{"line":288,"column":34},"end":{"line":288,"column":35}},"loc":{"start":{"line":288,"column":58},"end":{"line":295,"column":1}},"line":288}},"branchMap":{},"s":{"0":1,"1":1,"2":1,"3":1,"4":1,"5":1,"6":2,"7":2,"8":1,"9":0,"10":1,"11":0,"12":0,"13":0,"14":1,"15":0,"16":0,"17":0,"18":1,"19":1,"20":0,"21":0,"22":0,"23":1,"24":0,"25":0,"26":0,"27":1,"28":1,"29":0,"30":0,"31":1,"32":1,"33":1,"34":1,"35":0,"36":0,"37":1,"38":0,"39":0,"40":0,"41":1,"42":1,"43":1,"44":1,"45":1,"46":1,"47":1},"f":{"0":2,"1":0,"2":0,"3":0,"4":0,"5":0,"6":0,"7":0,"8":0},"b":{},"_coverageSchema":"1a1c01bbd47fc00a2c39e90264f33305004495a9","hash":"19bb0cb76bae4437d594f1c969da0318b570d59a"}
,"C:\\Users\\chand\\FSD-Project\\Backend\\routes\\NGO.routes.js": {"path":"C:\\Users\\chand\\FSD-Project\\Backend\\routes\\NGO.routes.js","statementMap":{"0":{"start":{"line":1,"column":16},"end":{"line":1,"column":34}},"1":{"start":{"line":2,"column":15},"end":{"line":2,"column":31}},"2":{"start":{"line":4,"column":22},"end":{"line":4,"column":62}},"3":{"start":{"line":5,"column":15},"end":{"line":5,"column":41}},"4":{"start":{"line":7,"column":21},"end":{"line":7,"column":62}},"5":{"start":{"line":8,"column":23},"end":{"line":8,"column":64}},"6":{"start":{"line":10,"column":21},"end":{"line":10,"column":56}},"7":{"start":{"line":12,"column":0},"end":{"line":12,"column":57}},"8":{"start":{"line":14,"column":0},"end":{"line":14,"column":60}},"9":{"start":{"line":16,"column":0},"end":{"line":21,"column":2}},"10":{"start":{"line":23,"column":0},"end":{"line":29,"column":2}},"11":{"start":{"line":31,"column":0},"end":{"line":37,"column":2}},"12":{"start":{"line":54,"column":0},"end":{"line":54,"column":50}},"13":{"start":{"line":56,"column":0},"end":{"line":63,"column":3}},"14":{"start":{"line":57,"column":2},"end":{"line":62,"column":3}},"15":{"start":{"line":58,"column":22},"end":{"line":58,"column":74}},"16":{"start":{"line":59,"column":4},"end":{"line":59,"column":24}},"17":{"start":{"line":61,"column":4},"end":{"line":61,"column":65}},"18":{"start":{"line":65,"column":0},"end":{"line":70,"column":2}},"19":{"start":{"line":72,"column":0},"end":{"line":77,"column":2}},"20":{"start":{"line":79,"column":0},"end":{"line":84,"column":2}},"21":{"start":{"line":86,"column":0},"end":{"line":86,"column":51}},"22":{"start":{"line":88,"column":0},"end":{"line":93,"column":2}},"23":{"start":{"line":95,"column":0},"end":{"line":95,"column":72}},"24":{"start":{"line":97,"column":0},"end":{"line":97,"column":24}}},"fnMap":{"0":{"name":"(anonymous_0)","decl":{"start":{"line":56,"column":34},"end":{"line":56,"column":35}},"loc":{"start":{"line":56,"column":54},"end":{"line":63,"column":1}},"line":56}},"branchMap":{},"s":{"0":1,"1":1,"2":1,"3":1,"4":1,"5":1,"6":1,"7":1,"8":1,"9":1,"10":1,"11":1,"12":1,"13":1,"14":0,"15":0,"16":0,"17":0,"18":1,"19":1,"20":1,"21":1,"22":1,"23":1,"24":1},"f":{"0":0},"b":{},"_coverageSchema":"1a1c01bbd47fc00a2c39e90264f33305004495a9","hash":"51c2441eefb56007444479c3ebd02a4be58a9d70"}
,"C:\\Users\\chand\\FSD-Project\\Backend\\routes\\admin.routes.js": {"path":"C:\\Users\\chand\\FSD-Project\\Backend\\routes\\admin.routes.js","statementMap":{"0":{"start":{"line":1,"column":16},"end":{"line":1,"column":34}},"1":{"start":{"line":2,"column":15},"end":{"line":2,"column":31}},"2":{"start":{"line":4,"column":18},"end":{"line":4,"column":60}},"3":{"start":{"line":5,"column":21},"end":{"line":5,"column":62}},"4":{"start":{"line":6,"column":23},"end":{"line":6,"column":64}},"5":{"start":{"line":8,"column":0},"end":{"line":13,"column":2}},"6":{"start":{"line":15,"column":0},"end":{"line":15,"column":56}},"7":{"start":{"line":17,"column":0},"end":{"line":18,"column":61}},"8":{"start":{"line":20,"column":0},"end":{"line":21,"column":66}},"9":{"start":{"line":23,"column":0},"end":{"line":24,"column":57}},"10":{"start":{"line":26,"column":0},"end":{"line":27,"column":63}},"11":{"start":{"line":29,"column":0},"end":{"line":30,"column":56}},"12":{"start":{"line":33,"column":0},"end":{"line":34,"column":60}},"13":{"start":{"line":36,"column":0},"end":{"line":37,"column":51}},"14":{"start":{"line":39,"column":0},"end":{"line":40,"column":62}},"15":{"start":{"line":42,"column":0},"end":{"line":43,"column":59}},"16":{"start":{"line":45,"column":0},"end":{"line":46,"column":57}},"17":{"start":{"line":48,"column":0},"end":{"line":49,"column":60}},"18":{"start":{"line":51,"column":0},"end":{"line":52,"column":57}},"19":{"start":{"line":54,"column":0},"end":{"line":55,"column":63}},"20":{"start":{"line":57,"column":0},"end":{"line":58,"column":65}},"21":{"start":{"line":60,"column":0},"end":{"line":61,"column":62}},"22":{"start":{"line":63,"column":0},"end":{"line":63,"column":24}}},"fnMap":{},"branchMap":{},"s":{"0":1,"1":1,"2":1,"3":1,"4":1,"5":1,"6":1,"7":1,"8":1,"9":1,"10":1,"11":1,"12":1,"13":1,"14":1,"15":1,"16":1,"17":1,"18":1,"19":1,"20":1,"21":1,"22":1},"f":{},"b":{},"_coverageSchema":"1a1c01bbd47fc00a2c39e90264f33305004495a9","hash":"f3e3ffdf13f3d16421e6e8e3b9c7164e655ba385"}
,"C:\\Users\\chand\\FSD-Project\\Backend\\routes\\auth.routes.js": {"path":"C:\\Users\\chand\\FSD-Project\\Backend\\routes\\auth.routes.js","statementMap":{"0":{"start":{"line":1,"column":16},"end":{"line":1,"column":34}},"1":{"start":{"line":2,"column":15},"end":{"line":2,"column":31}},"2":{"start":{"line":4,"column":23},"end":{"line":4,"column":64}},"3":{"start":{"line":5,"column":21},"end":{"line":5,"column":62}},"4":{"start":{"line":7,"column":0},"end":{"line":7,"column":50}},"5":{"start":{"line":9,"column":0},"end":{"line":9,"column":48}},"6":{"start":{"line":11,"column":0},"end":{"line":11,"column":57}},"7":{"start":{"line":13,"column":0},"end":{"line":13,"column":66}},"8":{"start":{"line":15,"column":0},"end":{"line":15,"column":50}},"9":{"start":{"line":17,"column":0},"end":{"line":17,"column":62}},"10":{"start":{"line":19,"column":0},"end":{"line":19,"column":24}}},"fnMap":{},"branchMap":{},"s":{"0":1,"1":1,"2":1,"3":1,"4":1,"5":1,"6":1,"7":1,"8":1,"9":1,"10":1},"f":{},"b":{},"_coverageSchema":"1a1c01bbd47fc00a2c39e90264f33305004495a9","hash":"c024382c1c88c9352825c0bb3db9c8660983cdf3"}
,"C:\\Users\\chand\\FSD-Project\\Backend\\routes\\base.routes.js": {"path":"C:\\Users\\chand\\FSD-Project\\Backend\\routes\\base.routes.js","statementMap":{"0":{"start":{"line":1,"column":16},"end":{"line":1,"column":34}},"1":{"start":{"line":2,"column":15},"end":{"line":2,"column":31}},"2":{"start":{"line":4,"column":23},"end":{"line":4,"column":64}},"3":{"start":{"line":6,"column":0},"end":{"line":6,"column":50}},"4":{"start":{"line":8,"column":0},"end":{"line":8,"column":24}}},"fnMap":{},"branchMap":{},"s":{"0":1,"1":1,"2":1,"3":1,"4":1},"f":{},"b":{},"_coverageSchema":"1a1c01bbd47fc00a2c39e90264f33305004495a9","hash":"7dd7a436772841cd1e2200cb30124019872a2c33"}
,"C:\\Users\\chand\\FSD-Project\\Backend\\routes\\carehomes.routes.js": {"path":"C:\\Users\\chand\\FSD-Project\\Backend\\routes\\carehomes.routes.js","statementMap":{"0":{"start":{"line":1,"column":16},"end":{"line":1,"column":34}},"1":{"start":{"line":2,"column":15},"end":{"line":2,"column":31}},"2":{"start":{"line":4,"column":28},"end":{"line":4,"column":73}},"3":{"start":{"line":5,"column":15},"end":{"line":5,"column":41}},"4":{"start":{"line":7,"column":21},"end":{"line":7,"column":62}},"5":{"start":{"line":8,"column":23},"end":{"line":8,"column":64}},"6":{"start":{"line":10,"column":0},"end":{"line":15,"column":2}},"7":{"start":{"line":16,"column":0},"end":{"line":21,"column":2}},"8":{"start":{"line":23,"column":0},"end":{"line":28,"column":2}},"9":{"start":{"line":30,"column":0},"end":{"line":35,"column":2}},"10":{"start":{"line":37,"column":0},"end":{"line":37,"column":66}},"11":{"start":{"line":38,"column":0},"end":{"line":38,"column":57}},"12":{"start":{"line":40,"column":0},"end":{"line":43,"column":2}},"13":{"start":{"line":44,"column":0},"end":{"line":49,"column":2}},"14":{"start":{"line":52,"column":0},"end":{"line":56,"column":2}},"15":{"start":{"line":58,"column":0},"end":{"line":63,"column":2}},"16":{"start":{"line":65,"column":0},"end":{"line":70,"column":2}},"17":{"start":{"line":72,"column":0},"end":{"line":77,"column":2}},"18":{"start":{"line":79,"column":0},"end":{"line":84,"column":2}},"19":{"start":{"line":86,"column":0},"end":{"line":91,"column":2}},"20":{"start":{"line":93,"column":0},"end":{"line":98,"column":2}},"21":{"start":{"line":100,"column":0},"end":{"line":105,"column":2}},"22":{"start":{"line":107,"column":0},"end":{"line":113,"column":2}},"23":{"start":{"line":115,"column":0},"end":{"line":115,"column":72}},"24":{"start":{"line":117,"column":0},"end":{"line":117,"column":24}}},"fnMap":{},"branchMap":{},"s":{"0":1,"1":1,"2":1,"3":1,"4":1,"5":1,"6":1,"7":1,"8":1,"9":1,"10":1,"11":1,"12":1,"13":1,"14":1,"15":1,"16":1,"17":1,"18":1,"19":1,"20":1,"21":1,"22":1,"23":1,"24":1},"f":{},"b":{},"_coverageSchema":"1a1c01bbd47fc00a2c39e90264f33305004495a9","hash":"37a94f02bf0893b98a59953df004a2e0f9814d0a"}
,"C:\\Users\\chand\\FSD-Project\\Backend\\routes\\corporate.routes.js": {"path":"C:\\Users\\chand\\FSD-Project\\Backend\\routes\\corporate.routes.js","statementMap":{"0":{"start":{"line":2,"column":16},"end":{"line":2,"column":34}},"1":{"start":{"line":3,"column":15},"end":{"line":3,"column":31}},"2":{"start":{"line":5,"column":28},"end":{"line":5,"column":74}},"3":{"start":{"line":7,"column":0},"end":{"line":7,"column":73}},"4":{"start":{"line":9,"column":0},"end":{"line":9,"column":24}}},"fnMap":{},"branchMap":{},"s":{"0":1,"1":1,"2":1,"3":1,"4":1},"f":{},"b":{},"_coverageSchema":"1a1c01bbd47fc00a2c39e90264f33305004495a9","hash":"e2880187d05e666957685db82a3569cc39c4b0bb"}
,"C:\\Users\\chand\\FSD-Project\\Backend\\routes\\donors.routes.js": {"path":"C:\\Users\\chand\\FSD-Project\\Backend\\routes\\donors.routes.js","statementMap":{"0":{"start":{"line":1,"column":16},"end":{"line":1,"column":34}},"1":{"start":{"line":2,"column":15},"end":{"line":2,"column":31}},"2":{"start":{"line":4,"column":25},"end":{"line":4,"column":68}},"3":{"start":{"line":6,"column":30},"end":{"line":6,"column":78}},"4":{"start":{"line":8,"column":26},"end":{"line":8,"column":70}},"5":{"start":{"line":10,"column":21},"end":{"line":10,"column":62}},"6":{"start":{"line":11,"column":23},"end":{"line":11,"column":64}},"7":{"start":{"line":13,"column":0},"end":{"line":18,"column":2}},"8":{"start":{"line":20,"column":0},"end":{"line":25,"column":2}},"9":{"start":{"line":27,"column":0},"end":{"line":32,"column":2}},"10":{"start":{"line":34,"column":0},"end":{"line":35,"column":60}},"11":{"start":{"line":37,"column":0},"end":{"line":42,"column":2}},"12":{"start":{"line":44,"column":0},"end":{"line":44,"column":59}},"13":{"start":{"line":46,"column":0},"end":{"line":46,"column":107}},"14":{"start":{"line":48,"column":0},"end":{"line":48,"column":117}},"15":{"start":{"line":50,"column":0},"end":{"line":50,"column":24}}},"fnMap":{},"branchMap":{},"s":{"0":1,"1":1,"2":1,"3":1,"4":1,"5":1,"6":1,"7":1,"8":1,"9":1,"10":1,"11":1,"12":1,"13":1,"14":1,"15":1},"f":{},"b":{},"_coverageSchema":"1a1c01bbd47fc00a2c39e90264f33305004495a9","hash":"347f1739663dd8cf3a2cb18a98998fcfca622e63"}
,"C:\\Users\\chand\\FSD-Project\\Backend\\routes\\impactStories.routes.js": {"path":"C:\\Users\\chand\\FSD-Project\\Backend\\routes\\impactStories.routes.js","statementMap":{"0":{"start":{"line":1,"column":16},"end":{"line":1,"column":34}},"1":{"start":{"line":2,"column":15},"end":{"line":2,"column":31}},"2":{"start":{"line":3,"column":76},"end":{"line":3,"column":126}},"3":{"start":{"line":4,"column":15},"end":{"line":4,"column":32}},"4":{"start":{"line":5,"column":13},"end":{"line":5,"column":28}},"5":{"start":{"line":8,"column":16},"end":{"line":21,"column":2}},"6":{"start":{"line":10,"column":21},"end":{"line":10,"column":38}},"7":{"start":{"line":11,"column":4},"end":{"line":15,"column":5}},"8":{"start":{"line":12,"column":6},"end":{"line":12,"column":33}},"9":{"start":{"line":13,"column":11},"end":{"line":15,"column":5}},"10":{"start":{"line":14,"column":6},"end":{"line":14,"column":30}},"11":{"start":{"line":16,"column":4},"end":{"line":16,"column":25}},"12":{"start":{"line":19,"column":4},"end":{"line":19,"column":59}},"13":{"start":{"line":23,"column":15},"end":{"line":23,"column":34}},"14":{"start":{"line":26,"column":0},"end":{"line":26,"column":52}},"15":{"start":{"line":27,"column":0},"end":{"line":27,"column":77}},"16":{"start":{"line":28,"column":0},"end":{"line":28,"column":83}},"17":{"start":{"line":30,"column":0},"end":{"line":30,"column":24}}},"fnMap":{"0":{"name":"(anonymous_0)","decl":{"start":{"line":9,"column":15},"end":{"line":9,"column":16}},"loc":{"start":{"line":9,"column":34},"end":{"line":17,"column":3}},"line":9},"1":{"name":"(anonymous_1)","decl":{"start":{"line":18,"column":12},"end":{"line":18,"column":13}},"loc":{"start":{"line":18,"column":31},"end":{"line":20,"column":3}},"line":18}},"branchMap":{"0":{"loc":{"start":{"line":11,"column":4},"end":{"line":15,"column":5}},"type":"if","locations":[{"start":{"line":11,"column":4},"end":{"line":15,"column":5}},{"start":{"line":13,"column":11},"end":{"line":15,"column":5}}],"line":11},"1":{"loc":{"start":{"line":13,"column":11},"end":{"line":15,"column":5}},"type":"if","locations":[{"start":{"line":13,"column":11},"end":{"line":15,"column":5}},{"start":{},"end":{}}],"line":13}},"s":{"0":1,"1":1,"2":1,"3":1,"4":1,"5":1,"6":0,"7":0,"8":0,"9":0,"10":0,"11":0,"12":0,"13":1,"14":1,"15":1,"16":1,"17":1},"f":{"0":0,"1":0},"b":{"0":[0,0],"1":[0,0]},"_coverageSchema":"1a1c01bbd47fc00a2c39e90264f33305004495a9","hash":"4db8d1a5f5255e1e5d327c324f76f3d24152cff4"}
,"C:\\Users\\chand\\FSD-Project\\Backend\\services\\errorMailer.js": {"path":"C:\\Users\\chand\\FSD-Project\\Backend\\services\\errorMailer.js","statementMap":{"0":{"start":{"line":1,"column":19},"end":{"line":1,"column":40}},"1":{"start":{"line":3,"column":20},"end":{"line":9,"column":2}},"2":{"start":{"line":11,"column":19},"end":{"line":17,"column":1}},"3":{"start":{"line":19,"column":23},"end":{"line":37,"column":1}},"4":{"start":{"line":20,"column":2},"end":{"line":36,"column":3}},"5":{"start":{"line":21,"column":4},"end":{"line":33,"column":7}},"6":{"start":{"line":35,"column":4},"end":{"line":35,"column":46}},"7":{"start":{"line":39,"column":0},"end":{"line":39,"column":32}}},"fnMap":{"0":{"name":"(anonymous_0)","decl":{"start":{"line":19,"column":23},"end":{"line":19,"column":24}},"loc":{"start":{"line":19,"column":68},"end":{"line":37,"column":1}},"line":19}},"branchMap":{},"s":{"0":1,"1":1,"2":1,"3":1,"4":0,"5":0,"6":0,"7":1},"f":{"0":0},"b":{},"_coverageSchema":"1a1c01bbd47fc00a2c39e90264f33305004495a9","hash":"b79654af97926b53680bfb7c98d1dad83b58be26"}
,"C:\\Users\\chand\\FSD-Project\\Backend\\services\\otpService.js": {"path":"C:\\Users\\chand\\FSD-Project\\Backend\\services\\otpService.js","statementMap":{"0":{"start":{"line":1,"column":19},"end":{"line":1,"column":40}},"1":{"start":{"line":3,"column":20},"end":{"line":5,"column":1}},"2":{"start":{"line":4,"column":2},"end":{"line":4,"column":64}},"3":{"start":{"line":7,"column":20},"end":{"line":13,"column":2}},"4":{"start":{"line":15,"column":21},"end":{"line":34,"column":1}},"5":{"start":{"line":16,"column":22},"end":{"line":31,"column":3}},"6":{"start":{"line":33,"column":2},"end":{"line":33,"column":49}},"7":{"start":{"line":36,"column":26},"end":{"line":52,"column":1}},"8":{"start":{"line":37,"column":22},"end":{"line":49,"column":3}},"9":{"start":{"line":51,"column":2},"end":{"line":51,"column":49}},"10":{"start":{"line":54,"column":26},"end":{"line":70,"column":1}},"11":{"start":{"line":55,"column":22},"end":{"line":67,"column":3}},"12":{"start":{"line":69,"column":2},"end":{"line":69,"column":49}},"13":{"start":{"line":72,"column":0},"end":{"line":77,"column":2}}},"fnMap":{"0":{"name":"(anonymous_0)","decl":{"start":{"line":3,"column":20},"end":{"line":3,"column":21}},"loc":{"start":{"line":3,"column":26},"end":{"line":5,"column":1}},"line":3},"1":{"name":"(anonymous_1)","decl":{"start":{"line":15,"column":21},"end":{"line":15,"column":22}},"loc":{"start":{"line":15,"column":43},"end":{"line":34,"column":1}},"line":15},"2":{"name":"(anonymous_2)","decl":{"start":{"line":36,"column":26},"end":{"line":36,"column":27}},"loc":{"start":{"line":36,"column":63},"end":{"line":52,"column":1}},"line":36},"3":{"name":"(anonymous_3)","decl":{"start":{"line":54,"column":26},"end":{"line":54,"column":27}},"loc":{"start":{"line":54,"column":63},"end":{"line":70,"column":1}},"line":54}},"branchMap":{},"s":{"0":1,"1":1,"2":0,"3":1,"4":1,"5":0,"6":0,"7":1,"8":0,"9":0,"10":1,"11":0,"12":0,"13":1},"f":{"0":0,"1":0,"2":0,"3":0},"b":{},"_coverageSchema":"1a1c01bbd47fc00a2c39e90264f33305004495a9","hash":"21ae8b4355f2120aeae6d1c30689921cdabe7647"}
}
