{"C:\\Users\\venka\\FSD-Project\\Backend\\app.js": {"path":"C:\\Users\\venka\\FSD-Project\\Backend\\app.js","statementMap":{"0":{"start":{"line":1,"column":13},"end":{"line":1,"column":28}},"1":{"start":{"line":2,"column":16},"end":{"line":2,"column":34}},"2":{"start":{"line":3,"column":13},"end":{"line":3,"column":28}},"3":{"start":{"line":4,"column":21},"end":{"line":4,"column":45}},"4":{"start":{"line":5,"column":15},"end":{"line":5,"column":32}},"5":{"start":{"line":6,"column":12},"end":{"line":6,"column":43}},"6":{"start":{"line":7,"column":11},"end":{"line":7,"column":24}},"7":{"start":{"line":8,"column":18},"end":{"line":8,"column":47}},"8":{"start":{"line":10,"column":23},"end":{"line":10,"column":59}},"9":{"start":{"line":11,"column":0},"end":{"line":11,"column":30}},"10":{"start":{"line":12,"column":0},"end":{"line":12,"column":27}},"11":{"start":{"line":14,"column":13},"end":{"line":14,"column":28}},"12":{"start":{"line":15,"column":19},"end":{"line":15,"column":39}},"13":{"start":{"line":17,"column":24},"end":{"line":20,"column":2}},"14":{"start":{"line":22,"column":23},"end":{"line":25,"column":2}},"15":{"start":{"line":27,"column":12},"end":{"line":27,"column":21}},"16":{"start":{"line":28,"column":15},"end":{"line":28,"column":37}},"17":{"start":{"line":32,"column":0},"end":{"line":32,"column":57}},"18":{"start":{"line":33,"column":0},"end":{"line":37,"column":4}},"19":{"start":{"line":36,"column":24},"end":{"line":36,"column":44}},"20":{"start":{"line":39,"column":0},"end":{"line":39,"column":79}},"21":{"start":{"line":40,"column":0},"end":{"line":40,"column":24}},"22":{"start":{"line":41,"column":0},"end":{"line":41,"column":48}},"23":{"start":{"line":42,"column":0},"end":{"line":42,"column":24}},"24":{"start":{"line":43,"column":0},"end":{"line":50,"column":4}},"25":{"start":{"line":45,"column":4},"end":{"line":45,"column":45}},"26":{"start":{"line":45,"column":17},"end":{"line":45,"column":45}},"27":{"start":{"line":46,"column":4},"end":{"line":46,"column":76}},"28":{"start":{"line":46,"column":48},"end":{"line":46,"column":76}},"29":{"start":{"line":47,"column":4},"end":{"line":47,"column":54}},"30":{"start":{"line":52,"column":19},"end":{"line":52,"column":53}},"31":{"start":{"line":53,"column":19},"end":{"line":53,"column":53}},"32":{"start":{"line":54,"column":23},"end":{"line":54,"column":62}},"33":{"start":{"line":55,"column":20},"end":{"line":55,"column":56}},"34":{"start":{"line":56,"column":18},"end":{"line":56,"column":51}},"35":{"start":{"line":57,"column":20},"end":{"line":57,"column":55}},"36":{"start":{"line":58,"column":28},"end":{"line":58,"column":71}},"37":{"start":{"line":59,"column":27},"end":{"line":59,"column":69}},"38":{"start":{"line":61,"column":0},"end":{"line":61,"column":46}},"39":{"start":{"line":62,"column":0},"end":{"line":62,"column":20}},"40":{"start":{"line":63,"column":0},"end":{"line":63,"column":20}},"41":{"start":{"line":64,"column":0},"end":{"line":64,"column":24}},"42":{"start":{"line":65,"column":0},"end":{"line":65,"column":21}},"43":{"start":{"line":66,"column":0},"end":{"line":66,"column":19}},"44":{"start":{"line":67,"column":0},"end":{"line":67,"column":21}},"45":{"start":{"line":68,"column":0},"end":{"line":68,"column":29}},"46":{"start":{"line":69,"column":0},"end":{"line":69,"column":28}},"47":{"start":{"line":72,"column":0},"end":{"line":110,"column":1}},"48":{"start":{"line":73,"column":26},"end":{"line":73,"column":70}},"49":{"start":{"line":74,"column":21},"end":{"line":74,"column":73}},"50":{"start":{"line":76,"column":2},"end":{"line":76,"column":24}},"51":{"start":{"line":77,"column":2},"end":{"line":77,"column":37}},"52":{"start":{"line":79,"column":20},"end":{"line":100,"column":3}},"53":{"start":{"line":80,"column":21},"end":{"line":80,"column":61}},"54":{"start":{"line":81,"column":4},"end":{"line":81,"column":41}},"55":{"start":{"line":81,"column":34},"end":{"line":81,"column":41}},"56":{"start":{"line":83,"column":4},"end":{"line":99,"column":7}},"57":{"start":{"line":84,"column":23},"end":{"line":84,"column":48}},"58":{"start":{"line":85,"column":22},"end":{"line":85,"column":62}},"59":{"start":{"line":87,"column":6},"end":{"line":87,"column":65}},"60":{"start":{"line":87,"column":58},"end":{"line":87,"column":65}},"61":{"start":{"line":89,"column":6},"end":{"line":98,"column":7}},"62":{"start":{"line":90,"column":24},"end":{"line":90,"column":43}},"63":{"start":{"line":91,"column":8},"end":{"line":95,"column":9}},"64":{"start":{"line":92,"column":10},"end":{"line":92,"column":64}},"65":{"start":{"line":94,"column":10},"end":{"line":94,"column":51}},"66":{"start":{"line":97,"column":8},"end":{"line":97,"column":64}},"67":{"start":{"line":102,"column":2},"end":{"line":102,"column":21}},"68":{"start":{"line":103,"column":2},"end":{"line":103,"column":23}},"69":{"start":{"line":105,"column":2},"end":{"line":105,"column":69}},"70":{"start":{"line":106,"column":2},"end":{"line":106,"column":72}},"71":{"start":{"line":109,"column":2},"end":{"line":109,"column":64}},"72":{"start":{"line":114,"column":0},"end":{"line":118,"column":3}},"73":{"start":{"line":115,"column":14},"end":{"line":115,"column":42}},"74":{"start":{"line":116,"column":2},"end":{"line":116,"column":23}},"75":{"start":{"line":117,"column":2},"end":{"line":117,"column":12}},"76":{"start":{"line":121,"column":0},"end":{"line":138,"column":3}},"77":{"start":{"line":122,"column":17},"end":{"line":122,"column":38}},"78":{"start":{"line":123,"column":18},"end":{"line":123,"column":56}},"79":{"start":{"line":125,"column":2},"end":{"line":125,"column":47}},"80":{"start":{"line":127,"column":2},"end":{"line":132,"column":5}},"81":{"start":{"line":134,"column":2},"end":{"line":137,"column":5}},"82":{"start":{"line":140,"column":11},"end":{"line":149,"column":2}},"83":{"start":{"line":143,"column":12},"end":{"line":143,"column":37}},"84":{"start":{"line":143,"column":25},"end":{"line":143,"column":37}},"85":{"start":{"line":144,"column":12},"end":{"line":144,"column":68}},"86":{"start":{"line":144,"column":56},"end":{"line":144,"column":68}},"87":{"start":{"line":145,"column":12},"end":{"line":145,"column":25}},"88":{"start":{"line":151,"column":0},"end":{"line":151,"column":18}},"89":{"start":{"line":153,"column":0},"end":{"line":158,"column":3}},"90":{"start":{"line":154,"column":4},"end":{"line":156,"column":7}},"91":{"start":{"line":155,"column":8},"end":{"line":155,"column":46}},"92":{"start":{"line":157,"column":4},"end":{"line":157,"column":38}},"93":{"start":{"line":160,"column":0},"end":{"line":160,"column":70}},"94":{"start":{"line":160,"column":26},"end":{"line":160,"column":68}},"95":{"start":{"line":163,"column":0},"end":{"line":165,"column":1}},"96":{"start":{"line":164,"column":4},"end":{"line":164,"column":74}},"97":{"start":{"line":164,"column":30},"end":{"line":164,"column":72}},"98":{"start":{"line":167,"column":0},"end":{"line":167,"column":37}}},"fnMap":{"0":{"name":"(anonymous_0)","decl":{"start":{"line":36,"column":10},"end":{"line":36,"column":11}},"loc":{"start":{"line":36,"column":24},"end":{"line":36,"column":44}},"line":36},"1":{"name":"(anonymous_1)","decl":{"start":{"line":44,"column":10},"end":{"line":44,"column":11}},"loc":{"start":{"line":44,"column":38},"end":{"line":48,"column":3}},"line":44},"2":{"name":"(anonymous_2)","decl":{"start":{"line":79,"column":20},"end":{"line":79,"column":21}},"loc":{"start":{"line":79,"column":36},"end":{"line":100,"column":3}},"line":79},"3":{"name":"(anonymous_3)","decl":{"start":{"line":83,"column":37},"end":{"line":83,"column":38}},"loc":{"start":{"line":83,"column":45},"end":{"line":99,"column":5}},"line":83},"4":{"name":"(anonymous_4)","decl":{"start":{"line":114,"column":8},"end":{"line":114,"column":9}},"loc":{"start":{"line":114,"column":28},"end":{"line":118,"column":1}},"line":114},"5":{"name":"(anonymous_5)","decl":{"start":{"line":121,"column":8},"end":{"line":121,"column":9}},"loc":{"start":{"line":121,"column":33},"end":{"line":138,"column":1}},"line":121},"6":{"name":"(anonymous_6)","decl":{"start":{"line":142,"column":16},"end":{"line":142,"column":17}},"loc":{"start":{"line":142,"column":33},"end":{"line":146,"column":9}},"line":142},"7":{"name":"(anonymous_7)","decl":{"start":{"line":153,"column":20},"end":{"line":153,"column":21}},"loc":{"start":{"line":153,"column":32},"end":{"line":158,"column":1}},"line":153},"8":{"name":"(anonymous_8)","decl":{"start":{"line":154,"column":22},"end":{"line":154,"column":23}},"loc":{"start":{"line":154,"column":44},"end":{"line":156,"column":5}},"line":154},"9":{"name":"(anonymous_9)","decl":{"start":{"line":157,"column":28},"end":{"line":157,"column":29}},"loc":{"start":{"line":157,"column":34},"end":{"line":157,"column":36}},"line":157},"10":{"name":"(anonymous_10)","decl":{"start":{"line":160,"column":20},"end":{"line":160,"column":21}},"loc":{"start":{"line":160,"column":26},"end":{"line":160,"column":68}},"line":160},"11":{"name":"(anonymous_11)","decl":{"start":{"line":164,"column":24},"end":{"line":164,"column":25}},"loc":{"start":{"line":164,"column":30},"end":{"line":164,"column":72}},"line":164}},"branchMap":{"0":{"loc":{"start":{"line":45,"column":4},"end":{"line":45,"column":45}},"type":"if","locations":[{"start":{"line":45,"column":4},"end":{"line":45,"column":45}},{"start":{},"end":{}}],"line":45},"1":{"loc":{"start":{"line":46,"column":4},"end":{"line":46,"column":76}},"type":"if","locations":[{"start":{"line":46,"column":4},"end":{"line":46,"column":76}},{"start":{},"end":{}}],"line":46},"2":{"loc":{"start":{"line":81,"column":4},"end":{"line":81,"column":41}},"type":"if","locations":[{"start":{"line":81,"column":4},"end":{"line":81,"column":41}},{"start":{},"end":{}}],"line":81},"3":{"loc":{"start":{"line":87,"column":6},"end":{"line":87,"column":65}},"type":"if","locations":[{"start":{"line":87,"column":6},"end":{"line":87,"column":65}},{"start":{},"end":{}}],"line":87},"4":{"loc":{"start":{"line":87,"column":10},"end":{"line":87,"column":56}},"type":"binary-expr","locations":[{"start":{"line":87,"column":10},"end":{"line":87,"column":18}},{"start":{"line":87,"column":22},"end":{"line":87,"column":38}},{"start":{"line":87,"column":42},"end":{"line":87,"column":56}}],"line":87},"5":{"loc":{"start":{"line":91,"column":8},"end":{"line":95,"column":9}},"type":"if","locations":[{"start":{"line":91,"column":8},"end":{"line":95,"column":9}},{"start":{"line":93,"column":15},"end":{"line":95,"column":9}}],"line":91},"6":{"loc":{"start":{"line":122,"column":17},"end":{"line":122,"column":38}},"type":"binary-expr","locations":[{"start":{"line":122,"column":17},"end":{"line":122,"column":31}},{"start":{"line":122,"column":35},"end":{"line":122,"column":38}}],"line":122},"7":{"loc":{"start":{"line":123,"column":18},"end":{"line":123,"column":56}},"type":"binary-expr","locations":[{"start":{"line":123,"column":18},"end":{"line":123,"column":29}},{"start":{"line":123,"column":33},"end":{"line":123,"column":56}}],"line":123},"8":{"loc":{"start":{"line":143,"column":12},"end":{"line":143,"column":37}},"type":"if","locations":[{"start":{"line":143,"column":12},"end":{"line":143,"column":37}},{"start":{},"end":{}}],"line":143},"9":{"loc":{"start":{"line":144,"column":12},"end":{"line":144,"column":68}},"type":"if","locations":[{"start":{"line":144,"column":12},"end":{"line":144,"column":68}},{"start":{},"end":{}}],"line":144},"10":{"loc":{"start":{"line":163,"column":0},"end":{"line":165,"column":1}},"type":"if","locations":[{"start":{"line":163,"column":0},"end":{"line":165,"column":1}},{"start":{},"end":{}}],"line":163}},"s":{"0":4,"1":4,"2":4,"3":4,"4":4,"5":4,"6":4,"7":4,"8":4,"9":4,"10":4,"11":4,"12":4,"13":4,"14":4,"15":4,"16":4,"17":4,"18":4,"19":12,"20":4,"21":4,"22":4,"23":4,"24":4,"25":12,"26":12,"27":0,"28":0,"29":0,"30":4,"31":4,"32":4,"33":4,"34":4,"35":4,"36":4,"37":4,"38":4,"39":4,"40":4,"41":4,"42":4,"43":4,"44":4,"45":4,"46":4,"47":4,"48":4,"49":4,"50":4,"51":4,"52":4,"53":8,"54":8,"55":0,"56":8,"57":48,"58":48,"59":48,"60":0,"61":48,"62":48,"63":48,"64":20,"65":28,"66":0,"67":4,"68":4,"69":4,"70":4,"71":0,"72":4,"73":0,"74":0,"75":0,"76":4,"77":3,"78":3,"79":3,"80":3,"81":3,"82":4,"83":0,"84":0,"85":0,"86":0,"87":0,"88":4,"89":4,"90":0,"91":0,"92":0,"93":4,"94":4,"95":4,"96":0,"97":0,"98":4},"f":{"0":12,"1":12,"2":8,"3":48,"4":0,"5":3,"6":0,"7":0,"8":0,"9":0,"10":4,"11":0},"b":{"0":[12,0],"1":[0,0],"2":[0,8],"3":[0,48],"4":[48,48,48],"5":[20,28],"6":[3,3],"7":[3,0],"8":[0,0],"9":[0,0],"10":[0,4]},"_coverageSchema":"1a1c01bbd47fc00a2c39e90264f33305004495a9","hash":"ffdde1358b9f90c878544f7d4f2a10259204b4c4"}
,"C:\\Users\\venka\\FSD-Project\\Backend\\multerConfig.js": {"path":"C:\\Users\\venka\\FSD-Project\\Backend\\multerConfig.js","statementMap":{"0":{"start":{"line":1,"column":15},"end":{"line":1,"column":32}},"1":{"start":{"line":2,"column":13},"end":{"line":2,"column":28}},"2":{"start":{"line":3,"column":11},"end":{"line":3,"column":24}},"3":{"start":{"line":5,"column":16},"end":{"line":29,"column":2}},"4":{"start":{"line":7,"column":17},"end":{"line":7,"column":26}},"5":{"start":{"line":9,"column":22},"end":{"line":9,"column":36}},"6":{"start":{"line":10,"column":4},"end":{"line":16,"column":5}},"7":{"start":{"line":11,"column":6},"end":{"line":11,"column":43}},"8":{"start":{"line":12,"column":11},"end":{"line":16,"column":5}},"9":{"start":{"line":13,"column":6},"end":{"line":13,"column":48}},"10":{"start":{"line":14,"column":11},"end":{"line":16,"column":5}},"11":{"start":{"line":15,"column":6},"end":{"line":15,"column":46}},"12":{"start":{"line":18,"column":22},"end":{"line":18,"column":60}},"13":{"start":{"line":20,"column":4},"end":{"line":22,"column":5}},"14":{"start":{"line":21,"column":6},"end":{"line":21,"column":51}},"15":{"start":{"line":24,"column":4},"end":{"line":24,"column":24}},"16":{"start":{"line":27,"column":4},"end":{"line":27,"column":64}},"17":{"start":{"line":31,"column":15},"end":{"line":31,"column":34}},"18":{"start":{"line":33,"column":0},"end":{"line":33,"column":24}}},"fnMap":{"0":{"name":"(anonymous_0)","decl":{"start":{"line":6,"column":15},"end":{"line":6,"column":16}},"loc":{"start":{"line":6,"column":34},"end":{"line":25,"column":3}},"line":6},"1":{"name":"(anonymous_1)","decl":{"start":{"line":26,"column":12},"end":{"line":26,"column":13}},"loc":{"start":{"line":26,"column":31},"end":{"line":28,"column":3}},"line":26}},"branchMap":{"0":{"loc":{"start":{"line":9,"column":22},"end":{"line":9,"column":36}},"type":"binary-expr","locations":[{"start":{"line":9,"column":22},"end":{"line":9,"column":30}},{"start":{"line":9,"column":34},"end":{"line":9,"column":36}}],"line":9},"1":{"loc":{"start":{"line":10,"column":4},"end":{"line":16,"column":5}},"type":"if","locations":[{"start":{"line":10,"column":4},"end":{"line":16,"column":5}},{"start":{"line":12,"column":11},"end":{"line":16,"column":5}}],"line":10},"2":{"loc":{"start":{"line":12,"column":11},"end":{"line":16,"column":5}},"type":"if","locations":[{"start":{"line":12,"column":11},"end":{"line":16,"column":5}},{"start":{"line":14,"column":11},"end":{"line":16,"column":5}}],"line":12},"3":{"loc":{"start":{"line":14,"column":11},"end":{"line":16,"column":5}},"type":"if","locations":[{"start":{"line":14,"column":11},"end":{"line":16,"column":5}},{"start":{},"end":{}}],"line":14},"4":{"loc":{"start":{"line":20,"column":4},"end":{"line":22,"column":5}},"type":"if","locations":[{"start":{"line":20,"column":4},"end":{"line":22,"column":5}},{"start":{},"end":{}}],"line":20}},"s":{"0":4,"1":4,"2":4,"3":4,"4":0,"5":0,"6":0,"7":0,"8":0,"9":0,"10":0,"11":0,"12":0,"13":0,"14":0,"15":0,"16":0,"17":4,"18":4},"f":{"0":0,"1":0},"b":{"0":[0,0],"1":[0,0],"2":[0,0],"3":[0,0],"4":[0,0]},"_coverageSchema":"1a1c01bbd47fc00a2c39e90264f33305004495a9","hash":"659b4d53bd761f0e004726d6fdd5c6e8d31822b6"}
,"C:\\Users\\venka\\FSD-Project\\Backend\\controllers\\NGO.controller.js": {"path":"C:\\Users\\venka\\FSD-Project\\Backend\\controllers\\NGO.controller.js","statementMap":{"0":{"start":{"line":1,"column":13},"end":{"line":1,"column":28}},"1":{"start":{"line":2,"column":15},"end":{"line":2,"column":32}},"2":{"start":{"line":3,"column":20},"end":{"line":3,"column":39}},"3":{"start":{"line":4,"column":17},"end":{"line":4,"column":36}},"4":{"start":{"line":5,"column":23},"end":{"line":5,"column":53}},"5":{"start":{"line":9,"column":4},"end":{"line":9,"column":35}},"6":{"start":{"line":10,"column":21},"end":{"line":10,"column":56}},"7":{"start":{"line":11,"column":21},"end":{"line":11,"column":39}},"8":{"start":{"line":12,"column":36},"end":{"line":12,"column":67}},"9":{"start":{"line":13,"column":26},"end":{"line":13,"column":70}},"10":{"start":{"line":14,"column":29},"end":{"line":14,"column":71}},"11":{"start":{"line":18,"column":2},"end":{"line":97,"column":3}},"12":{"start":{"line":19,"column":40},"end":{"line":19,"column":49}},"13":{"start":{"line":20,"column":17},"end":{"line":20,"column":55}},"14":{"start":{"line":21,"column":21},"end":{"line":21,"column":50}},"15":{"start":{"line":24,"column":19},"end":{"line":24,"column":50}},"16":{"start":{"line":25,"column":4},"end":{"line":28,"column":5}},"17":{"start":{"line":26,"column":6},"end":{"line":26,"column":38}},"18":{"start":{"line":27,"column":6},"end":{"line":27,"column":42}},"19":{"start":{"line":31,"column":19},"end":{"line":31,"column":21}},"20":{"start":{"line":34,"column":4},"end":{"line":45,"column":5}},"21":{"start":{"line":35,"column":6},"end":{"line":42,"column":7}},"22":{"start":{"line":36,"column":8},"end":{"line":36,"column":77}},"23":{"start":{"line":38,"column":8},"end":{"line":38,"column":61}},"24":{"start":{"line":40,"column":8},"end":{"line":40,"column":73}},"25":{"start":{"line":41,"column":8},"end":{"line":41,"column":48}},"26":{"start":{"line":44,"column":6},"end":{"line":44,"column":47}},"27":{"start":{"line":48,"column":4},"end":{"line":79,"column":6}},"28":{"start":{"line":81,"column":25},"end":{"line":81,"column":54}},"29":{"start":{"line":83,"column":21},"end":{"line":88,"column":5}},"30":{"start":{"line":91,"column":4},"end":{"line":91,"column":69}},"31":{"start":{"line":93,"column":4},"end":{"line":93,"column":37}},"32":{"start":{"line":94,"column":4},"end":{"line":94,"column":23}},"33":{"start":{"line":96,"column":4},"end":{"line":96,"column":14}},"34":{"start":{"line":101,"column":2},"end":{"line":128,"column":3}},"35":{"start":{"line":102,"column":27},"end":{"line":102,"column":67}},"36":{"start":{"line":104,"column":16},"end":{"line":115,"column":6}},"37":{"start":{"line":117,"column":4},"end":{"line":117,"column":21}},"38":{"start":{"line":119,"column":4},"end":{"line":122,"column":7}},"39":{"start":{"line":124,"column":4},"end":{"line":124,"column":23}},"40":{"start":{"line":126,"column":4},"end":{"line":126,"column":45}},"41":{"start":{"line":127,"column":4},"end":{"line":127,"column":16}},"42":{"start":{"line":132,"column":20},"end":{"line":132,"column":30}},"43":{"start":{"line":134,"column":2},"end":{"line":136,"column":3}},"44":{"start":{"line":135,"column":4},"end":{"line":135,"column":94}},"45":{"start":{"line":138,"column":2},"end":{"line":157,"column":3}},"46":{"start":{"line":141,"column":16},"end":{"line":143,"column":13}},"47":{"start":{"line":145,"column":4},"end":{"line":147,"column":5}},"48":{"start":{"line":146,"column":6},"end":{"line":146,"column":89}},"49":{"start":{"line":150,"column":4},"end":{"line":153,"column":7}},"50":{"start":{"line":155,"column":4},"end":{"line":155,"column":52}},"51":{"start":{"line":156,"column":4},"end":{"line":156,"column":16}},"52":{"start":{"line":161,"column":2},"end":{"line":204,"column":3}},"53":{"start":{"line":162,"column":39},"end":{"line":162,"column":48}},"54":{"start":{"line":163,"column":17},"end":{"line":163,"column":55}},"55":{"start":{"line":164,"column":18},"end":{"line":164,"column":28}},"56":{"start":{"line":165,"column":4},"end":{"line":165,"column":31}},"57":{"start":{"line":167,"column":21},"end":{"line":167,"column":52}},"58":{"start":{"line":170,"column":19},"end":{"line":170,"column":50}},"59":{"start":{"line":171,"column":4},"end":{"line":174,"column":5}},"60":{"start":{"line":172,"column":6},"end":{"line":172,"column":38}},"61":{"start":{"line":173,"column":6},"end":{"line":173,"column":42}},"62":{"start":{"line":176,"column":16},"end":{"line":176,"column":47}},"63":{"start":{"line":177,"column":21},"end":{"line":177,"column":62}},"64":{"start":{"line":178,"column":15},"end":{"line":178,"column":32}},"65":{"start":{"line":181,"column":4},"end":{"line":189,"column":5}},"66":{"start":{"line":182,"column":6},"end":{"line":188,"column":7}},"67":{"start":{"line":183,"column":8},"end":{"line":183,"column":56}},"68":{"start":{"line":185,"column":8},"end":{"line":185,"column":37}},"69":{"start":{"line":186,"column":8},"end":{"line":186,"column":50}},"70":{"start":{"line":187,"column":8},"end":{"line":187,"column":49}},"71":{"start":{"line":191,"column":19},"end":{"line":195,"column":13}},"72":{"start":{"line":198,"column":4},"end":{"line":198,"column":92}},"73":{"start":{"line":200,"column":4},"end":{"line":200,"column":37}},"74":{"start":{"line":201,"column":4},"end":{"line":201,"column":46}},"75":{"start":{"line":203,"column":4},"end":{"line":203,"column":16}},"76":{"start":{"line":208,"column":2},"end":{"line":253,"column":3}},"77":{"start":{"line":209,"column":24},"end":{"line":209,"column":33}},"78":{"start":{"line":210,"column":18},"end":{"line":210,"column":28}},"79":{"start":{"line":211,"column":4},"end":{"line":211,"column":31}},"80":{"start":{"line":213,"column":21},"end":{"line":213,"column":59}},"81":{"start":{"line":215,"column":19},"end":{"line":215,"column":50}},"82":{"start":{"line":216,"column":4},"end":{"line":219,"column":5}},"83":{"start":{"line":217,"column":6},"end":{"line":217,"column":50}},"84":{"start":{"line":218,"column":6},"end":{"line":218,"column":42}},"85":{"start":{"line":221,"column":16},"end":{"line":221,"column":45}},"86":{"start":{"line":222,"column":21},"end":{"line":225,"column":5}},"87":{"start":{"line":226,"column":15},"end":{"line":226,"column":30}},"88":{"start":{"line":228,"column":4},"end":{"line":237,"column":5}},"89":{"start":{"line":230,"column":6},"end":{"line":236,"column":7}},"90":{"start":{"line":231,"column":8},"end":{"line":231,"column":61}},"91":{"start":{"line":233,"column":8},"end":{"line":233,"column":37}},"92":{"start":{"line":234,"column":8},"end":{"line":234,"column":50}},"93":{"start":{"line":235,"column":8},"end":{"line":235,"column":49}},"94":{"start":{"line":239,"column":4},"end":{"line":241,"column":5}},"95":{"start":{"line":240,"column":6},"end":{"line":240,"column":43}},"96":{"start":{"line":243,"column":24},"end":{"line":245,"column":13}},"97":{"start":{"line":247,"column":4},"end":{"line":247,"column":72}},"98":{"start":{"line":249,"column":4},"end":{"line":249,"column":51}},"99":{"start":{"line":250,"column":4},"end":{"line":250,"column":26}},"100":{"start":{"line":252,"column":4},"end":{"line":252,"column":16}},"101":{"start":{"line":258,"column":16},"end":{"line":258,"column":32}},"102":{"start":{"line":259,"column":2},"end":{"line":259,"column":27}},"103":{"start":{"line":261,"column":2},"end":{"line":266,"column":3}},"104":{"start":{"line":262,"column":4},"end":{"line":265,"column":7}},"105":{"start":{"line":268,"column":58},"end":{"line":268,"column":66}},"106":{"start":{"line":270,"column":2},"end":{"line":307,"column":3}},"107":{"start":{"line":271,"column":23},"end":{"line":284,"column":5}},"108":{"start":{"line":286,"column":4},"end":{"line":290,"column":5}},"109":{"start":{"line":287,"column":18},"end":{"line":287,"column":53}},"110":{"start":{"line":288,"column":6},"end":{"line":288,"column":27}},"111":{"start":{"line":289,"column":6},"end":{"line":289,"column":23}},"112":{"start":{"line":294,"column":4},"end":{"line":297,"column":7}},"113":{"start":{"line":299,"column":4},"end":{"line":303,"column":7}},"114":{"start":{"line":305,"column":4},"end":{"line":305,"column":70}},"115":{"start":{"line":306,"column":4},"end":{"line":306,"column":16}},"116":{"start":{"line":311,"column":16},"end":{"line":311,"column":32}},"117":{"start":{"line":312,"column":19},"end":{"line":312,"column":38}},"118":{"start":{"line":314,"column":2},"end":{"line":319,"column":3}},"119":{"start":{"line":315,"column":4},"end":{"line":318,"column":7}},"120":{"start":{"line":321,"column":76},"end":{"line":321,"column":84}},"121":{"start":{"line":323,"column":2},"end":{"line":356,"column":3}},"122":{"start":{"line":324,"column":4},"end":{"line":328,"column":5}},"123":{"start":{"line":325,"column":6},"end":{"line":327,"column":70}},"124":{"start":{"line":330,"column":20},"end":{"line":330,"column":58}},"125":{"start":{"line":332,"column":21},"end":{"line":341,"column":6}},"126":{"start":{"line":343,"column":4},"end":{"line":343,"column":26}},"127":{"start":{"line":346,"column":4},"end":{"line":346,"column":36}},"128":{"start":{"line":348,"column":4},"end":{"line":351,"column":7}},"129":{"start":{"line":353,"column":4},"end":{"line":353,"column":50}},"130":{"start":{"line":354,"column":4},"end":{"line":354,"column":70}},"131":{"start":{"line":355,"column":4},"end":{"line":355,"column":16}},"132":{"start":{"line":360,"column":16},"end":{"line":360,"column":46}},"133":{"start":{"line":361,"column":19},"end":{"line":361,"column":38}},"134":{"start":{"line":363,"column":2},"end":{"line":365,"column":3}},"135":{"start":{"line":364,"column":4},"end":{"line":364,"column":58}},"136":{"start":{"line":374,"column":6},"end":{"line":374,"column":14}},"137":{"start":{"line":376,"column":2},"end":{"line":412,"column":3}},"138":{"start":{"line":377,"column":4},"end":{"line":382,"column":5}},"139":{"start":{"line":378,"column":6},"end":{"line":381,"column":9}},"140":{"start":{"line":384,"column":20},"end":{"line":384,"column":63}},"141":{"start":{"line":386,"column":26},"end":{"line":397,"column":6}},"142":{"start":{"line":399,"column":4},"end":{"line":399,"column":31}},"143":{"start":{"line":403,"column":4},"end":{"line":403,"column":36}},"144":{"start":{"line":405,"column":4},"end":{"line":408,"column":7}},"145":{"start":{"line":410,"column":4},"end":{"line":410,"column":50}},"146":{"start":{"line":411,"column":4},"end":{"line":411,"column":16}},"147":{"start":{"line":416,"column":2},"end":{"line":443,"column":3}},"148":{"start":{"line":417,"column":33},"end":{"line":417,"column":43}},"149":{"start":{"line":420,"column":18},"end":{"line":423,"column":13}},"150":{"start":{"line":425,"column":4},"end":{"line":427,"column":5}},"151":{"start":{"line":426,"column":6},"end":{"line":426,"column":82}},"152":{"start":{"line":430,"column":16},"end":{"line":432,"column":13}},"153":{"start":{"line":434,"column":4},"end":{"line":440,"column":7}},"154":{"start":{"line":442,"column":4},"end":{"line":442,"column":16}},"155":{"start":{"line":447,"column":2},"end":{"line":503,"column":3}},"156":{"start":{"line":448,"column":22},"end":{"line":448,"column":30}},"157":{"start":{"line":449,"column":19},"end":{"line":449,"column":30}},"158":{"start":{"line":450,"column":18},"end":{"line":450,"column":34}},"159":{"start":{"line":452,"column":25},"end":{"line":455,"column":6}},"160":{"start":{"line":457,"column":4},"end":{"line":459,"column":5}},"161":{"start":{"line":458,"column":6},"end":{"line":458,"column":67}},"162":{"start":{"line":461,"column":33},"end":{"line":465,"column":6}},"163":{"start":{"line":467,"column":4},"end":{"line":471,"column":5}},"164":{"start":{"line":468,"column":6},"end":{"line":470,"column":9}},"165":{"start":{"line":473,"column":32},"end":{"line":480,"column":6}},"166":{"start":{"line":482,"column":4},"end":{"line":482,"column":37}},"167":{"start":{"line":484,"column":4},"end":{"line":487,"column":6}},"168":{"start":{"line":490,"column":15},"end":{"line":490,"column":32}},"169":{"start":{"line":491,"column":4},"end":{"line":497,"column":7}},"170":{"start":{"line":499,"column":4},"end":{"line":499,"column":81}},"171":{"start":{"line":501,"column":4},"end":{"line":501,"column":45}},"172":{"start":{"line":502,"column":4},"end":{"line":502,"column":16}},"173":{"start":{"line":507,"column":16},"end":{"line":507,"column":46}},"174":{"start":{"line":508,"column":19},"end":{"line":508,"column":38}},"175":{"start":{"line":510,"column":2},"end":{"line":512,"column":3}},"176":{"start":{"line":511,"column":4},"end":{"line":511,"column":58}},"177":{"start":{"line":514,"column":2},"end":{"line":577,"column":3}},"178":{"start":{"line":515,"column":19},"end":{"line":515,"column":50}},"179":{"start":{"line":516,"column":4},"end":{"line":519,"column":5}},"180":{"start":{"line":517,"column":6},"end":{"line":517,"column":38}},"181":{"start":{"line":518,"column":6},"end":{"line":518,"column":42}},"182":{"start":{"line":521,"column":18},"end":{"line":521,"column":28}},"183":{"start":{"line":524,"column":65},"end":{"line":529,"column":6}},"184":{"start":{"line":530,"column":4},"end":{"line":530,"column":43}},"185":{"start":{"line":532,"column":4},"end":{"line":532,"column":72}},"186":{"start":{"line":532,"column":14},"end":{"line":532,"column":72}},"187":{"start":{"line":535,"column":25},"end":{"line":535,"column":27}},"188":{"start":{"line":536,"column":27},"end":{"line":536,"column":29}},"189":{"start":{"line":537,"column":26},"end":{"line":537,"column":27}},"190":{"start":{"line":538,"column":4},"end":{"line":542,"column":7}},"191":{"start":{"line":539,"column":6},"end":{"line":539,"column":55}},"192":{"start":{"line":540,"column":6},"end":{"line":541,"column":34}},"193":{"start":{"line":540,"column":41},"end":{"line":540,"column":62}},"194":{"start":{"line":541,"column":11},"end":{"line":541,"column":34}},"195":{"start":{"line":544,"column":25},"end":{"line":544,"column":27}},"196":{"start":{"line":545,"column":28},"end":{"line":545,"column":30}},"197":{"start":{"line":546,"column":29},"end":{"line":546,"column":30}},"198":{"start":{"line":547,"column":4},"end":{"line":551,"column":7}},"199":{"start":{"line":548,"column":6},"end":{"line":548,"column":61}},"200":{"start":{"line":549,"column":6},"end":{"line":550,"column":35}},"201":{"start":{"line":549,"column":43},"end":{"line":549,"column":64}},"202":{"start":{"line":550,"column":11},"end":{"line":550,"column":35}},"203":{"start":{"line":554,"column":27},"end":{"line":554,"column":83}},"204":{"start":{"line":554,"column":65},"end":{"line":554,"column":79}},"205":{"start":{"line":556,"column":21},"end":{"line":569,"column":5}},"206":{"start":{"line":571,"column":4},"end":{"line":571,"column":69}},"207":{"start":{"line":572,"column":4},"end":{"line":572,"column":37}},"208":{"start":{"line":573,"column":4},"end":{"line":573,"column":23}},"209":{"start":{"line":576,"column":4},"end":{"line":576,"column":16}},"210":{"start":{"line":581,"column":16},"end":{"line":581,"column":46}},"211":{"start":{"line":583,"column":2},"end":{"line":585,"column":3}},"212":{"start":{"line":584,"column":4},"end":{"line":584,"column":58}},"213":{"start":{"line":595,"column":6},"end":{"line":595,"column":14}},"214":{"start":{"line":597,"column":2},"end":{"line":610,"column":3}},"215":{"start":{"line":598,"column":4},"end":{"line":604,"column":7}},"216":{"start":{"line":606,"column":4},"end":{"line":606,"column":44}},"217":{"start":{"line":608,"column":4},"end":{"line":608,"column":45}},"218":{"start":{"line":609,"column":4},"end":{"line":609,"column":16}},"219":{"start":{"line":613,"column":29},"end":{"line":667,"column":1}},"220":{"start":{"line":614,"column":17},"end":{"line":614,"column":27}},"221":{"start":{"line":616,"column":2},"end":{"line":666,"column":3}},"222":{"start":{"line":617,"column":16},"end":{"line":617,"column":65}},"223":{"start":{"line":618,"column":4},"end":{"line":619,"column":80}},"224":{"start":{"line":619,"column":6},"end":{"line":619,"column":80}},"225":{"start":{"line":621,"column":37},"end":{"line":628,"column":6}},"226":{"start":{"line":630,"column":24},"end":{"line":630,"column":77}},"227":{"start":{"line":630,"column":62},"end":{"line":630,"column":74}},"228":{"start":{"line":631,"column":22},"end":{"line":634,"column":12}},"229":{"start":{"line":636,"column":24},"end":{"line":639,"column":6}},"230":{"start":{"line":637,"column":19},"end":{"line":637,"column":71}},"231":{"start":{"line":637,"column":41},"end":{"line":637,"column":70}},"232":{"start":{"line":638,"column":6},"end":{"line":638,"column":90}},"233":{"start":{"line":641,"column":16},"end":{"line":641,"column":26}},"234":{"start":{"line":643,"column":30},"end":{"line":645,"column":5}},"235":{"start":{"line":644,"column":13},"end":{"line":644,"column":40}},"236":{"start":{"line":646,"column":28},"end":{"line":648,"column":5}},"237":{"start":{"line":647,"column":13},"end":{"line":647,"column":39}},"238":{"start":{"line":650,"column":27},"end":{"line":650,"column":78}},"239":{"start":{"line":650,"column":48},"end":{"line":650,"column":77}},"240":{"start":{"line":651,"column":23},"end":{"line":651,"column":73}},"241":{"start":{"line":651,"column":44},"end":{"line":651,"column":72}},"242":{"start":{"line":653,"column":4},"end":{"line":662,"column":7}},"243":{"start":{"line":664,"column":4},"end":{"line":664,"column":47}},"244":{"start":{"line":665,"column":4},"end":{"line":665,"column":70}},"245":{"start":{"line":672,"column":30},"end":{"line":672,"column":40}},"246":{"start":{"line":674,"column":2},"end":{"line":676,"column":3}},"247":{"start":{"line":675,"column":4},"end":{"line":675,"column":87}},"248":{"start":{"line":678,"column":2},"end":{"line":680,"column":3}},"249":{"start":{"line":679,"column":4},"end":{"line":679,"column":94}},"250":{"start":{"line":682,"column":2},"end":{"line":761,"column":3}},"251":{"start":{"line":683,"column":18},"end":{"line":683,"column":20}},"252":{"start":{"line":684,"column":27},"end":{"line":684,"column":29}},"253":{"start":{"line":685,"column":21},"end":{"line":685,"column":52}},"254":{"start":{"line":687,"column":4},"end":{"line":755,"column":5}},"255":{"start":{"line":688,"column":25},"end":{"line":688,"column":106}},"256":{"start":{"line":689,"column":6},"end":{"line":689,"column":104}},"257":{"start":{"line":689,"column":23},"end":{"line":689,"column":104}},"258":{"start":{"line":691,"column":6},"end":{"line":696,"column":8}},"259":{"start":{"line":699,"column":6},"end":{"line":720,"column":9}},"260":{"start":{"line":722,"column":11},"end":{"line":755,"column":5}},"261":{"start":{"line":723,"column":20},"end":{"line":723,"column":89}},"262":{"start":{"line":724,"column":6},"end":{"line":724,"column":94}},"263":{"start":{"line":724,"column":18},"end":{"line":724,"column":94}},"264":{"start":{"line":726,"column":6},"end":{"line":731,"column":8}},"265":{"start":{"line":734,"column":6},"end":{"line":754,"column":9}},"266":{"start":{"line":757,"column":4},"end":{"line":757,"column":80}},"267":{"start":{"line":759,"column":4},"end":{"line":759,"column":49}},"268":{"start":{"line":760,"column":4},"end":{"line":760,"column":16}},"269":{"start":{"line":764,"column":0},"end":{"line":779,"column":2}}},"fnMap":{"0":{"name":"get_allngo","decl":{"start":{"line":17,"column":15},"end":{"line":17,"column":25}},"loc":{"start":{"line":17,"column":42},"end":{"line":98,"column":1}},"line":17},"1":{"name":"register","decl":{"start":{"line":100,"column":15},"end":{"line":100,"column":23}},"loc":{"start":{"line":100,"column":40},"end":{"line":129,"column":1}},"line":100},"2":{"name":"getEditNGOProfile","decl":{"start":{"line":131,"column":15},"end":{"line":131,"column":32}},"loc":{"start":{"line":131,"column":49},"end":{"line":158,"column":1}},"line":131},"3":{"name":"getEvents","decl":{"start":{"line":160,"column":15},"end":{"line":160,"column":24}},"loc":{"start":{"line":160,"column":41},"end":{"line":205,"column":1}},"line":160},"4":{"name":"getallFundraisers","decl":{"start":{"line":207,"column":15},"end":{"line":207,"column":32}},"loc":{"start":{"line":207,"column":49},"end":{"line":254,"column":1}},"line":207},"5":{"name":"editNGOProfile","decl":{"start":{"line":257,"column":15},"end":{"line":257,"column":29}},"loc":{"start":{"line":257,"column":46},"end":{"line":308,"column":1}},"line":257},"6":{"name":"createEvent","decl":{"start":{"line":310,"column":15},"end":{"line":310,"column":26}},"loc":{"start":{"line":310,"column":43},"end":{"line":357,"column":1}},"line":310},"7":{"name":"createFundraiser","decl":{"start":{"line":359,"column":15},"end":{"line":359,"column":31}},"loc":{"start":{"line":359,"column":48},"end":{"line":413,"column":1}},"line":359},"8":{"name":"getEventDetails","decl":{"start":{"line":415,"column":15},"end":{"line":415,"column":30}},"loc":{"start":{"line":415,"column":47},"end":{"line":444,"column":1}},"line":415},"9":{"name":"registerUser","decl":{"start":{"line":446,"column":15},"end":{"line":446,"column":27}},"loc":{"start":{"line":446,"column":44},"end":{"line":504,"column":1}},"line":446},"10":{"name":"getNGO","decl":{"start":{"line":506,"column":15},"end":{"line":506,"column":21}},"loc":{"start":{"line":506,"column":38},"end":{"line":578,"column":1}},"line":506},"11":{"name":"(anonymous_11)","decl":{"start":{"line":538,"column":27},"end":{"line":538,"column":28}},"loc":{"start":{"line":538,"column":32},"end":{"line":542,"column":5}},"line":538},"12":{"name":"(anonymous_12)","decl":{"start":{"line":547,"column":22},"end":{"line":547,"column":23}},"loc":{"start":{"line":547,"column":27},"end":{"line":551,"column":5}},"line":547},"13":{"name":"(anonymous_13)","decl":{"start":{"line":554,"column":53},"end":{"line":554,"column":54}},"loc":{"start":{"line":554,"column":65},"end":{"line":554,"column":79}},"line":554},"14":{"name":"editEvent","decl":{"start":{"line":580,"column":15},"end":{"line":580,"column":24}},"loc":{"start":{"line":580,"column":35},"end":{"line":611,"column":1}},"line":580},"15":{"name":"(anonymous_15)","decl":{"start":{"line":613,"column":29},"end":{"line":613,"column":30}},"loc":{"start":{"line":613,"column":49},"end":{"line":667,"column":1}},"line":613},"16":{"name":"(anonymous_16)","decl":{"start":{"line":630,"column":55},"end":{"line":630,"column":56}},"loc":{"start":{"line":630,"column":62},"end":{"line":630,"column":74}},"line":630},"17":{"name":"(anonymous_17)","decl":{"start":{"line":636,"column":43},"end":{"line":636,"column":44}},"loc":{"start":{"line":636,"column":50},"end":{"line":639,"column":5}},"line":636},"18":{"name":"(anonymous_18)","decl":{"start":{"line":637,"column":34},"end":{"line":637,"column":35}},"loc":{"start":{"line":637,"column":41},"end":{"line":637,"column":70}},"line":637},"19":{"name":"(anonymous_19)","decl":{"start":{"line":644,"column":6},"end":{"line":644,"column":7}},"loc":{"start":{"line":644,"column":13},"end":{"line":644,"column":40}},"line":644},"20":{"name":"(anonymous_20)","decl":{"start":{"line":647,"column":6},"end":{"line":647,"column":7}},"loc":{"start":{"line":647,"column":13},"end":{"line":647,"column":39}},"line":647},"21":{"name":"(anonymous_21)","decl":{"start":{"line":650,"column":41},"end":{"line":650,"column":42}},"loc":{"start":{"line":650,"column":48},"end":{"line":650,"column":77}},"line":650},"22":{"name":"(anonymous_22)","decl":{"start":{"line":651,"column":37},"end":{"line":651,"column":38}},"loc":{"start":{"line":651,"column":44},"end":{"line":651,"column":72}},"line":651},"23":{"name":"getCampaignDetails","decl":{"start":{"line":671,"column":15},"end":{"line":671,"column":33}},"loc":{"start":{"line":671,"column":50},"end":{"line":762,"column":1}},"line":671}},"branchMap":{"0":{"loc":{"start":{"line":19,"column":15},"end":{"line":19,"column":23}},"type":"default-arg","locations":[{"start":{"line":19,"column":22},"end":{"line":19,"column":23}}],"line":19},"1":{"loc":{"start":{"line":19,"column":25},"end":{"line":19,"column":35}},"type":"default-arg","locations":[{"start":{"line":19,"column":33},"end":{"line":19,"column":35}}],"line":19},"2":{"loc":{"start":{"line":21,"column":29},"end":{"line":21,"column":39}},"type":"binary-expr","locations":[{"start":{"line":21,"column":29},"end":{"line":21,"column":30}},{"start":{"line":21,"column":34},"end":{"line":21,"column":39}}],"line":21},"3":{"loc":{"start":{"line":25,"column":4},"end":{"line":28,"column":5}},"type":"if","locations":[{"start":{"line":25,"column":4},"end":{"line":28,"column":5}},{"start":{},"end":{}}],"line":25},"4":{"loc":{"start":{"line":34,"column":4},"end":{"line":45,"column":5}},"type":"if","locations":[{"start":{"line":34,"column":4},"end":{"line":45,"column":5}},{"start":{"line":43,"column":11},"end":{"line":45,"column":5}}],"line":34},"5":{"loc":{"start":{"line":35,"column":6},"end":{"line":42,"column":7}},"type":"if","locations":[{"start":{"line":35,"column":6},"end":{"line":42,"column":7}},{"start":{"line":37,"column":13},"end":{"line":42,"column":7}}],"line":35},"6":{"loc":{"start":{"line":134,"column":2},"end":{"line":136,"column":3}},"type":"if","locations":[{"start":{"line":134,"column":2},"end":{"line":136,"column":3}},{"start":{},"end":{}}],"line":134},"7":{"loc":{"start":{"line":134,"column":6},"end":{"line":134,"column":70}},"type":"binary-expr","locations":[{"start":{"line":134,"column":6},"end":{"line":134,"column":29}},{"start":{"line":134,"column":33},"end":{"line":134,"column":70}}],"line":134},"8":{"loc":{"start":{"line":145,"column":4},"end":{"line":147,"column":5}},"type":"if","locations":[{"start":{"line":145,"column":4},"end":{"line":147,"column":5}},{"start":{},"end":{}}],"line":145},"9":{"loc":{"start":{"line":162,"column":15},"end":{"line":162,"column":23}},"type":"default-arg","locations":[{"start":{"line":162,"column":22},"end":{"line":162,"column":23}}],"line":162},"10":{"loc":{"start":{"line":162,"column":25},"end":{"line":162,"column":34}},"type":"default-arg","locations":[{"start":{"line":162,"column":33},"end":{"line":162,"column":34}}],"line":162},"11":{"loc":{"start":{"line":167,"column":31},"end":{"line":167,"column":41}},"type":"binary-expr","locations":[{"start":{"line":167,"column":31},"end":{"line":167,"column":32}},{"start":{"line":167,"column":36},"end":{"line":167,"column":41}}],"line":167},"12":{"loc":{"start":{"line":171,"column":4},"end":{"line":174,"column":5}},"type":"if","locations":[{"start":{"line":171,"column":4},"end":{"line":174,"column":5}},{"start":{},"end":{}}],"line":171},"13":{"loc":{"start":{"line":181,"column":4},"end":{"line":189,"column":5}},"type":"if","locations":[{"start":{"line":181,"column":4},"end":{"line":189,"column":5}},{"start":{},"end":{}}],"line":181},"14":{"loc":{"start":{"line":182,"column":6},"end":{"line":188,"column":7}},"type":"if","locations":[{"start":{"line":182,"column":6},"end":{"line":188,"column":7}},{"start":{"line":184,"column":13},"end":{"line":188,"column":7}}],"line":182},"15":{"loc":{"start":{"line":213,"column":29},"end":{"line":213,"column":39}},"type":"binary-expr","locations":[{"start":{"line":213,"column":29},"end":{"line":213,"column":30}},{"start":{"line":213,"column":34},"end":{"line":213,"column":39}}],"line":213},"16":{"loc":{"start":{"line":213,"column":43},"end":{"line":213,"column":57}},"type":"binary-expr","locations":[{"start":{"line":213,"column":43},"end":{"line":213,"column":47}},{"start":{"line":213,"column":51},"end":{"line":213,"column":57}}],"line":213},"17":{"loc":{"start":{"line":216,"column":4},"end":{"line":219,"column":5}},"type":"if","locations":[{"start":{"line":216,"column":4},"end":{"line":219,"column":5}},{"start":{},"end":{}}],"line":216},"18":{"loc":{"start":{"line":228,"column":4},"end":{"line":237,"column":5}},"type":"if","locations":[{"start":{"line":228,"column":4},"end":{"line":237,"column":5}},{"start":{},"end":{}}],"line":228},"19":{"loc":{"start":{"line":230,"column":6},"end":{"line":236,"column":7}},"type":"if","locations":[{"start":{"line":230,"column":6},"end":{"line":236,"column":7}},{"start":{"line":232,"column":13},"end":{"line":236,"column":7}}],"line":230},"20":{"loc":{"start":{"line":239,"column":4},"end":{"line":241,"column":5}},"type":"if","locations":[{"start":{"line":239,"column":4},"end":{"line":241,"column":5}},{"start":{},"end":{}}],"line":239},"21":{"loc":{"start":{"line":261,"column":2},"end":{"line":266,"column":3}},"type":"if","locations":[{"start":{"line":261,"column":2},"end":{"line":266,"column":3}},{"start":{},"end":{}}],"line":261},"22":{"loc":{"start":{"line":261,"column":6},"end":{"line":261,"column":70}},"type":"binary-expr","locations":[{"start":{"line":261,"column":6},"end":{"line":261,"column":29}},{"start":{"line":261,"column":33},"end":{"line":261,"column":70}}],"line":261},"23":{"loc":{"start":{"line":286,"column":4},"end":{"line":290,"column":5}},"type":"if","locations":[{"start":{"line":286,"column":4},"end":{"line":290,"column":5}},{"start":{},"end":{}}],"line":286},"24":{"loc":{"start":{"line":314,"column":2},"end":{"line":319,"column":3}},"type":"if","locations":[{"start":{"line":314,"column":2},"end":{"line":319,"column":3}},{"start":{},"end":{}}],"line":314},"25":{"loc":{"start":{"line":314,"column":6},"end":{"line":314,"column":70}},"type":"binary-expr","locations":[{"start":{"line":314,"column":6},"end":{"line":314,"column":29}},{"start":{"line":314,"column":33},"end":{"line":314,"column":70}}],"line":314},"26":{"loc":{"start":{"line":324,"column":4},"end":{"line":328,"column":5}},"type":"if","locations":[{"start":{"line":324,"column":4},"end":{"line":328,"column":5}},{"start":{},"end":{}}],"line":324},"27":{"loc":{"start":{"line":363,"column":2},"end":{"line":365,"column":3}},"type":"if","locations":[{"start":{"line":363,"column":2},"end":{"line":365,"column":3}},{"start":{},"end":{}}],"line":363},"28":{"loc":{"start":{"line":363,"column":6},"end":{"line":363,"column":54}},"type":"binary-expr","locations":[{"start":{"line":363,"column":6},"end":{"line":363,"column":29}},{"start":{"line":363,"column":33},"end":{"line":363,"column":54}}],"line":363},"29":{"loc":{"start":{"line":377,"column":4},"end":{"line":382,"column":5}},"type":"if","locations":[{"start":{"line":377,"column":4},"end":{"line":382,"column":5}},{"start":{},"end":{}}],"line":377},"30":{"loc":{"start":{"line":395,"column":11},"end":{"line":395,"column":27}},"type":"binary-expr","locations":[{"start":{"line":395,"column":11},"end":{"line":395,"column":14}},{"start":{"line":395,"column":18},"end":{"line":395,"column":27}}],"line":395},"31":{"loc":{"start":{"line":425,"column":4},"end":{"line":427,"column":5}},"type":"if","locations":[{"start":{"line":425,"column":4},"end":{"line":427,"column":5}},{"start":{},"end":{}}],"line":425},"32":{"loc":{"start":{"line":438,"column":17},"end":{"line":438,"column":54}},"type":"cond-expr","locations":[{"start":{"line":438,"column":23},"end":{"line":438,"column":34}},{"start":{"line":438,"column":37},"end":{"line":438,"column":54}}],"line":438},"33":{"loc":{"start":{"line":457,"column":4},"end":{"line":459,"column":5}},"type":"if","locations":[{"start":{"line":457,"column":4},"end":{"line":459,"column":5}},{"start":{},"end":{}}],"line":457},"34":{"loc":{"start":{"line":467,"column":4},"end":{"line":471,"column":5}},"type":"if","locations":[{"start":{"line":467,"column":4},"end":{"line":471,"column":5}},{"start":{},"end":{}}],"line":467},"35":{"loc":{"start":{"line":510,"column":2},"end":{"line":512,"column":3}},"type":"if","locations":[{"start":{"line":510,"column":2},"end":{"line":512,"column":3}},{"start":{},"end":{}}],"line":510},"36":{"loc":{"start":{"line":510,"column":6},"end":{"line":510,"column":54}},"type":"binary-expr","locations":[{"start":{"line":510,"column":6},"end":{"line":510,"column":29}},{"start":{"line":510,"column":33},"end":{"line":510,"column":54}}],"line":510},"37":{"loc":{"start":{"line":516,"column":4},"end":{"line":519,"column":5}},"type":"if","locations":[{"start":{"line":516,"column":4},"end":{"line":519,"column":5}},{"start":{},"end":{}}],"line":516},"38":{"loc":{"start":{"line":532,"column":4},"end":{"line":532,"column":72}},"type":"if","locations":[{"start":{"line":532,"column":4},"end":{"line":532,"column":72}},{"start":{},"end":{}}],"line":532},"39":{"loc":{"start":{"line":539,"column":26},"end":{"line":539,"column":53}},"type":"binary-expr","locations":[{"start":{"line":539,"column":26},"end":{"line":539,"column":48}},{"start":{"line":539,"column":52},"end":{"line":539,"column":53}}],"line":539},"40":{"loc":{"start":{"line":540,"column":6},"end":{"line":541,"column":34}},"type":"if","locations":[{"start":{"line":540,"column":6},"end":{"line":541,"column":34}},{"start":{"line":541,"column":11},"end":{"line":541,"column":34}}],"line":540},"41":{"loc":{"start":{"line":548,"column":29},"end":{"line":548,"column":59}},"type":"binary-expr","locations":[{"start":{"line":548,"column":29},"end":{"line":548,"column":54}},{"start":{"line":548,"column":58},"end":{"line":548,"column":59}}],"line":548},"42":{"loc":{"start":{"line":549,"column":6},"end":{"line":550,"column":35}},"type":"if","locations":[{"start":{"line":549,"column":6},"end":{"line":550,"column":35}},{"start":{"line":550,"column":11},"end":{"line":550,"column":35}}],"line":549},"43":{"loc":{"start":{"line":583,"column":2},"end":{"line":585,"column":3}},"type":"if","locations":[{"start":{"line":583,"column":2},"end":{"line":585,"column":3}},{"start":{},"end":{}}],"line":583},"44":{"loc":{"start":{"line":583,"column":6},"end":{"line":583,"column":54}},"type":"binary-expr","locations":[{"start":{"line":583,"column":6},"end":{"line":583,"column":29}},{"start":{"line":583,"column":33},"end":{"line":583,"column":54}}],"line":583},"45":{"loc":{"start":{"line":599,"column":18},"end":{"line":599,"column":55}},"type":"binary-expr","locations":[{"start":{"line":599,"column":18},"end":{"line":599,"column":32}},{"start":{"line":599,"column":36},"end":{"line":599,"column":55}}],"line":599},"46":{"loc":{"start":{"line":618,"column":4},"end":{"line":619,"column":80}},"type":"if","locations":[{"start":{"line":618,"column":4},"end":{"line":619,"column":80}},{"start":{},"end":{}}],"line":618},"47":{"loc":{"start":{"line":638,"column":35},"end":{"line":638,"column":87}},"type":"cond-expr","locations":[{"start":{"line":638,"column":42},"end":{"line":638,"column":61}},{"start":{"line":638,"column":64},"end":{"line":638,"column":87}}],"line":638},"48":{"loc":{"start":{"line":674,"column":2},"end":{"line":676,"column":3}},"type":"if","locations":[{"start":{"line":674,"column":2},"end":{"line":676,"column":3}},{"start":{},"end":{}}],"line":674},"49":{"loc":{"start":{"line":674,"column":6},"end":{"line":674,"column":66}},"type":"binary-expr","locations":[{"start":{"line":674,"column":6},"end":{"line":674,"column":9}},{"start":{"line":674,"column":13},"end":{"line":674,"column":31}},{"start":{"line":674,"column":35},"end":{"line":674,"column":41}},{"start":{"line":674,"column":45},"end":{"line":674,"column":66}}],"line":674},"50":{"loc":{"start":{"line":678,"column":2},"end":{"line":680,"column":3}},"type":"if","locations":[{"start":{"line":678,"column":2},"end":{"line":680,"column":3}},{"start":{},"end":{}}],"line":678},"51":{"loc":{"start":{"line":678,"column":6},"end":{"line":678,"column":70}},"type":"binary-expr","locations":[{"start":{"line":678,"column":6},"end":{"line":678,"column":29}},{"start":{"line":678,"column":33},"end":{"line":678,"column":70}}],"line":678},"52":{"loc":{"start":{"line":687,"column":4},"end":{"line":755,"column":5}},"type":"if","locations":[{"start":{"line":687,"column":4},"end":{"line":755,"column":5}},{"start":{"line":722,"column":11},"end":{"line":755,"column":5}}],"line":687},"53":{"loc":{"start":{"line":689,"column":6},"end":{"line":689,"column":104}},"type":"if","locations":[{"start":{"line":689,"column":6},"end":{"line":689,"column":104}},{"start":{},"end":{}}],"line":689},"54":{"loc":{"start":{"line":694,"column":21},"end":{"line":694,"column":57}},"type":"binary-expr","locations":[{"start":{"line":694,"column":21},"end":{"line":694,"column":52}},{"start":{"line":694,"column":56},"end":{"line":694,"column":57}}],"line":694},"55":{"loc":{"start":{"line":695,"column":16},"end":{"line":695,"column":84}},"type":"cond-expr","locations":[{"start":{"line":695,"column":62},"end":{"line":695,"column":70}},{"start":{"line":695,"column":73},"end":{"line":695,"column":84}}],"line":695},"56":{"loc":{"start":{"line":722,"column":11},"end":{"line":755,"column":5}},"type":"if","locations":[{"start":{"line":722,"column":11},"end":{"line":755,"column":5}},{"start":{},"end":{}}],"line":722},"57":{"loc":{"start":{"line":724,"column":6},"end":{"line":724,"column":94}},"type":"if","locations":[{"start":{"line":724,"column":6},"end":{"line":724,"column":94}},{"start":{},"end":{}}],"line":724},"58":{"loc":{"start":{"line":729,"column":26},"end":{"line":729,"column":60}},"type":"binary-expr","locations":[{"start":{"line":729,"column":26},"end":{"line":729,"column":55}},{"start":{"line":729,"column":59},"end":{"line":729,"column":60}}],"line":729},"59":{"loc":{"start":{"line":730,"column":16},"end":{"line":730,"column":83}},"type":"cond-expr","locations":[{"start":{"line":730,"column":59},"end":{"line":730,"column":69}},{"start":{"line":730,"column":72},"end":{"line":730,"column":83}}],"line":730}},"s":{"0":4,"1":4,"2":4,"3":4,"4":4,"5":4,"6":4,"7":4,"8":4,"9":4,"10":4,"11":0,"12":0,"13":0,"14":0,"15":0,"16":0,"17":0,"18":0,"19":0,"20":0,"21":0,"22":0,"23":0,"24":0,"25":0,"26":0,"27":0,"28":0,"29":0,"30":0,"31":0,"32":0,"33":0,"34":2,"35":2,"36":2,"37":2,"38":1,"39":1,"40":1,"41":1,"42":0,"43":0,"44":0,"45":0,"46":0,"47":0,"48":0,"49":0,"50":0,"51":0,"52":0,"53":0,"54":0,"55":0,"56":0,"57":0,"58":0,"59":0,"60":0,"61":0,"62":0,"63":0,"64":0,"65":0,"66":0,"67":0,"68":0,"69":0,"70":0,"71":0,"72":0,"73":0,"74":0,"75":0,"76":0,"77":0,"78":0,"79":0,"80":0,"81":0,"82":0,"83":0,"84":0,"85":0,"86":0,"87":0,"88":0,"89":0,"90":0,"91":0,"92":0,"93":0,"94":0,"95":0,"96":0,"97":0,"98":0,"99":0,"100":0,"101":0,"102":0,"103":0,"104":0,"105":0,"106":0,"107":0,"108":0,"109":0,"110":0,"111":0,"112":0,"113":0,"114":0,"115":0,"116":0,"117":0,"118":0,"119":0,"120":0,"121":0,"122":0,"123":0,"124":0,"125":0,"126":0,"127":0,"128":0,"129":0,"130":0,"131":0,"132":0,"133":0,"134":0,"135":0,"136":0,"137":0,"138":0,"139":0,"140":0,"141":0,"142":0,"143":0,"144":0,"145":0,"146":0,"147":0,"148":0,"149":0,"150":0,"151":0,"152":0,"153":0,"154":0,"155":0,"156":0,"157":0,"158":0,"159":0,"160":0,"161":0,"162":0,"163":0,"164":0,"165":0,"166":0,"167":0,"168":0,"169":0,"170":0,"171":0,"172":0,"173":0,"174":0,"175":0,"176":0,"177":0,"178":0,"179":0,"180":0,"181":0,"182":0,"183":0,"184":0,"185":0,"186":0,"187":0,"188":0,"189":0,"190":0,"191":0,"192":0,"193":0,"194":0,"195":0,"196":0,"197":0,"198":0,"199":0,"200":0,"201":0,"202":0,"203":0,"204":0,"205":0,"206":0,"207":0,"208":0,"209":0,"210":0,"211":0,"212":0,"213":0,"214":0,"215":0,"216":0,"217":0,"218":0,"219":4,"220":0,"221":0,"222":0,"223":0,"224":0,"225":0,"226":0,"227":0,"228":0,"229":0,"230":0,"231":0,"232":0,"233":0,"234":0,"235":0,"236":0,"237":0,"238":0,"239":0,"240":0,"241":0,"242":0,"243":0,"244":0,"245":0,"246":0,"247":0,"248":0,"249":0,"250":0,"251":0,"252":0,"253":0,"254":0,"255":0,"256":0,"257":0,"258":0,"259":0,"260":0,"261":0,"262":0,"263":0,"264":0,"265":0,"266":0,"267":0,"268":0,"269":4},"f":{"0":0,"1":2,"2":0,"3":0,"4":0,"5":0,"6":0,"7":0,"8":0,"9":0,"10":0,"11":0,"12":0,"13":0,"14":0,"15":0,"16":0,"17":0,"18":0,"19":0,"20":0,"21":0,"22":0,"23":0},"b":{"0":[0],"1":[0],"2":[0,0],"3":[0,0],"4":[0,0],"5":[0,0],"6":[0,0],"7":[0,0],"8":[0,0],"9":[0],"10":[0],"11":[0,0],"12":[0,0],"13":[0,0],"14":[0,0],"15":[0,0],"16":[0,0],"17":[0,0],"18":[0,0],"19":[0,0],"20":[0,0],"21":[0,0],"22":[0,0],"23":[0,0],"24":[0,0],"25":[0,0],"26":[0,0],"27":[0,0],"28":[0,0],"29":[0,0],"30":[0,0],"31":[0,0],"32":[0,0],"33":[0,0],"34":[0,0],"35":[0,0],"36":[0,0],"37":[0,0],"38":[0,0],"39":[0,0],"40":[0,0],"41":[0,0],"42":[0,0],"43":[0,0],"44":[0,0],"45":[0,0],"46":[0,0],"47":[0,0],"48":[0,0],"49":[0,0,0,0],"50":[0,0],"51":[0,0],"52":[0,0],"53":[0,0],"54":[0,0],"55":[0,0],"56":[0,0],"57":[0,0],"58":[0,0],"59":[0,0]},"_coverageSchema":"1a1c01bbd47fc00a2c39e90264f33305004495a9","hash":"cde53c1cc2bf1a6259968b0986a49917c7de4027"}
,"C:\\Users\\venka\\FSD-Project\\Backend\\controllers\\admin.controller.js": {"path":"C:\\Users\\venka\\FSD-Project\\Backend\\controllers\\admin.controller.js","statementMap":{"0":{"start":{"line":1,"column":17},"end":{"line":1,"column":36}},"1":{"start":{"line":2,"column":19},"end":{"line":2,"column":40}},"2":{"start":{"line":3,"column":20},"end":{"line":3,"column":39}},"3":{"start":{"line":5,"column":23},"end":{"line":5,"column":53}},"4":{"start":{"line":11,"column":4},"end":{"line":11,"column":35}},"5":{"start":{"line":12,"column":36},"end":{"line":12,"column":71}},"6":{"start":{"line":15,"column":26},"end":{"line":15,"column":28}},"7":{"start":{"line":16,"column":25},"end":{"line":16,"column":55}},"8":{"start":{"line":17,"column":23},"end":{"line":17,"column":52}},"9":{"start":{"line":18,"column":28},"end":{"line":18,"column":62}},"10":{"start":{"line":20,"column":20},"end":{"line":26,"column":2}},"11":{"start":{"line":32,"column":2},"end":{"line":37,"column":3}},"12":{"start":{"line":33,"column":17},"end":{"line":33,"column":43}},"13":{"start":{"line":34,"column":4},"end":{"line":34,"column":42}},"14":{"start":{"line":36,"column":4},"end":{"line":36,"column":16}},"15":{"start":{"line":41,"column":2},"end":{"line":45,"column":3}},"16":{"start":{"line":42,"column":4},"end":{"line":42,"column":75}},"17":{"start":{"line":44,"column":4},"end":{"line":44,"column":43}},"18":{"start":{"line":49,"column":2},"end":{"line":54,"column":3}},"19":{"start":{"line":50,"column":17},"end":{"line":50,"column":50}},"20":{"start":{"line":51,"column":4},"end":{"line":51,"column":53}},"21":{"start":{"line":51,"column":25},"end":{"line":51,"column":53}},"22":{"start":{"line":53,"column":4},"end":{"line":53,"column":45}},"23":{"start":{"line":61,"column":2},"end":{"line":61,"column":84}},"24":{"start":{"line":65,"column":2},"end":{"line":69,"column":3}},"25":{"start":{"line":66,"column":18},"end":{"line":66,"column":47}},"26":{"start":{"line":67,"column":4},"end":{"line":67,"column":27}},"27":{"start":{"line":68,"column":4},"end":{"line":68,"column":16}},"28":{"start":{"line":70,"column":2},"end":{"line":70,"column":44}},"29":{"start":{"line":77,"column":19},"end":{"line":77,"column":37}},"30":{"start":{"line":78,"column":2},"end":{"line":134,"column":34}},"31":{"start":{"line":79,"column":19},"end":{"line":79,"column":44}},"32":{"start":{"line":80,"column":4},"end":{"line":80,"column":52}},"33":{"start":{"line":80,"column":16},"end":{"line":80,"column":52}},"34":{"start":{"line":93,"column":8},"end":{"line":109,"column":6}},"35":{"start":{"line":111,"column":24},"end":{"line":111,"column":74}},"36":{"start":{"line":112,"column":23},"end":{"line":112,"column":32}},"37":{"start":{"line":113,"column":4},"end":{"line":116,"column":7}},"38":{"start":{"line":114,"column":18},"end":{"line":114,"column":41}},"39":{"start":{"line":115,"column":6},"end":{"line":115,"column":67}},"40":{"start":{"line":118,"column":28},"end":{"line":123,"column":69}},"41":{"start":{"line":120,"column":23},"end":{"line":120,"column":47}},"42":{"start":{"line":121,"column":8},"end":{"line":121,"column":79}},"43":{"start":{"line":123,"column":22},"end":{"line":123,"column":57}},"44":{"start":{"line":125,"column":20},"end":{"line":130,"column":5}},"45":{"start":{"line":132,"column":4},"end":{"line":132,"column":39}},"46":{"start":{"line":133,"column":4},"end":{"line":133,"column":41}},"47":{"start":{"line":134,"column":20},"end":{"line":134,"column":32}},"48":{"start":{"line":140,"column":31},"end":{"line":173,"column":1}},"49":{"start":{"line":141,"column":19},"end":{"line":141,"column":43}},"50":{"start":{"line":142,"column":2},"end":{"line":172,"column":87}},"51":{"start":{"line":143,"column":19},"end":{"line":143,"column":44}},"52":{"start":{"line":144,"column":4},"end":{"line":144,"column":52}},"53":{"start":{"line":144,"column":16},"end":{"line":144,"column":52}},"54":{"start":{"line":146,"column":16},"end":{"line":146,"column":26}},"55":{"start":{"line":147,"column":50},"end":{"line":162,"column":6}},"56":{"start":{"line":164,"column":25},"end":{"line":168,"column":5}},"57":{"start":{"line":170,"column":4},"end":{"line":170,"column":44}},"58":{"start":{"line":171,"column":4},"end":{"line":171,"column":39}},"59":{"start":{"line":172,"column":20},"end":{"line":172,"column":85}},"60":{"start":{"line":178,"column":36},"end":{"line":208,"column":1}},"61":{"start":{"line":179,"column":19},"end":{"line":179,"column":48}},"62":{"start":{"line":180,"column":2},"end":{"line":207,"column":87}},"63":{"start":{"line":181,"column":19},"end":{"line":181,"column":44}},"64":{"start":{"line":182,"column":4},"end":{"line":182,"column":52}},"65":{"start":{"line":182,"column":16},"end":{"line":182,"column":52}},"66":{"start":{"line":184,"column":16},"end":{"line":184,"column":26}},"67":{"start":{"line":185,"column":38},"end":{"line":197,"column":6}},"68":{"start":{"line":199,"column":25},"end":{"line":203,"column":5}},"69":{"start":{"line":201,"column":56},"end":{"line":201,"column":83}},"70":{"start":{"line":201,"column":99},"end":{"line":201,"column":146}},"71":{"start":{"line":202,"column":49},"end":{"line":202,"column":76}},"72":{"start":{"line":202,"column":114},"end":{"line":202,"column":140}},"73":{"start":{"line":205,"column":4},"end":{"line":205,"column":44}},"74":{"start":{"line":206,"column":4},"end":{"line":206,"column":39}},"75":{"start":{"line":207,"column":20},"end":{"line":207,"column":85}},"76":{"start":{"line":213,"column":34},"end":{"line":243,"column":1}},"77":{"start":{"line":214,"column":19},"end":{"line":214,"column":46}},"78":{"start":{"line":215,"column":2},"end":{"line":242,"column":87}},"79":{"start":{"line":216,"column":19},"end":{"line":216,"column":44}},"80":{"start":{"line":217,"column":4},"end":{"line":217,"column":52}},"81":{"start":{"line":217,"column":16},"end":{"line":217,"column":52}},"82":{"start":{"line":219,"column":40},"end":{"line":227,"column":6}},"83":{"start":{"line":229,"column":25},"end":{"line":233,"column":10}},"84":{"start":{"line":230,"column":16},"end":{"line":230,"column":84}},"85":{"start":{"line":231,"column":6},"end":{"line":231,"column":48}},"86":{"start":{"line":232,"column":6},"end":{"line":232,"column":17}},"87":{"start":{"line":235,"column":25},"end":{"line":238,"column":5}},"88":{"start":{"line":237,"column":102},"end":{"line":237,"column":117}},"89":{"start":{"line":237,"column":165},"end":{"line":237,"column":187}},"90":{"start":{"line":240,"column":4},"end":{"line":240,"column":44}},"91":{"start":{"line":241,"column":4},"end":{"line":241,"column":39}},"92":{"start":{"line":242,"column":20},"end":{"line":242,"column":85}},"93":{"start":{"line":248,"column":21},"end":{"line":253,"column":1}},"94":{"start":{"line":249,"column":2},"end":{"line":252,"column":87}},"95":{"start":{"line":250,"column":19},"end":{"line":250,"column":80}},"96":{"start":{"line":251,"column":4},"end":{"line":251,"column":52}},"97":{"start":{"line":252,"column":20},"end":{"line":252,"column":85}},"98":{"start":{"line":255,"column":32},"end":{"line":271,"column":1}},"99":{"start":{"line":256,"column":2},"end":{"line":270,"column":87}},"100":{"start":{"line":257,"column":23},"end":{"line":257,"column":33}},"101":{"start":{"line":258,"column":59},"end":{"line":263,"column":6}},"102":{"start":{"line":264,"column":4},"end":{"line":264,"column":91}},"103":{"start":{"line":264,"column":15},"end":{"line":264,"column":91}},"104":{"start":{"line":265,"column":23},"end":{"line":265,"column":119}},"105":{"start":{"line":265,"column":50},"end":{"line":265,"column":70}},"106":{"start":{"line":265,"column":101},"end":{"line":265,"column":117}},"107":{"start":{"line":266,"column":4},"end":{"line":269,"column":7}},"108":{"start":{"line":268,"column":140},"end":{"line":268,"column":150}},"109":{"start":{"line":270,"column":20},"end":{"line":270,"column":85}},"110":{"start":{"line":273,"column":29},"end":{"line":295,"column":1}},"111":{"start":{"line":274,"column":44},"end":{"line":274,"column":53}},"112":{"start":{"line":276,"column":4},"end":{"line":294,"column":5}},"113":{"start":{"line":277,"column":8},"end":{"line":277,"column":57}},"114":{"start":{"line":279,"column":8},"end":{"line":288,"column":11}},"115":{"start":{"line":290,"column":8},"end":{"line":290,"column":48}},"116":{"start":{"line":293,"column":8},"end":{"line":293,"column":73}},"117":{"start":{"line":297,"column":28},"end":{"line":302,"column":1}},"118":{"start":{"line":298,"column":2},"end":{"line":301,"column":87}},"119":{"start":{"line":299,"column":17},"end":{"line":299,"column":75}},"120":{"start":{"line":300,"column":4},"end":{"line":300,"column":50}},"121":{"start":{"line":301,"column":20},"end":{"line":301,"column":85}},"122":{"start":{"line":304,"column":30},"end":{"line":317,"column":1}},"123":{"start":{"line":305,"column":2},"end":{"line":316,"column":87}},"124":{"start":{"line":306,"column":22},"end":{"line":306,"column":32}},"125":{"start":{"line":307,"column":39},"end":{"line":311,"column":6}},"126":{"start":{"line":312,"column":4},"end":{"line":312,"column":88}},"127":{"start":{"line":312,"column":14},"end":{"line":312,"column":88}},"128":{"start":{"line":313,"column":27},"end":{"line":313,"column":113}},"129":{"start":{"line":313,"column":85},"end":{"line":313,"column":107}},"130":{"start":{"line":314,"column":33},"end":{"line":314,"column":112}},"131":{"start":{"line":314,"column":81},"end":{"line":314,"column":106}},"132":{"start":{"line":315,"column":4},"end":{"line":315,"column":167}},"133":{"start":{"line":316,"column":20},"end":{"line":316,"column":85}},"134":{"start":{"line":319,"column":27},"end":{"line":343,"column":1}},"135":{"start":{"line":320,"column":43},"end":{"line":320,"column":52}},"136":{"start":{"line":322,"column":4},"end":{"line":342,"column":5}},"137":{"start":{"line":323,"column":8},"end":{"line":323,"column":54}},"138":{"start":{"line":325,"column":8},"end":{"line":336,"column":11}},"139":{"start":{"line":338,"column":8},"end":{"line":338,"column":48}},"140":{"start":{"line":341,"column":8},"end":{"line":341,"column":73}},"141":{"start":{"line":345,"column":33},"end":{"line":350,"column":1}},"142":{"start":{"line":346,"column":2},"end":{"line":349,"column":87}},"143":{"start":{"line":347,"column":22},"end":{"line":347,"column":98}},"144":{"start":{"line":348,"column":4},"end":{"line":348,"column":55}},"145":{"start":{"line":349,"column":20},"end":{"line":349,"column":85}},"146":{"start":{"line":352,"column":35},"end":{"line":368,"column":1}},"147":{"start":{"line":353,"column":2},"end":{"line":367,"column":87}},"148":{"start":{"line":354,"column":27},"end":{"line":354,"column":37}},"149":{"start":{"line":355,"column":15},"end":{"line":355,"column":33}},"150":{"start":{"line":356,"column":47},"end":{"line":360,"column":6}},"151":{"start":{"line":361,"column":4},"end":{"line":361,"column":94}},"152":{"start":{"line":361,"column":15},"end":{"line":361,"column":94}},"153":{"start":{"line":362,"column":36},"end":{"line":362,"column":148}},"154":{"start":{"line":362,"column":118},"end":{"line":362,"column":135}},"155":{"start":{"line":363,"column":4},"end":{"line":366,"column":7}},"156":{"start":{"line":365,"column":77},"end":{"line":365,"column":99}},"157":{"start":{"line":365,"column":170},"end":{"line":365,"column":196}},"158":{"start":{"line":365,"column":293},"end":{"line":365,"column":301}},"159":{"start":{"line":365,"column":340},"end":{"line":365,"column":348}},"160":{"start":{"line":367,"column":20},"end":{"line":367,"column":85}},"161":{"start":{"line":370,"column":32},"end":{"line":396,"column":1}},"162":{"start":{"line":371,"column":48},"end":{"line":371,"column":57}},"163":{"start":{"line":373,"column":4},"end":{"line":395,"column":5}},"164":{"start":{"line":374,"column":8},"end":{"line":374,"column":69}},"165":{"start":{"line":376,"column":8},"end":{"line":389,"column":11}},"166":{"start":{"line":391,"column":8},"end":{"line":391,"column":48}},"167":{"start":{"line":394,"column":8},"end":{"line":394,"column":73}},"168":{"start":{"line":398,"column":28},"end":{"line":405,"column":1}},"169":{"start":{"line":399,"column":2},"end":{"line":404,"column":87}},"170":{"start":{"line":400,"column":35},"end":{"line":400,"column":45}},"171":{"start":{"line":401,"column":26},"end":{"line":401,"column":122}},"172":{"start":{"line":402,"column":18},"end":{"line":402,"column":132}},"173":{"start":{"line":402,"column":86},"end":{"line":402,"column":94}},"174":{"start":{"line":403,"column":4},"end":{"line":403,"column":262}},"175":{"start":{"line":403,"column":92},"end":{"line":403,"column":130}},"176":{"start":{"line":403,"column":108},"end":{"line":403,"column":129}},"177":{"start":{"line":403,"column":132},"end":{"line":403,"column":255}},"178":{"start":{"line":404,"column":20},"end":{"line":404,"column":85}},"179":{"start":{"line":407,"column":26},"end":{"line":414,"column":1}},"180":{"start":{"line":408,"column":2},"end":{"line":413,"column":87}},"181":{"start":{"line":409,"column":27},"end":{"line":409,"column":37}},"182":{"start":{"line":410,"column":22},"end":{"line":410,"column":116}},"183":{"start":{"line":411,"column":18},"end":{"line":411,"column":128}},"184":{"start":{"line":411,"column":82},"end":{"line":411,"column":90}},"185":{"start":{"line":412,"column":4},"end":{"line":412,"column":250}},"186":{"start":{"line":412,"column":88},"end":{"line":412,"column":126}},"187":{"start":{"line":412,"column":104},"end":{"line":412,"column":125}},"188":{"start":{"line":412,"column":128},"end":{"line":412,"column":243}},"189":{"start":{"line":413,"column":20},"end":{"line":413,"column":85}},"190":{"start":{"line":416,"column":30},"end":{"line":423,"column":1}},"191":{"start":{"line":417,"column":2},"end":{"line":422,"column":107}},"192":{"start":{"line":418,"column":30},"end":{"line":418,"column":40}},"193":{"start":{"line":419,"column":26},"end":{"line":419,"column":82}},"194":{"start":{"line":420,"column":18},"end":{"line":420,"column":132}},"195":{"start":{"line":420,"column":86},"end":{"line":420,"column":94}},"196":{"start":{"line":421,"column":4},"end":{"line":421,"column":300}},"197":{"start":{"line":421,"column":98},"end":{"line":421,"column":136}},"198":{"start":{"line":421,"column":114},"end":{"line":421,"column":135}},"199":{"start":{"line":421,"column":138},"end":{"line":421,"column":293}},"200":{"start":{"line":422,"column":20},"end":{"line":422,"column":105}},"201":{"start":{"line":425,"column":0},"end":{"line":442,"column":2}}},"fnMap":{"0":{"name":"getCached","decl":{"start":{"line":31,"column":15},"end":{"line":31,"column":24}},"loc":{"start":{"line":31,"column":30},"end":{"line":38,"column":1}},"line":31},"1":{"name":"setCached","decl":{"start":{"line":40,"column":15},"end":{"line":40,"column":24}},"loc":{"start":{"line":40,"column":37},"end":{"line":46,"column":1}},"line":40},"2":{"name":"clearAdminCache","decl":{"start":{"line":48,"column":15},"end":{"line":48,"column":30}},"loc":{"start":{"line":48,"column":33},"end":{"line":55,"column":1}},"line":48},"3":{"name":"monthLabel","decl":{"start":{"line":60,"column":9},"end":{"line":60,"column":19}},"loc":{"start":{"line":60,"column":33},"end":{"line":62,"column":1}},"line":60},"4":{"name":"validateObjectId","decl":{"start":{"line":64,"column":9},"end":{"line":64,"column":25}},"loc":{"start":{"line":64,"column":40},"end":{"line":71,"column":1}},"line":64},"5":{"name":"Getadmin","decl":{"start":{"line":76,"column":15},"end":{"line":76,"column":23}},"loc":{"start":{"line":76,"column":40},"end":{"line":135,"column":1}},"line":76},"6":{"name":"(anonymous_6)","decl":{"start":{"line":113,"column":50},"end":{"line":113,"column":51}},"loc":{"start":{"line":113,"column":55},"end":{"line":116,"column":5}},"line":113},"7":{"name":"(anonymous_7)","decl":{"start":{"line":119,"column":11},"end":{"line":119,"column":12}},"loc":{"start":{"line":119,"column":23},"end":{"line":122,"column":7}},"line":119},"8":{"name":"(anonymous_8)","decl":{"start":{"line":123,"column":12},"end":{"line":123,"column":13}},"loc":{"start":{"line":123,"column":22},"end":{"line":123,"column":57}},"line":123},"9":{"name":"(anonymous_9)","decl":{"start":{"line":140,"column":31},"end":{"line":140,"column":32}},"loc":{"start":{"line":140,"column":51},"end":{"line":173,"column":1}},"line":140},"10":{"name":"(anonymous_10)","decl":{"start":{"line":178,"column":36},"end":{"line":178,"column":37}},"loc":{"start":{"line":178,"column":56},"end":{"line":208,"column":1}},"line":178},"11":{"name":"(anonymous_11)","decl":{"start":{"line":201,"column":51},"end":{"line":201,"column":52}},"loc":{"start":{"line":201,"column":56},"end":{"line":201,"column":83}},"line":201},"12":{"name":"(anonymous_12)","decl":{"start":{"line":201,"column":90},"end":{"line":201,"column":91}},"loc":{"start":{"line":201,"column":99},"end":{"line":201,"column":146}},"line":201},"13":{"name":"(anonymous_13)","decl":{"start":{"line":202,"column":44},"end":{"line":202,"column":45}},"loc":{"start":{"line":202,"column":49},"end":{"line":202,"column":76}},"line":202},"14":{"name":"(anonymous_14)","decl":{"start":{"line":202,"column":109},"end":{"line":202,"column":110}},"loc":{"start":{"line":202,"column":114},"end":{"line":202,"column":140}},"line":202},"15":{"name":"(anonymous_15)","decl":{"start":{"line":213,"column":34},"end":{"line":213,"column":35}},"loc":{"start":{"line":213,"column":54},"end":{"line":243,"column":1}},"line":213},"16":{"name":"(anonymous_16)","decl":{"start":{"line":229,"column":42},"end":{"line":229,"column":43}},"loc":{"start":{"line":229,"column":54},"end":{"line":233,"column":5}},"line":229},"17":{"name":"(anonymous_17)","decl":{"start":{"line":237,"column":82},"end":{"line":237,"column":83}},"loc":{"start":{"line":237,"column":102},"end":{"line":237,"column":117}},"line":237},"18":{"name":"(anonymous_18)","decl":{"start":{"line":237,"column":153},"end":{"line":237,"column":154}},"loc":{"start":{"line":237,"column":165},"end":{"line":237,"column":187}},"line":237},"19":{"name":"(anonymous_19)","decl":{"start":{"line":248,"column":21},"end":{"line":248,"column":22}},"loc":{"start":{"line":248,"column":41},"end":{"line":253,"column":1}},"line":248},"20":{"name":"(anonymous_20)","decl":{"start":{"line":255,"column":32},"end":{"line":255,"column":33}},"loc":{"start":{"line":255,"column":52},"end":{"line":271,"column":1}},"line":255},"21":{"name":"(anonymous_21)","decl":{"start":{"line":265,"column":45},"end":{"line":265,"column":46}},"loc":{"start":{"line":265,"column":50},"end":{"line":265,"column":70}},"line":265},"22":{"name":"(anonymous_22)","decl":{"start":{"line":265,"column":96},"end":{"line":265,"column":97}},"loc":{"start":{"line":265,"column":101},"end":{"line":265,"column":117}},"line":265},"23":{"name":"(anonymous_23)","decl":{"start":{"line":268,"column":125},"end":{"line":268,"column":126}},"loc":{"start":{"line":268,"column":140},"end":{"line":268,"column":150}},"line":268},"24":{"name":"(anonymous_24)","decl":{"start":{"line":273,"column":29},"end":{"line":273,"column":30}},"loc":{"start":{"line":273,"column":49},"end":{"line":295,"column":1}},"line":273},"25":{"name":"(anonymous_25)","decl":{"start":{"line":297,"column":28},"end":{"line":297,"column":29}},"loc":{"start":{"line":297,"column":48},"end":{"line":302,"column":1}},"line":297},"26":{"name":"(anonymous_26)","decl":{"start":{"line":304,"column":30},"end":{"line":304,"column":31}},"loc":{"start":{"line":304,"column":50},"end":{"line":317,"column":1}},"line":304},"27":{"name":"(anonymous_27)","decl":{"start":{"line":313,"column":80},"end":{"line":313,"column":81}},"loc":{"start":{"line":313,"column":85},"end":{"line":313,"column":107}},"line":313},"28":{"name":"(anonymous_28)","decl":{"start":{"line":314,"column":76},"end":{"line":314,"column":77}},"loc":{"start":{"line":314,"column":81},"end":{"line":314,"column":106}},"line":314},"29":{"name":"(anonymous_29)","decl":{"start":{"line":319,"column":27},"end":{"line":319,"column":28}},"loc":{"start":{"line":319,"column":47},"end":{"line":343,"column":1}},"line":319},"30":{"name":"(anonymous_30)","decl":{"start":{"line":345,"column":33},"end":{"line":345,"column":34}},"loc":{"start":{"line":345,"column":53},"end":{"line":350,"column":1}},"line":345},"31":{"name":"(anonymous_31)","decl":{"start":{"line":352,"column":35},"end":{"line":352,"column":36}},"loc":{"start":{"line":352,"column":55},"end":{"line":368,"column":1}},"line":352},"32":{"name":"(anonymous_32)","decl":{"start":{"line":362,"column":113},"end":{"line":362,"column":114}},"loc":{"start":{"line":362,"column":118},"end":{"line":362,"column":135}},"line":362},"33":{"name":"(anonymous_33)","decl":{"start":{"line":365,"column":65},"end":{"line":365,"column":66}},"loc":{"start":{"line":365,"column":77},"end":{"line":365,"column":99}},"line":365},"34":{"name":"(anonymous_34)","decl":{"start":{"line":365,"column":158},"end":{"line":365,"column":159}},"loc":{"start":{"line":365,"column":170},"end":{"line":365,"column":196}},"line":365},"35":{"name":"(anonymous_35)","decl":{"start":{"line":365,"column":288},"end":{"line":365,"column":289}},"loc":{"start":{"line":365,"column":293},"end":{"line":365,"column":301}},"line":365},"36":{"name":"(anonymous_36)","decl":{"start":{"line":365,"column":335},"end":{"line":365,"column":336}},"loc":{"start":{"line":365,"column":340},"end":{"line":365,"column":348}},"line":365},"37":{"name":"(anonymous_37)","decl":{"start":{"line":370,"column":32},"end":{"line":370,"column":33}},"loc":{"start":{"line":370,"column":52},"end":{"line":396,"column":1}},"line":370},"38":{"name":"(anonymous_38)","decl":{"start":{"line":398,"column":28},"end":{"line":398,"column":29}},"loc":{"start":{"line":398,"column":48},"end":{"line":405,"column":1}},"line":398},"39":{"name":"(anonymous_39)","decl":{"start":{"line":402,"column":81},"end":{"line":402,"column":82}},"loc":{"start":{"line":402,"column":86},"end":{"line":402,"column":94}},"line":402},"40":{"name":"(anonymous_40)","decl":{"start":{"line":403,"column":71},"end":{"line":403,"column":72}},"loc":{"start":{"line":403,"column":76},"end":{"line":403,"column":257}},"line":403},"41":{"name":"(anonymous_41)","decl":{"start":{"line":403,"column":103},"end":{"line":403,"column":104}},"loc":{"start":{"line":403,"column":108},"end":{"line":403,"column":129}},"line":403},"42":{"name":"(anonymous_42)","decl":{"start":{"line":407,"column":26},"end":{"line":407,"column":27}},"loc":{"start":{"line":407,"column":46},"end":{"line":414,"column":1}},"line":407},"43":{"name":"(anonymous_43)","decl":{"start":{"line":411,"column":77},"end":{"line":411,"column":78}},"loc":{"start":{"line":411,"column":82},"end":{"line":411,"column":90}},"line":411},"44":{"name":"(anonymous_44)","decl":{"start":{"line":412,"column":67},"end":{"line":412,"column":68}},"loc":{"start":{"line":412,"column":72},"end":{"line":412,"column":245}},"line":412},"45":{"name":"(anonymous_45)","decl":{"start":{"line":412,"column":99},"end":{"line":412,"column":100}},"loc":{"start":{"line":412,"column":104},"end":{"line":412,"column":125}},"line":412},"46":{"name":"(anonymous_46)","decl":{"start":{"line":416,"column":30},"end":{"line":416,"column":31}},"loc":{"start":{"line":416,"column":50},"end":{"line":423,"column":1}},"line":416},"47":{"name":"(anonymous_47)","decl":{"start":{"line":420,"column":81},"end":{"line":420,"column":82}},"loc":{"start":{"line":420,"column":86},"end":{"line":420,"column":94}},"line":420},"48":{"name":"(anonymous_48)","decl":{"start":{"line":421,"column":78},"end":{"line":421,"column":79}},"loc":{"start":{"line":421,"column":83},"end":{"line":421,"column":295}},"line":421},"49":{"name":"(anonymous_49)","decl":{"start":{"line":421,"column":109},"end":{"line":421,"column":110}},"loc":{"start":{"line":421,"column":114},"end":{"line":421,"column":135}},"line":421}},"branchMap":{"0":{"loc":{"start":{"line":34,"column":11},"end":{"line":34,"column":41}},"type":"cond-expr","locations":[{"start":{"line":34,"column":
[...]
line":2,"column":15},"end":{"line":2,"column":31}},"2":{"start":{"line":4,"column":22},"end":{"line":4,"column":62}},"3":{"start":{"line":5,"column":15},"end":{"line":5,"column":41}},"4":{"start":{"line":7,"column":21},"end":{"line":7,"column":62}},"5":{"start":{"line":8,"column":23},"end":{"line":8,"column":64}},"6":{"start":{"line":10,"column":21},"end":{"line":10,"column":56}},"7":{"start":{"line":12,"column":0},"end":{"line":12,"column":57}},"8":{"start":{"line":14,"column":0},"end":{"line":14,"column":60}},"9":{"start":{"line":16,"column":0},"end":{"line":21,"column":2}},"10":{"start":{"line":23,"column":0},"end":{"line":29,"column":2}},"11":{"start":{"line":31,"column":0},"end":{"line":37,"column":2}},"12":{"start":{"line":39,"column":0},"end":{"line":39,"column":50}},"13":{"start":{"line":41,"column":0},"end":{"line":48,"column":3}},"14":{"start":{"line":42,"column":2},"end":{"line":47,"column":3}},"15":{"start":{"line":43,"column":22},"end":{"line":43,"column":74}},"16":{"start":{"line":44,"column":4},"end":{"line":44,"column":24}},"17":{"start":{"line":46,"column":4},"end":{"line":46,"column":65}},"18":{"start":{"line":50,"column":0},"end":{"line":55,"column":2}},"19":{"start":{"line":57,"column":0},"end":{"line":62,"column":2}},"20":{"start":{"line":64,"column":0},"end":{"line":69,"column":2}},"21":{"start":{"line":71,"column":0},"end":{"line":71,"column":51}},"22":{"start":{"line":73,"column":0},"end":{"line":78,"column":2}},"23":{"start":{"line":80,"column":0},"end":{"line":80,"column":72}},"24":{"start":{"line":83,"column":0},"end":{"line":83,"column":82}},"25":{"start":{"line":85,"column":0},"end":{"line":85,"column":24}}},"fnMap":{"0":{"name":"(anonymous_0)","decl":{"start":{"line":41,"column":34},"end":{"line":41,"column":35}},"loc":{"start":{"line":41,"column":54},"end":{"line":48,"column":1}},"line":41}},"branchMap":{},"s":{"0":4,"1":4,"2":4,"3":4,"4":4,"5":4,"6":4,"7":4,"8":4,"9":4,"10":4,"11":4,"12":4,"13":4,"14":0,"15":0,"16":0,"17":0,"18":4,"19":4,"20":4,"21":4,"22":4,"23":4,"24":4,"25":4},"f":{"0":0},"b":{},"_coverageSchema":"1a1c01bbd47fc00a2c39e90264f33305004495a9","hash":"6a7813b0462388526560348b921044acf127ebb6"}
,"C:\\Users\\venka\\FSD-Project\\Backend\\routes\\admin.routes.js": {"path":"C:\\Users\\venka\\FSD-Project\\Backend\\routes\\admin.routes.js","statementMap":{"0":{"start":{"line":1,"column":16},"end":{"line":1,"column":34}},"1":{"start":{"line":2,"column":15},"end":{"line":2,"column":31}},"2":{"start":{"line":4,"column":18},"end":{"line":4,"column":60}},"3":{"start":{"line":5,"column":21},"end":{"line":5,"column":62}},"4":{"start":{"line":6,"column":23},"end":{"line":6,"column":64}},"5":{"start":{"line":8,"column":0},"end":{"line":13,"column":2}},"6":{"start":{"line":15,"column":0},"end":{"line":15,"column":56}},"7":{"start":{"line":17,"column":0},"end":{"line":18,"column":61}},"8":{"start":{"line":20,"column":0},"end":{"line":21,"column":66}},"9":{"start":{"line":23,"column":0},"end":{"line":24,"column":57}},"10":{"start":{"line":26,"column":0},"end":{"line":27,"column":63}},"11":{"start":{"line":29,"column":0},"end":{"line":30,"column":56}},"12":{"start":{"line":33,"column":0},"end":{"line":34,"column":60}},"13":{"start":{"line":36,"column":0},"end":{"line":37,"column":51}},"14":{"start":{"line":39,"column":0},"end":{"line":40,"column":62}},"15":{"start":{"line":42,"column":0},"end":{"line":43,"column":59}},"16":{"start":{"line":45,"column":0},"end":{"line":46,"column":57}},"17":{"start":{"line":48,"column":0},"end":{"line":49,"column":60}},"18":{"start":{"line":51,"column":0},"end":{"line":52,"column":57}},"19":{"start":{"line":54,"column":0},"end":{"line":55,"column":63}},"20":{"start":{"line":57,"column":0},"end":{"line":58,"column":65}},"21":{"start":{"line":60,"column":0},"end":{"line":61,"column":62}},"22":{"start":{"line":63,"column":0},"end":{"line":63,"column":24}}},"fnMap":{},"branchMap":{},"s":{"0":4,"1":4,"2":4,"3":4,"4":4,"5":4,"6":4,"7":4,"8":4,"9":4,"10":4,"11":4,"12":4,"13":4,"14":4,"15":4,"16":4,"17":4,"18":4,"19":4,"20":4,"21":4,"22":4},"f":{},"b":{},"_coverageSchema":"1a1c01bbd47fc00a2c39e90264f33305004495a9","hash":"d3c6f1e962610466f6d6a30aaa97c3048b47c9cb"}
,"C:\\Users\\venka\\FSD-Project\\Backend\\routes\\auth.routes.js": {"path":"C:\\Users\\venka\\FSD-Project\\Backend\\routes\\auth.routes.js","statementMap":{"0":{"start":{"line":1,"column":16},"end":{"line":1,"column":34}},"1":{"start":{"line":2,"column":15},"end":{"line":2,"column":31}},"2":{"start":{"line":4,"column":23},"end":{"line":4,"column":64}},"3":{"start":{"line":5,"column":21},"end":{"line":5,"column":62}},"4":{"start":{"line":7,"column":0},"end":{"line":7,"column":50}},"5":{"start":{"line":9,"column":0},"end":{"line":9,"column":48}},"6":{"start":{"line":11,"column":0},"end":{"line":11,"column":57}},"7":{"start":{"line":13,"column":0},"end":{"line":13,"column":66}},"8":{"start":{"line":15,"column":0},"end":{"line":15,"column":50}},"9":{"start":{"line":17,"column":0},"end":{"line":17,"column":62}},"10":{"start":{"line":19,"column":0},"end":{"line":19,"column":24}}},"fnMap":{},"branchMap":{},"s":{"0":4,"1":4,"2":4,"3":4,"4":4,"5":4,"6":4,"7":4,"8":4,"9":4,"10":4},"f":{},"b":{},"_coverageSchema":"1a1c01bbd47fc00a2c39e90264f33305004495a9","hash":"38401bb7aed0c1aa90985403f608fa2b089465a3"}
,"C:\\Users\\venka\\FSD-Project\\Backend\\routes\\base.routes.js": {"path":"C:\\Users\\venka\\FSD-Project\\Backend\\routes\\base.routes.js","statementMap":{"0":{"start":{"line":1,"column":16},"end":{"line":1,"column":34}},"1":{"start":{"line":2,"column":15},"end":{"line":2,"column":31}},"2":{"start":{"line":4,"column":23},"end":{"line":4,"column":64}},"3":{"start":{"line":6,"column":0},"end":{"line":6,"column":50}},"4":{"start":{"line":8,"column":0},"end":{"line":8,"column":24}}},"fnMap":{},"branchMap":{},"s":{"0":4,"1":4,"2":4,"3":4,"4":4},"f":{},"b":{},"_coverageSchema":"1a1c01bbd47fc00a2c39e90264f33305004495a9","hash":"7deaaf6801c77c3a0e1ca54166c155346c4b2ef1"}
,"C:\\Users\\venka\\FSD-Project\\Backend\\routes\\carehomes.routes.js": {"path":"C:\\Users\\venka\\FSD-Project\\Backend\\routes\\carehomes.routes.js","statementMap":{"0":{"start":{"line":1,"column":16},"end":{"line":1,"column":34}},"1":{"start":{"line":2,"column":15},"end":{"line":2,"column":31}},"2":{"start":{"line":4,"column":28},"end":{"line":4,"column":73}},"3":{"start":{"line":5,"column":15},"end":{"line":5,"column":41}},"4":{"start":{"line":7,"column":21},"end":{"line":7,"column":62}},"5":{"start":{"line":8,"column":23},"end":{"line":8,"column":64}},"6":{"start":{"line":10,"column":0},"end":{"line":15,"column":2}},"7":{"start":{"line":16,"column":0},"end":{"line":21,"column":2}},"8":{"start":{"line":23,"column":0},"end":{"line":28,"column":2}},"9":{"start":{"line":30,"column":0},"end":{"line":35,"column":2}},"10":{"start":{"line":37,"column":0},"end":{"line":37,"column":66}},"11":{"start":{"line":38,"column":0},"end":{"line":38,"column":57}},"12":{"start":{"line":40,"column":0},"end":{"line":43,"column":2}},"13":{"start":{"line":44,"column":0},"end":{"line":49,"column":2}},"14":{"start":{"line":52,"column":0},"end":{"line":56,"column":2}},"15":{"start":{"line":58,"column":0},"end":{"line":63,"column":2}},"16":{"start":{"line":65,"column":0},"end":{"line":70,"column":2}},"17":{"start":{"line":72,"column":0},"end":{"line":77,"column":2}},"18":{"start":{"line":79,"column":0},"end":{"line":84,"column":2}},"19":{"start":{"line":86,"column":0},"end":{"line":91,"column":2}},"20":{"start":{"line":93,"column":0},"end":{"line":98,"column":2}},"21":{"start":{"line":100,"column":0},"end":{"line":105,"column":2}},"22":{"start":{"line":107,"column":0},"end":{"line":113,"column":2}},"23":{"start":{"line":115,"column":0},"end":{"line":115,"column":72}},"24":{"start":{"line":117,"column":0},"end":{"line":117,"column":24}}},"fnMap":{},"branchMap":{},"s":{"0":4,"1":4,"2":4,"3":4,"4":4,"5":4,"6":4,"7":4,"8":4,"9":4,"10":4,"11":4,"12":4,"13":4,"14":4,"15":4,"16":4,"17":4,"18":4,"19":4,"20":4,"21":4,"22":4,"23":4,"24":4},"f":{},"b":{},"_coverageSchema":"1a1c01bbd47fc00a2c39e90264f33305004495a9","hash":"0b19cc9da81fc40a2a145522cde70ed1ca223637"}
,"C:\\Users\\venka\\FSD-Project\\Backend\\routes\\corporate.routes.js": {"path":"C:\\Users\\venka\\FSD-Project\\Backend\\routes\\corporate.routes.js","statementMap":{"0":{"start":{"line":2,"column":16},"end":{"line":2,"column":34}},"1":{"start":{"line":3,"column":15},"end":{"line":3,"column":31}},"2":{"start":{"line":5,"column":28},"end":{"line":5,"column":74}},"3":{"start":{"line":7,"column":0},"end":{"line":7,"column":73}},"4":{"start":{"line":9,"column":0},"end":{"line":9,"column":24}}},"fnMap":{},"branchMap":{},"s":{"0":4,"1":4,"2":4,"3":4,"4":4},"f":{},"b":{},"_coverageSchema":"1a1c01bbd47fc00a2c39e90264f33305004495a9","hash":"b9725a890f899df680e08bd80da585b532ec919b"}
,"C:\\Users\\venka\\FSD-Project\\Backend\\routes\\donors.routes.js": {"path":"C:\\Users\\venka\\FSD-Project\\Backend\\routes\\donors.routes.js","statementMap":{"0":{"start":{"line":1,"column":16},"end":{"line":1,"column":34}},"1":{"start":{"line":2,"column":15},"end":{"line":2,"column":31}},"2":{"start":{"line":4,"column":25},"end":{"line":4,"column":68}},"3":{"start":{"line":6,"column":30},"end":{"line":6,"column":78}},"4":{"start":{"line":8,"column":26},"end":{"line":8,"column":70}},"5":{"start":{"line":10,"column":21},"end":{"line":10,"column":62}},"6":{"start":{"line":11,"column":23},"end":{"line":11,"column":64}},"7":{"start":{"line":13,"column":0},"end":{"line":18,"column":2}},"8":{"start":{"line":20,"column":0},"end":{"line":25,"column":2}},"9":{"start":{"line":27,"column":0},"end":{"line":32,"column":2}},"10":{"start":{"line":34,"column":0},"end":{"line":35,"column":60}},"11":{"start":{"line":37,"column":0},"end":{"line":42,"column":2}},"12":{"start":{"line":44,"column":0},"end":{"line":44,"column":59}},"13":{"start":{"line":46,"column":0},"end":{"line":46,"column":107}},"14":{"start":{"line":48,"column":0},"end":{"line":48,"column":117}},"15":{"start":{"line":50,"column":0},"end":{"line":50,"column":24}}},"fnMap":{},"branchMap":{},"s":{"0":4,"1":4,"2":4,"3":4,"4":4,"5":4,"6":4,"7":4,"8":4,"9":4,"10":4,"11":4,"12":4,"13":4,"14":4,"15":4},"f":{},"b":{},"_coverageSchema":"1a1c01bbd47fc00a2c39e90264f33305004495a9","hash":"ba33b4c2e5bd6328d6a3be9fbc2af898f0e2b5c9"}
,"C:\\Users\\venka\\FSD-Project\\Backend\\routes\\impactStories.routes.js": {"path":"C:\\Users\\venka\\FSD-Project\\Backend\\routes\\impactStories.routes.js","statementMap":{"0":{"start":{"line":1,"column":16},"end":{"line":1,"column":34}},"1":{"start":{"line":2,"column":15},"end":{"line":2,"column":31}},"2":{"start":{"line":3,"column":76},"end":{"line":3,"column":126}},"3":{"start":{"line":4,"column":15},"end":{"line":4,"column":32}},"4":{"start":{"line":5,"column":13},"end":{"line":5,"column":28}},"5":{"start":{"line":8,"column":16},"end":{"line":21,"column":2}},"6":{"start":{"line":10,"column":21},"end":{"line":10,"column":38}},"7":{"start":{"line":11,"column":4},"end":{"line":15,"column":5}},"8":{"start":{"line":12,"column":6},"end":{"line":12,"column":33}},"9":{"start":{"line":13,"column":11},"end":{"line":15,"column":5}},"10":{"start":{"line":14,"column":6},"end":{"line":14,"column":30}},"11":{"start":{"line":16,"column":4},"end":{"line":16,"column":25}},"12":{"start":{"line":19,"column":4},"end":{"line":19,"column":59}},"13":{"start":{"line":23,"column":15},"end":{"line":23,"column":34}},"14":{"start":{"line":26,"column":0},"end":{"line":26,"column":52}},"15":{"start":{"line":27,"column":0},"end":{"line":27,"column":77}},"16":{"start":{"line":28,"column":0},"end":{"line":28,"column":83}},"17":{"start":{"line":30,"column":0},"end":{"line":30,"column":24}}},"fnMap":{"0":{"name":"(anonymous_0)","decl":{"start":{"line":9,"column":15},"end":{"line":9,"column":16}},"loc":{"start":{"line":9,"column":34},"end":{"line":17,"column":3}},"line":9},"1":{"name":"(anonymous_1)","decl":{"start":{"line":18,"column":12},"end":{"line":18,"column":13}},"loc":{"start":{"line":18,"column":31},"end":{"line":20,"column":3}},"line":18}},"branchMap":{"0":{"loc":{"start":{"line":11,"column":4},"end":{"line":15,"column":5}},"type":"if","locations":[{"start":{"line":11,"column":4},"end":{"line":15,"column":5}},{"start":{"line":13,"column":11},"end":{"line":15,"column":5}}],"line":11},"1":{"loc":{"start":{"line":13,"column":11},"end":{"line":15,"column":5}},"type":"if","locations":[{"start":{"line":13,"column":11},"end":{"line":15,"column":5}},{"start":{},"end":{}}],"line":13}},"s":{"0":4,"1":4,"2":4,"3":4,"4":4,"5":4,"6":0,"7":0,"8":0,"9":0,"10":0,"11":0,"12":0,"13":4,"14":4,"15":4,"16":4,"17":4},"f":{"0":0,"1":0},"b":{"0":[0,0],"1":[0,0]},"_coverageSchema":"1a1c01bbd47fc00a2c39e90264f33305004495a9","hash":"2f70196eb7838d555d694dc017cbfc7ddb6ab20c"}
,"C:\\Users\\venka\\FSD-Project\\Backend\\routes\\notification.routes.js": {"path":"C:\\Users\\venka\\FSD-Project\\Backend\\routes\\notification.routes.js","statementMap":{"0":{"start":{"line":1,"column":16},"end":{"line":1,"column":34}},"1":{"start":{"line":2,"column":15},"end":{"line":2,"column":31}},"2":{"start":{"line":3,"column":21},"end":{"line":3,"column":62}},"3":{"start":{"line":4,"column":21},"end":{"line":4,"column":54}},"4":{"start":{"line":7,"column":0},"end":{"line":22,"column":3}},"5":{"start":{"line":8,"column":4},"end":{"line":21,"column":5}},"6":{"start":{"line":9,"column":30},"end":{"line":15,"column":15}},"7":{"start":{"line":17,"column":28},"end":{"line":17,"column":71}},"8":{"start":{"line":17,"column":54},"end":{"line":17,"column":63}},"9":{"start":{"line":18,"column":8},"end":{"line":18,"column":64}},"10":{"start":{"line":20,"column":8},"end":{"line":20,"column":18}},"11":{"start":{"line":25,"column":0},"end":{"line":32,"column":3}},"12":{"start":{"line":26,"column":4},"end":{"line":31,"column":5}},"13":{"start":{"line":27,"column":8},"end":{"line":27,"column":78}},"14":{"start":{"line":28,"column":8},"end":{"line":28,"column":36}},"15":{"start":{"line":30,"column":8},"end":{"line":30,"column":18}},"16":{"start":{"line":35,"column":0},"end":{"line":45,"column":3}},"17":{"start":{"line":36,"column":4},"end":{"line":44,"column":5}},"18":{"start":{"line":37,"column":8},"end":{"line":40,"column":10}},"19":{"start":{"line":41,"column":8},"end":{"line":41,"column":36}},"20":{"start":{"line":43,"column":8},"end":{"line":43,"column":18}},"21":{"start":{"line":47,"column":0},"end":{"line":47,"column":24}}},"fnMap":{"0":{"name":"(anonymous_0)","decl":{"start":{"line":7,"column":47},"end":{"line":7,"column":48}},"loc":{"start":{"line":7,"column":73},"end":{"line":22,"column":1}},"line":7},"1":{"name":"(anonymous_1)","decl":{"start":{"line":17,"column":49},"end":{"line":17,"column":50}},"loc":{"start":{"line":17,"column":54},"end":{"line":17,"column":63}},"line":17},"2":{"name":"(anonymous_2)","decl":{"start":{"line":25,"column":58},"end":{"line":25,"column":59}},"loc":{"start":{"line":25,"column":84},"end":{"line":32,"column":1}},"line":25},"3":{"name":"(anonymous_3)","decl":{"start":{"line":35,"column":58},"end":{"line":35,"column":59}},"loc":{"start":{"line":35,"column":84},"end":{"line":45,"column":1}},"line":35}},"branchMap":{},"s":{"0":4,"1":4,"2":4,"3":4,"4":4,"5":0,"6":0,"7":0,"8":0,"9":0,"10":0,"11":4,"12":0,"13":0,"14":0,"15":0,"16":4,"17":0,"18":0,"19":0,"20":0,"21":4},"f":{"0":0,"1":0,"2":0,"3":0},"b":{},"_coverageSchema":"1a1c01bbd47fc00a2c39e90264f33305004495a9","hash":"c4027527f0b48ba13ba1cebd2646843f93caa126"}
,"C:\\Users\\venka\\FSD-Project\\Backend\\services\\errorMailer.js": {"path":"C:\\Users\\venka\\FSD-Project\\Backend\\services\\errorMailer.js","statementMap":{"0":{"start":{"line":1,"column":19},"end":{"line":1,"column":40}},"1":{"start":{"line":3,"column":20},"end":{"line":9,"column":2}},"2":{"start":{"line":11,"column":19},"end":{"line":17,"column":1}},"3":{"start":{"line":19,"column":23},"end":{"line":37,"column":1}},"4":{"start":{"line":20,"column":2},"end":{"line":36,"column":3}},"5":{"start":{"line":21,"column":4},"end":{"line":33,"column":7}},"6":{"start":{"line":35,"column":4},"end":{"line":35,"column":46}},"7":{"start":{"line":39,"column":0},"end":{"line":39,"column":32}}},"fnMap":{"0":{"name":"(anonymous_0)","decl":{"start":{"line":19,"column":23},"end":{"line":19,"column":24}},"loc":{"start":{"line":19,"column":68},"end":{"line":37,"column":1}},"line":19}},"branchMap":{},"s":{"0":4,"1":4,"2":4,"3":4,"4":3,"5":3,"6":0,"7":4},"f":{"0":3},"b":{},"_coverageSchema":"1a1c01bbd47fc00a2c39e90264f33305004495a9","hash":"6303c27e8a66b356844e2263c0c0ae3f1a1612a1"}
,"C:\\Users\\venka\\FSD-Project\\Backend\\services\\notificationService.js": {"path":"C:\\Users\\venka\\FSD-Project\\Backend\\services\\notificationService.js","statementMap":{"0":{"start":{"line":1,"column":21},"end":{"line":1,"column":54}},"1":{"start":{"line":4,"column":25},"end":{"line":10,"column":6}},"2":{"start":{"line":12,"column":17},"end":{"line":12,"column":55}},"3":{"start":{"line":13,"column":4},"end":{"line":20,"column":7}},"4":{"start":{"line":22,"column":4},"end":{"line":22,"column":24}},"5":{"start":{"line":25,"column":0},"end":{"line":25,"column":38}}},"fnMap":{"0":{"name":"sendNotification","decl":{"start":{"line":3,"column":15},"end":{"line":3,"column":31}},"loc":{"start":{"line":3,"column":89},"end":{"line":23,"column":1}},"line":3}},"branchMap":{},"s":{"0":4,"1":4,"2":4,"3":4,"4":4,"5":4},"f":{"0":4},"b":{},"_coverageSchema":"1a1c01bbd47fc00a2c39e90264f33305004495a9","hash":"73748d6a6490f62e85ec810360ee5d0626c07a0b"}
,"C:\\Users\\venka\\FSD-Project\\Backend\\services\\otpService.js": {"path":"C:\\Users\\venka\\FSD-Project\\Backend\\services\\otpService.js","statementMap":{"0":{"start":{"line":1,"column":19},"end":{"line":1,"column":40}},"1":{"start":{"line":3,"column":20},"end":{"line":5,"column":1}},"2":{"start":{"line":4,"column":2},"end":{"line":4,"column":64}},"3":{"start":{"line":7,"column":20},"end":{"line":13,"column":2}},"4":{"start":{"line":15,"column":21},"end":{"line":34,"column":1}},"5":{"start":{"line":16,"column":22},"end":{"line":31,"column":3}},"6":{"start":{"line":33,"column":2},"end":{"line":33,"column":49}},"7":{"start":{"line":36,"column":26},"end":{"line":52,"column":1}},"8":{"start":{"line":37,"column":22},"end":{"line":49,"column":3}},"9":{"start":{"line":51,"column":2},"end":{"line":51,"column":49}},"10":{"start":{"line":54,"column":26},"end":{"line":70,"column":1}},"11":{"start":{"line":55,"column":22},"end":{"line":67,"column":3}},"12":{"start":{"line":69,"column":2},"end":{"line":69,"column":49}},"13":{"start":{"line":72,"column":35},"end":{"line":96,"column":1}},"14":{"start":{"line":73,"column":22},"end":{"line":93,"column":3}},"15":{"start":{"line":95,"column":2},"end":{"line":95,"column":49}},"16":{"start":{"line":98,"column":0},"end":{"line":104,"column":2}}},"fnMap":{"0":{"name":"(anonymous_0)","decl":{"start":{"line":3,"column":20},"end":{"line":3,"column":21}},"loc":{"start":{"line":3,"column":26},"end":{"line":5,"column":1}},"line":3},"1":{"name":"(anonymous_1)","decl":{"start":{"line":15,"column":21},"end":{"line":15,"column":22}},"loc":{"start":{"line":15,"column":43},"end":{"line":34,"column":1}},"line":15},"2":{"name":"(anonymous_2)","decl":{"start":{"line":36,"column":26},"end":{"line":36,"column":27}},"loc":{"start":{"line":36,"column":63},"end":{"line":52,"column":1}},"line":36},"3":{"name":"(anonymous_3)","decl":{"start":{"line":54,"column":26},"end":{"line":54,"column":27}},"loc":{"start":{"line":54,"column":63},"end":{"line":70,"column":1}},"line":54},"4":{"name":"(anonymous_4)","decl":{"start":{"line":72,"column":35},"end":{"line":72,"column":36}},"loc":{"start":{"line":72,"column":82},"end":{"line":96,"column":1}},"line":72}},"branchMap":{},"s":{"0":4,"1":4,"2":0,"3":4,"4":4,"5":0,"6":0,"7":4,"8":0,"9":0,"10":4,"11":0,"12":0,"13":4,"14":0,"15":0,"16":4},"f":{"0":0,"1":0,"2":0,"3":0,"4":0},"b":{},"_coverageSchema":"1a1c01bbd47fc00a2c39e90264f33305004495a9","hash":"6992b23c19766ce0d8b609c669f4d19e1e80df82"}
}
