TN:
SF:app.js
FN:30,(anonymous_0)
FN:38,(anonymous_1)
FN:71,(anonymous_2)
FN:75,(anonymous_3)
FN:106,(anonymous_4)
FN:113,(anonymous_5)
FN:132,(anonymous_6)
FNF:7
FNH:6
FNDA:10,(anonymous_0)
FNDA:10,(anonymous_1)
FNDA:6,(anonymous_2)
FNDA:36,(anonymous_3)
FNDA:0,(anonymous_4)
FNDA:2,(anonymous_5)
FNDA:3,(anonymous_6)
DA:1,3
DA:2,3
DA:3,3
DA:4,3
DA:5,3
DA:6,3
DA:7,3
DA:8,3
DA:10,3
DA:11,3
DA:12,3
DA:14,3
DA:19,3
DA:24,3
DA:26,3
DA:27,3
DA:30,10
DA:33,3
DA:34,3
DA:35,3
DA:36,3
DA:37,3
DA:39,10
DA:40,0
DA:41,0
DA:46,3
DA:47,3
DA:48,3
DA:49,3
DA:50,3
DA:51,3
DA:52,3
DA:54,3
DA:55,3
DA:56,3
DA:57,3
DA:58,3
DA:59,3
DA:60,3
DA:61,3
DA:64,3
DA:65,3
DA:66,3
DA:68,3
DA:69,3
DA:71,3
DA:72,6
DA:73,6
DA:75,6
DA:76,36
DA:77,36
DA:79,36
DA:81,36
DA:82,36
DA:83,36
DA:84,15
DA:86,21
DA:89,0
DA:94,3
DA:95,3
DA:97,3
DA:98,3
DA:101,0
DA:106,3
DA:107,0
DA:108,0
DA:109,0
DA:113,3
DA:114,2
DA:115,2
DA:117,2
DA:119,2
DA:126,2
DA:132,3
LF:74
LH:67
BRDA:39,0,0,10
BRDA:39,0,1,0
BRDA:40,1,0,0
BRDA:40,1,1,0
BRDA:73,2,0,0
BRDA:73,2,1,6
BRDA:79,3,0,0
BRDA:79,3,1,36
BRDA:79,4,0,36
BRDA:79,4,1,36
BRDA:79,4,2,36
BRDA:83,5,0,15
BRDA:83,5,1,21
BRDA:114,6,0,2
BRDA:114,6,1,2
BRDA:115,7,0,2
BRDA:115,7,1,0
BRF:17
BRH:11
end_of_record
TN:
SF:multerConfig.js
FN:6,(anonymous_0)
FN:26,(anonymous_1)
FNF:2
FNH:0
FNDA:0,(anonymous_0)
FNDA:0,(anonymous_1)
DA:1,3
DA:2,3
DA:3,3
DA:5,3
DA:7,0
DA:9,0
DA:10,0
DA:11,0
DA:12,0
DA:13,0
DA:14,0
DA:15,0
DA:18,0
DA:20,0
DA:21,0
DA:24,0
DA:27,0
DA:31,3
DA:33,3
LF:19
LH:6
BRDA:9,0,0,0
BRDA:9,0,1,0
BRDA:10,1,0,0
BRDA:10,1,1,0
BRDA:12,2,0,0
BRDA:12,2,1,0
BRDA:14,3,0,0
BRDA:14,3,1,0
BRDA:20,4,0,0
BRDA:20,4,1,0
BRF:10
BRH:0
end_of_record
TN:
SF:controllers\NGO.controller.js
FN:16,get_allngo
FN:99,register
FN:130,getEditNGOProfile
FN:159,getEvents
FN:206,getallFundraisers
FN:256,editNGOProfile
FN:309,createEvent
FN:358,createFundraiser
FN:414,getEventDetails
FN:445,registerUser
FN:497,getNGO
FN:529,(anonymous_11)
FN:538,(anonymous_12)
FN:545,(anonymous_13)
FN:571,editEvent
FN:604,(anonymous_15)
FN:621,(anonymous_16)
FN:627,(anonymous_17)
FN:628,(anonymous_18)
FN:635,(anonymous_19)
FN:638,(anonymous_20)
FN:641,(anonymous_21)
FN:642,(anonymous_22)
FN:662,getCampaignDetails
FNF:24
FNH:0
FNDA:0,get_allngo
FNDA:0,register
FNDA:0,getEditNGOProfile
FNDA:0,getEvents
FNDA:0,getallFundraisers
FNDA:0,editNGOProfile
FNDA:0,createEvent
FNDA:0,createFundraiser
FNDA:0,getEventDetails
FNDA:0,registerUser
FNDA:0,getNGO
FNDA:0,(anonymous_11)
FNDA:0,(anonymous_12)
FNDA:0,(anonymous_13)
FNDA:0,editEvent
FNDA:0,(anonymous_15)
FNDA:0,(anonymous_16)
FNDA:0,(anonymous_17)
FNDA:0,(anonymous_18)
FNDA:0,(anonymous_19)
FNDA:0,(anonymous_20)
FNDA:0,(anonymous_21)
FNDA:0,(anonymous_22)
FNDA:0,getCampaignDetails
DA:1,3
DA:2,3
DA:3,3
DA:4,3
DA:5,3
DA:9,3
DA:10,3
DA:11,3
DA:12,3
DA:13,3
DA:17,0
DA:18,0
DA:19,0
DA:20,0
DA:23,0
DA:24,0
DA:25,0
DA:26,0
DA:30,0
DA:33,0
DA:34,0
DA:35,0
DA:37,0
DA:39,0
DA:40,0
DA:43,0
DA:47,0
DA:80,0
DA:82,0
DA:90,0
DA:92,0
DA:93,0
DA:95,0
DA:100,0
DA:101,0
DA:103,0
DA:116,0
DA:118,0
DA:123,0
DA:125,0
DA:126,0
DA:131,0
DA:133,0
DA:134,0
DA:137,0
DA:140,0
DA:144,0
DA:145,0
DA:149,0
DA:154,0
DA:155,0
DA:160,0
DA:161,0
DA:162,0
DA:163,0
DA:164,0
DA:166,0
DA:169,0
DA:170,0
DA:171,0
DA:172,0
DA:175,0
DA:176,0
DA:177,0
DA:180,0
DA:181,0
DA:182,0
DA:184,0
DA:185,0
DA:186,0
DA:190,0
DA:197,0
DA:199,0
DA:200,0
DA:202,0
DA:207,0
DA:208,0
DA:209,0
DA:210,0
DA:212,0
DA:214,0
DA:215,0
DA:216,0
DA:217,0
DA:220,0
DA:221,0
DA:225,0
DA:227,0
DA:229,0
DA:230,0
DA:232,0
DA:233,0
DA:234,0
DA:238,0
DA:239,0
DA:242,0
DA:246,0
DA:248,0
DA:249,0
DA:251,0
DA:257,0
DA:258,0
DA:260,0
DA:261,0
DA:267,0
DA:269,0
DA:270,0
DA:285,0
DA:286,0
DA:287,0
DA:288,0
DA:293,0
DA:298,0
DA:304,0
DA:305,0
DA:310,0
DA:311,0
DA:313,0
DA:314,0
DA:320,0
DA:322,0
DA:323,0
DA:324,0
DA:329,0
DA:331,0
DA:342,0
DA:345,0
DA:347,0
DA:352,0
DA:353,0
DA:354,0
DA:359,0
DA:360,0
DA:362,0
DA:363,0
DA:373,0
DA:375,0
DA:376,0
DA:377,0
DA:383,0
DA:385,0
DA:398,0
DA:402,0
DA:404,0
DA:409,0
DA:410,0
DA:415,0
DA:416,0
DA:419,0
DA:424,0
DA:425,0
DA:429,0
DA:433,0
DA:441,0
DA:446,0
DA:447,0
DA:448,0
DA:449,0
DA:451,0
DA:456,0
DA:457,0
DA:460,0
DA:466,0
DA:467,0
DA:472,0
DA:481,0
DA:483,0
DA:488,0
DA:492,0
DA:493,0
DA:498,0
DA:499,0
DA:501,0
DA:502,0
DA:505,0
DA:506,0
DA:507,0
DA:508,0
DA:509,0
DA:512,0
DA:515,0
DA:521,0
DA:523,0
DA:526,0
DA:527,0
DA:528,0
DA:529,0
DA:530,0
DA:531,0
DA:532,0
DA:535,0
DA:536,0
DA:537,0
DA:538,0
DA:539,0
DA:540,0
DA:541,0
DA:545,0
DA:547,0
DA:562,0
DA:563,0
DA:564,0
DA:567,0
DA:572,0
DA:574,0
DA:575,0
DA:586,0
DA:588,0
DA:589,0
DA:597,0
DA:599,0
DA:600,0
DA:604,3
DA:605,0
DA:607,0
DA:608,0
DA:609,0
DA:610,0
DA:612,0
DA:621,0
DA:622,0
DA:627,0
DA:628,0
DA:629,0
DA:632,0
DA:634,0
DA:635,0
DA:637,0
DA:638,0
DA:641,0
DA:642,0
DA:644,0
DA:655,0
DA:656,0
DA:663,0
DA:665,0
DA:666,0
DA:669,0
DA:670,0
DA:673,0
DA:674,0
DA:675,0
DA:676,0
DA:678,0
DA:679,0
DA:680,0
DA:682,0
DA:690,0
DA:713,0
DA:714,0
DA:715,0
DA:717,0
DA:725,0
DA:748,0
DA:750,0
DA:751,0
DA:755,3
LF:257
LH:12
BRDA:18,0,0,0
BRDA:18,1,0,0
BRDA:20,2,0,0
BRDA:20,2,1,0
BRDA:24,3,0,0
BRDA:24,3,1,0
BRDA:33,4,0,0
BRDA:33,4,1,0
BRDA:34,5,0,0
BRDA:34,5,1,0
BRDA:133,6,0,0
BRDA:133,6,1,0
BRDA:133,7,0,0
BRDA:133,7,1,0
BRDA:144,8,0,0
BRDA:144,8,1,0
BRDA:161,9,0,0
BRDA:161,10,0,0
BRDA:166,11,0,0
BRDA:166,11,1,0
BRDA:170,12,0,0
BRDA:170,12,1,0
BRDA:180,13,0,0
BRDA:180,13,1,0
BRDA:181,14,0,0
BRDA:181,14,1,0
BRDA:212,15,0,0
BRDA:212,15,1,0
BRDA:212,16,0,0
BRDA:212,16,1,0
BRDA:215,17,0,0
BRDA:215,17,1,0
BRDA:227,18,0,0
BRDA:227,18,1,0
BRDA:229,19,0,0
BRDA:229,19,1,0
BRDA:238,20,0,0
BRDA:238,20,1,0
BRDA:260,21,0,0
BRDA:260,21,1,0
BRDA:260,22,0,0
BRDA:260,22,1,0
BRDA:285,23,0,0
BRDA:285,23,1,0
BRDA:313,24,0,0
BRDA:313,24,1,0
BRDA:313,25,0,0
BRDA:313,25,1,0
BRDA:323,26,0,0
BRDA:323,26,1,0
BRDA:362,27,0,0
BRDA:362,27,1,0
BRDA:362,28,0,0
BRDA:362,28,1,0
BRDA:376,29,0,0
BRDA:376,29,1,0
BRDA:394,30,0,0
BRDA:394,30,1,0
BRDA:424,31,0,0
BRDA:424,31,1,0
BRDA:437,32,0,0
BRDA:437,32,1,0
BRDA:456,33,0,0
BRDA:456,33,1,0
BRDA:466,34,0,0
BRDA:466,34,1,0
BRDA:501,35,0,0
BRDA:501,35,1,0
BRDA:501,36,0,0
BRDA:501,36,1,0
BRDA:507,37,0,0
BRDA:507,37,1,0
BRDA:523,38,0,0
BRDA:523,38,1,0
BRDA:530,39,0,0
BRDA:530,39,1,0
BRDA:531,40,0,0
BRDA:531,40,1,0
BRDA:539,41,0,0
BRDA:539,41,1,0
BRDA:540,42,0,0
BRDA:540,42,1,0
BRDA:574,43,0,0
BRDA:574,43,1,0
BRDA:574,44,0,0
BRDA:574,44,1,0
BRDA:590,45,0,0
BRDA:590,45,1,0
BRDA:609,46,0,0
BRDA:609,46,1,0
BRDA:629,47,0,0
BRDA:629,47,1,0
BRDA:665,48,0,0
BRDA:665,48,1,0
BRDA:665,49,0,0
BRDA:665,49,1,0
BRDA:665,49,2,0
BRDA:665,49,3,0
BRDA:669,50,0,0
BRDA:669,50,1,0
BRDA:669,51,0,0
BRDA:669,51,1,0
BRDA:678,52,0,0
BRDA:678,52,1,0
BRDA:680,53,0,0
BRDA:680,53,1,0
BRDA:685,54,0,0
BRDA:685,54,1,0
BRDA:686,55,0,0
BRDA:686,55,1,0
BRDA:713,56,0,0
BRDA:713,56,1,0
BRDA:715,57,0,0
BRDA:715,57,1,0
BRDA:720,58,0,0
BRDA:720,58,1,0
BRDA:721,59,0,0
BRDA:721,59,1,0
BRF:118
BRH:0
end_of_record
TN:
SF:controllers\admin.controller.js
FN:31,getCached
FN:40,setCached
FN:48,clearAdminCache
FN:60,monthLabel
FN:64,validateObjectId
FN:76,Getadmin
FN:113,(anonymous_6)
FN:119,(anonymous_7)
FN:123,(anonymous_8)
FN:140,(anonymous_9)
FN:178,(anonymous_10)
FN:201,(anonymous_11)
FN:201,(anonymous_12)
FN:202,(anonymous_13)
FN:202,(anonymous_14)
FN:213,(anonymous_15)
FN:229,(anonymous_16)
FN:237,(anonymous_17)
FN:237,(anonymous_18)
FN:248,(anonymous_19)
FN:255,(anonymous_20)
FN:265,(anonymous_21)
FN:265,(anonymous_22)
FN:268,(anonymous_23)
FN:273,(anonymous_24)
FN:297,(anonymous_25)
FN:304,(anonymous_26)
FN:313,(anonymous_27)
FN:314,(anonymous_28)
FN:319,(anonymous_29)
FN:345,(anonymous_30)
FN:352,(anonymous_31)
FN:362,(anonymous_32)
FN:365,(anonymous_33)
FN:365,(anonymous_34)
FN:365,(anonymous_35)
FN:365,(anonymous_36)
FN:370,(anonymous_37)
FN:398,(anonymous_38)
FN:402,(anonymous_39)
FN:403,(anonymous_40)
FN:403,(anonymous_41)
FN:407,(anonymous_42)
FN:411,(anonymous_43)
FN:412,(anonymous_44)
FN:412,(anonymous_45)
FN:416,(anonymous_46)
FN:420,(anonymous_47)
FN:421,(anonymous_48)
FN:421,(anonymous_49)
FNF:50
FNH:0
FNDA:0,getCached
FNDA:0,setCached
FNDA:0,clearAdminCache
FNDA:0,monthLabel
FNDA:0,validateObjectId
FNDA:0,Getadmin
FNDA:0,(anonymous_6)
FNDA:0,(anonymous_7)
FNDA:0,(anonymous_8)
FNDA:0,(anonymous_9)
FNDA:0,(anonymous_10)
FNDA:0,(anonymous_11)
FNDA:0,(anonymous_12)
FNDA:0,(anonymous_13)
FNDA:0,(anonymous_14)
FNDA:0,(anonymous_15)
FNDA:0,(anonymous_16)
FNDA:0,(anonymous_17)
FNDA:0,(anonymous_18)
FNDA:0,(anonymous_19)
FNDA:0,(anonymous_20)
FNDA:0,(anonymous_21)
FNDA:0,(anonymous_22)
FNDA:0,(anonymous_23)
FNDA:0,(anonymous_24)
FNDA:0,(anonymous_25)
FNDA:0,(anonymous_26)
FNDA:0,(anonymous_27)
FNDA:0,(anonymous_28)
FNDA:0,(anonymous_29)
FNDA:0,(anonymous_30)
FNDA:0,(anonymous_31)
FNDA:0,(anonymous_32)
FNDA:0,(anonymous_33)
FNDA:0,(anonymous_34)
FNDA:0,(anonymous_35)
FNDA:0,(anonymous_36)
FNDA:0,(anonymous_37)
FNDA:0,(anonymous_38)
FNDA:0,(anonymous_39)
FNDA:0,(anonymous_40)
FNDA:0,(anonymous_41)
FNDA:0,(anonymous_42)
FNDA:0,(anonymous_43)
FNDA:0,(anonymous_44)
FNDA:0,(anonymous_45)
FNDA:0,(anonymous_46)
FNDA:0,(anonymous_47)
FNDA:0,(anonymous_48)
FNDA:0,(anonymous_49)
DA:1,3
DA:2,3
DA:3,3
DA:5,3
DA:11,3
DA:12,3
DA:15,3
DA:16,3
DA:17,3
DA:18,3
DA:20,3
DA:32,0
DA:33,0
DA:34,0
DA:36,0
DA:41,0
DA:42,0
DA:44,0
DA:49,0
DA:50,0
DA:51,0
DA:53,0
DA:61,0
DA:65,0
DA:66,0
DA:67,0
DA:68,0
DA:70,0
DA:77,0
DA:78,0
DA:79,0
DA:80,0
DA:93,0
DA:111,0
DA:112,0
DA:113,0
DA:114,0
DA:115,0
DA:118,0
DA:120,0
DA:121,0
DA:123,0
DA:125,0
DA:132,0
DA:133,0
DA:134,0
DA:140,3
DA:141,0
DA:142,0
DA:143,0
DA:144,0
DA:146,0
DA:147,0
DA:164,0
DA:170,0
DA:171,0
DA:172,0
DA:178,3
DA:179,0
DA:180,0
DA:181,0
DA:182,0
DA:184,0
DA:185,0
DA:199,0
DA:201,0
DA:202,0
DA:205,0
DA:206,0
DA:207,0
DA:213,3
DA:214,0
DA:215,0
DA:216,0
DA:217,0
DA:219,0
DA:229,0
DA:230,0
DA:231,0
DA:232,0
DA:235,0
DA:237,0
DA:240,0
DA:241,0
DA:242,0
DA:248,3
DA:249,0
DA:250,0
DA:251,0
DA:252,0
DA:255,3
DA:256,0
DA:257,0
DA:258,0
DA:264,0
DA:265,0
DA:266,0
DA:268,0
DA:270,0
DA:273,3
DA:274,0
DA:276,0
DA:277,0
DA:279,0
DA:290,0
DA:293,0
DA:297,3
DA:298,0
DA:299,0
DA:300,0
DA:301,0
DA:304,3
DA:305,0
DA:306,0
DA:307,0
DA:312,0
DA:313,0
DA:314,0
DA:315,0
DA:316,0
DA:319,3
DA:320,0
DA:322,0
DA:323,0
DA:325,0
DA:338,0
DA:341,0
DA:345,3
DA:346,0
DA:347,0
DA:348,0
DA:349,0
DA:352,3
DA:353,0
DA:354,0
DA:355,0
DA:356,0
DA:361,0
DA:362,0
DA:363,0
DA:365,0
DA:367,0
DA:370,3
DA:371,0
DA:373,0
DA:374,0
DA:376,0
DA:391,0
DA:394,0
DA:398,3
DA:399,0
DA:400,0
DA:401,0
DA:402,0
DA:403,0
DA:404,0
DA:407,3
DA:408,0
DA:409,0
DA:410,0
DA:411,0
DA:412,0
DA:413,0
DA:416,3
DA:417,0
DA:418,0
DA:419,0
DA:420,0
DA:421,0
DA:422,0
DA:425,3
LF:171
LH:27
BRDA:34,0,0,0
BRDA:34,0,1,0
BRDA:51,1,0,0
BRDA:51,1,1,0
BRDA:65,2,0,0
BRDA:65,2,1,0
BRDA:80,3,0,0
BRDA:80,3,1,0
BRDA:111,4,0,0
BRDA:111,4,1,0
BRDA:111,5,0,0
BRDA:111,5,1,0
BRDA:115,6,0,0
BRDA:115,6,1,0
BRDA:115,7,0,0
BRDA:115,7,1,0
BRDA:123,8,0,0
BRDA:123,8,1,0
BRDA:126,9,0,0
BRDA:126,9,1,0
BRDA:127,10,0,0
BRDA:127,10,1,0
BRDA:144,11,0,0
BRDA:144,11,1,0
BRDA:166,12,0,0
BRDA:166,12,1,0
BRDA:166,13,0,0
BRDA:166,13,1,0
BRDA:182,14,0,0
BRDA:182,14,1,0
BRDA:217,15,0,0
BRDA:217,15,1,0
BRDA:231,16,0,0
BRDA:231,16,1,0
BRDA:264,17,0,0
BRDA:264,17,1,0
BRDA:268,18,0,0
BRDA:268,18,1,0
BRDA:312,19,0,0
BRDA:312,19,1,0
BRDA:313,20,0,0
BRDA:313,20,1,0
BRDA:314,21,0,0
BRDA:314,21,1,0
BRDA:361,22,0,0
BRDA:361,22,1,0
BRDA:403,23,0,0
BRDA:403,23,1,0
BRDA:403,24,0,0
BRDA:403,24,1,0
BRDA:412,25,0,0
BRDA:412,25,1,0
BRDA:412,26,0,0
BRDA:412,26,1,0
BRDA:421,27,0,0
BRDA:421,27,1,0
BRDA:421,28,0,0
BRDA:421,28,1,0
BRDA:421,29,0,0
BRDA:421,29,1,0
BRDA:421,29,2,0
BRF:61
BRH:0
end_of_record
TN:
SF:controllers\application.controller.js
FN:5,(anonymous_0)
FNF:1
FNH:0
FNDA:0,(anonymous_0)
DA:1,3
DA:3,3
DA:5,3
DA:6,0
DA:7,0
DA:9,0
DA:10,0
DA:16,0
DA:18,0
DA:19,0
DA:25,0
DA:26,0
DA:27,0
DA:33,0
DA:34,0
DA:35,0
DA:41,0
DA:51,0
DA:53,0
DA:58,0
DA:59,0
DA:63,3
LF:22
LH:4
BRDA:9,0,0,0
BRDA:9,0,1,0
BRDA:9,1,0,0
BRDA:9,1,1,0
BRDA:18,2,0,0
BRDA:18,2,1,0
BRDA:26,3,0,0
BRDA:26,3,1,0
BRDA:34,4,0,0
BRDA:34,4,1,0
BRF:10
BRH:0
end_of_record
TN:
SF:controllers\auth.controller.js
FN:14,signup
FN:47,login
FN:112,verifyOTP
FN:188,forgotPassword
FN:223,checkAuth
FN:262,logout
FNF:6
FNH:0
FNDA:0,signup
FNDA:0,login
FNDA:0,verifyOTP
FNDA:0,forgotPassword
FNDA:0,checkAuth
FNDA:0,logout
DA:1,3
DA:2,3
DA:4,3
DA:5,3
DA:6,3
DA:8,3
DA:11,3
DA:12,3
DA:15,0
DA:17,0
DA:18,0
DA:19,0
DA:20,0
DA:26,0
DA:34,0
DA:36,0
DA:41,0
DA:42,0
DA:43,0
DA:48,0
DA:50,0
DA:51,0
DA:53,0
DA:54,0
DA:55,0
DA:56,0
DA:57,0
DA:58,0
DA:59,0
DA:60,0
DA:61,0
DA:62,0
DA:64,0
DA:67,0
DA:70,0
DA:73,0
DA:74,0
DA:81,0
DA:82,0
DA:83,0
DA:84,0
DA:91,0
DA:92,0
DA:93,0
DA:94,0
DA:96,0
DA:98,0
DA:106,0
DA:107,0
DA:108,0
DA:113,0
DA:115,0
DA:116,0
DA:118,0
DA:119,0
DA:120,0
DA:122,0
DA:123,0
DA:129,0
DA:130,0
DA:131,0
DA:133,0
DA:136,0
DA:142,0
DA:153,0
DA:159,0
DA:160,0
DA:162,0
DA:163,0
DA:165,0
DA:166,0
DA:168,0
DA:169,0
DA:171,0
DA:172,0
DA:175,0
DA:182,0
DA:183,0
DA:184,0
DA:189,0
DA:191,0
DA:192,0
DA:194,0
DA:195,0
DA:196,0
DA:198,0
DA:199,0
DA:205,0
DA:206,0
DA:207,0
DA:208,0
DA:210,0
DA:212,0
DA:217,0
DA:218,0
DA:219,0
DA:224,0
DA:225,0
DA:228,0
DA:229,0
DA:236,0
DA:238,0
DA:239,0
DA:240,0
DA:241,0
DA:242,0
DA:243,0
DA:246,0
DA:247,0
DA:250,0
DA:256,0
DA:257,0
DA:258,0
DA:263,0
DA:264,0
DA:270,3
LF:116
LH:9
BRDA:19,0,0,0
BRDA:19,0,1,0
BRDA:31,1,0,0
BRDA:31,1,1,0
BRDA:53,2,0,0
BRDA:53,2,1,0
BRDA:55,3,0,0
BRDA:55,3,1,0
BRDA:57,4,0,0
BRDA:57,4,1,0
BRDA:59,5,0,0
BRDA:59,5,1,0
BRDA:60,6,0,0
BRDA:60,6,1,0
BRDA:60,7,0,0
BRDA:60,7,1,0
BRDA:62,8,0,0
BRDA:62,8,1,0
BRDA:73,9,0,0
BRDA:73,9,1,0
BRDA:81,10,0,0
BRDA:81,10,1,0
BRDA:83,11,0,0
BRDA:83,11,1,0
BRDA:118,12,0,0
BRDA:118,12,1,0
BRDA:119,13,0,0
BRDA:119,13,1,0
BRDA:119,14,0,0
BRDA:119,14,1,0
BRDA:120,15,0,0
BRDA:120,15,1,0
BRDA:122,16,0,0
BRDA:122,16,1,0
BRDA:122,17,0,0
BRDA:122,17,1,0
BRDA:122,17,2,0
BRDA:136,18,0,0
BRDA:136,18,1,0
BRDA:138,19,0,0
BRDA:138,19,1,0
BRDA:140,20,0,0
BRDA:140,20,1,0
BRDA:146,21,0,0
BRDA:146,21,1,0
BRDA:160,22,0,0
BRDA:160,22,1,0
BRDA:160,22,2,0
BRDA:160,22,3,0
BRDA:194,23,0,0
BRDA:194,23,1,0
BRDA:195,24,0,0
BRDA:195,24,1,0
BRDA:196,25,0,0
BRDA:196,25,1,0
BRDA:198,26,0,0
BRDA:198,26,1,0
BRDA:228,27,0,0
BRDA:228,27,1,0
BRDA:238,28,0,0
BRDA:238,28,1,0
BRDA:240,29,0,0
BRDA:240,29,1,0
BRDA:242,30,0,0
BRDA:242,30,1,0
BRDA:246,31,0,0
BRDA:246,31,1,0
BRDA:252,32,0,0
BRDA:252,32,1,0
BRF:69
BRH:0
end_of_record
TN:
SF:controllers\base.controller.js
FN:3,getLandingPage
FN:16,getNGO
FN:20,(anonymous_2)
FN:21,(anonymous_3)
FN:31,(anonymous_4)
FN:32,(anonymous_5)
FN:42,(anonymous_6)
FN:43,(anonymous_7)
FN:53,(anonymous_8)
FN:54,(anonymous_9)
FN:64,(anonymous_10)
FN:65,(anonymous_11)
FNF:12
FNH:0
FNDA:0,getLandingPage
FNDA:0,getNGO
FNDA:0,(anonymous_2)
FNDA:0,(anonymous_3)
FNDA:0,(anonymous_4)
FNDA:0,(anonymous_5)
FNDA:0,(anonymous_6)
FNDA:0,(anonymous_7)
FNDA:0,(anonymous_8)
FNDA:0,(anonymous_9)
FNDA:0,(anonymous_10)
FNDA:0,(anonymous_11)
DA:1,3
DA:4,0
DA:5,0
DA:6,0
DA:8,0
DA:10,0
DA:12,0
DA:17,0
DA:19,0
DA:20,0
DA:21,0
DA:22,0
DA:23,0
DA:24,0
DA:26,0
DA:31,0
DA:32,0
DA:33,0
DA:34,0
DA:35,0
DA:37,0
DA:42,0
DA:43,0
DA:44,0
DA:45,0
DA:46,0
DA:48,0
DA:53,0
DA:54,0
DA:55,0
DA:56,0
DA:57,0
DA:59,0
DA:64,0
DA:65,0
DA:66,0
DA:67,0
DA:68,0
DA:70,0
DA:75,0
DA:86,0
DA:87,0
DA:88,0
DA:92,3
LF:44
LH:2
BRDA:22,0,0,0
BRDA:22,0,1,0
BRDA:33,1,0,0
BRDA:33,1,1,0
BRDA:44,2,0,0
BRDA:44,2,1,0
BRDA:55,3,0,0
BRDA:55,3,1,0
BRDA:66,4,0,0
BRDA:66,4,1,0
BRF:10
BRH:0
end_of_record
TN:
SF:controllers\carehome.controller.js
FN:16,getMongoIdFromNumericId
FN:21,getCareHomesApi
FN:62,donateMoney
FN:79,insertMoney
FN:119,register
FN:123,rejectApplication
FN:149,(anonymous_6)
FN:157,acceptApplication
FN:183,(anonymous_8)
FN:191,donateItems
FN:205,get_don_items
FN:257,registerCarehome
FN:296,(anonymous_12)
FN:298,(anonymous_13)
FN:313,getCarehome
FN:377,accpet_item_doantions
FN:440,editCarehomeProfile
FN:502,getCarehomeProfile
FN:529,post_createjob
FN:584,get_alljobs
FN:636,getCarehomePublic
FN:671,getCareHome_Jobs
FN:703,getJobApplicants
FN:759,getMyApplications
FN:776,(anonymous_24)
FN:793,createImpactStory
FN:802,(anonymous_26)
FN:803,(anonymous_27)
FN:806,(anonymous_28)
FN:807,(anonymous_29)
FN:822,getImpactStories
FNF:31
FNH:1
FNDA:0,getMongoIdFromNumericId
FNDA:0,getCareHomesApi
FNDA:0,donateMoney
FNDA:0,insertMoney
FNDA:0,register
FNDA:0,rejectApplication
FNDA:0,(anonymous_6)
FNDA:0,acceptApplication
FNDA:0,(anonymous_8)
FNDA:0,donateItems
FNDA:5,get_don_items
FNDA:0,registerCarehome
FNDA:0,(anonymous_12)
FNDA:0,(anonymous_13)
FNDA:0,getCarehome
FNDA:0,accpet_item_doantions
FNDA:0,editCarehomeProfile
FNDA:0,getCarehomeProfile
FNDA:0,post_createjob
FNDA:0,get_alljobs
FNDA:0,getCarehomePublic
FNDA:0,getCareHome_Jobs
FNDA:0,getJobApplicants
FNDA:0,getMyApplications
FNDA:0,(anonymous_24)
FNDA:0,createImpactStory
FNDA:0,(anonymous_26)
FNDA:0,(anonymous_27)
FNDA:0,(anonymous_28)
FNDA:0,(anonymous_29)
FNDA:0,getImpactStories
DA:1,3
DA:2,3
DA:3,3
DA:4,3
DA:5,3
DA:6,3
DA:7,3
DA:8,3
DA:9,3
DA:10,3
DA:14,3
DA:17,0
DA:18,0
DA:22,0
DA:23,0
DA:24,0
DA:26,0
DA:27,0
DA:28,0
DA:29,0
DA:32,0
DA:33,0
DA:37,0
DA:39,0
DA:40,0
DA:41,0
DA:43,0
DA:44,0
DA:45,0
DA:49,0
DA:53,0
DA:55,0
DA:56,0
DA:58,0
DA:63,0
DA:64,0
DA:65,0
DA:67,0
DA:74,0
DA:75,0
DA:80,0
DA:81,0
DA:82,0
DA:83,0
DA:85,0
DA:86,0
DA:92,0
DA:93,0
DA:94,0
DA:100,0
DA:108,0
DA:114,0
DA:115,0
DA:116,0
DA:120,0
DA:124,0
DA:125,0
DA:126,0
DA:135,0
DA:137,0
DA:138,0
DA:141,0
DA:142,0
DA:148,0
DA:149,0
DA:151,0
DA:153,0
DA:158,0
DA:159,0
DA:160,0
DA:169,0
DA:171,0
DA:172,0
DA:175,0
DA:176,0
DA:182,0
DA:183,0
DA:185,0
DA:187,0
DA:192,0
DA:193,0
DA:194,0
DA:200,0
DA:201,0
DA:206,5
DA:207,5
DA:208,0
DA:215,5
DA:216,5
DA:217,5
DA:218,5
DA:219,5
DA:220,5
DA:222,5
DA:223,1
DA:228,4
DA:229,3
DA:230,1
DA:236,2
DA:245,2
DA:247,2
DA:252,1
DA:253,1
DA:258,0
DA:260,0
DA:261,0
DA:262,0
DA:265,0
DA:266,0
DA:285,0
DA:287,0
DA:291,0
DA:292,0
DA:296,3
DA:297,0
DA:300,0
DA:304,0
DA:314,0
DA:317,0
DA:318,0
DA:321,0
DA:322,0
DA:325,0
DA:326,0
DA:327,0
DA:328,0
DA:340,0
DA:351,0
DA:353,0
DA:368,0
DA:370,0
DA:371,0
DA:373,0
DA:378,0
DA:380,0
DA:384,0
DA:397,0
DA:400,0
DA:401,0
DA:413,0
DA:421,0
DA:433,0
DA:435,0
DA:436,0
DA:437,0
DA:441,0
DA:443,0
DA:444,0
DA:458,0
DA:460,0
DA:461,0
DA:478,0
DA:479,0
DA:486,0
DA:491,0
DA:497,0
DA:498,0
DA:503,0
DA:505,0
DA:506,0
DA:509,0
DA:510,0
DA:515,0
DA:516,0
DA:519,0
DA:521,0
DA:522,0
DA:530,0
DA:531,0
DA:532,0
DA:539,0
DA:541,0
DA:542,0
DA:549,0
DA:551,0
DA:552,0
DA:559,0
DA:570,0
DA:572,0
DA:578,0
DA:579,0
DA:580,0
DA:585,0
DA:586,0
DA:587,0
DA:590,0
DA:591,0
DA:592,0
DA:593,0
DA:596,0
DA:597,0
DA:598,0
DA:601,0
DA:602,0
DA:603,0
DA:605,0
DA:606,0
DA:607,0
DA:612,0
DA:613,0
DA:617,0
DA:622,0
DA:625,0
DA:627,0
DA:628,0
DA:630,0
DA:637,0
DA:638,0
DA:640,0
DA:654,0
DA:655,0
DA:658,0
DA:660,0
DA:661,0
DA:662,0
DA:672,0
DA:674,0
DA:675,0
DA:679,0
DA:681,0
DA:682,0
DA:688,0
DA:692,0
DA:697,0
DA:698,0
DA:699,0
DA:704,0
DA:705,0
DA:706,0
DA:708,0
DA:709,0
DA:713,0
DA:748,0
DA:753,0
DA:754,0
DA:755,0
DA:760,0
DA:761,0
DA:762,0
DA:763,0
DA:765,0
DA:766,0
DA:767,0
DA:770,0
DA:776,0
DA:781,0
DA:782,0
DA:784,0
DA:785,0
DA:787,0
DA:791,3
DA:794,0
DA:795,0
DA:796,0
DA:798,0
DA:801,0
DA:802,0
DA:803,0
DA:805,0
DA:806,0
DA:807,0
DA:809,0
DA:810,0
DA:811,0
DA:813,0
DA:814,0
DA:815,0
DA:817,0
DA:818,0
DA:823,0
DA:824,0
DA:825,0
DA:827,0
DA:831,3
LF:274
LH:32
BRDA:18,0,0,0
BRDA:18,0,1,0
BRDA:24,1,0,0
BRDA:24,1,1,0
BRDA:27,2,0,0
BRDA:27,2,1,0
BRDA:39,3,0,0
BRDA:39,3,1,0
BRDA:40,4,0,0
BRDA:40,4,1,0
BRDA:65,5,0,0
BRDA:65,5,1,0
BRDA:70,6,0,0
BRDA:70,6,1,0
BRDA:71,7,0,0
BRDA:71,7,1,0
BRDA:85,8,0,0
BRDA:85,8,1,0
BRDA:85,9,0,0
BRDA:85,9,1,0
BRDA:85,9,2,0
BRDA:85,9,3,0
BRDA:93,10,0,0
BRDA:93,10,1,0
BRDA:135,11,0,0
BRDA:135,11,1,0
BRDA:138,12,0,0
BRDA:138,12,1,0
BRDA:169,13,0,0
BRDA:169,13,1,0
BRDA:172,14,0,0
BRDA:172,14,1,0
BRDA:196,15,0,0
BRDA:196,15,1,0
BRDA:197,16,0,0
BRDA:197,16,1,0
BRDA:207,17,0,0
BRDA:207,17,1,5
BRDA:207,18,0,5
BRDA:207,18,1,5
BRDA:217,19,0,5
BRDA:217,19,1,3
BRDA:222,20,0,1
BRDA:222,20,1,4
BRDA:222,21,0,5
BRDA:222,21,1,5
BRDA:222,21,2,4
BRDA:222,21,3,4
BRDA:222,21,4,4
BRDA:229,22,0,1
BRDA:229,22,1,2
BRDA:261,23,0,0
BRDA:261,23,1,0
BRDA:306,24,0,0
BRDA:306,24,1,0
BRDA:307,25,0,0
BRDA:307,25,1,0
BRDA:317,26,0,0
BRDA:317,26,1,0
BRDA:317,27,0,0
BRDA:317,27,1,0
BRDA:326,28,0,0
BRDA:326,28,1,0
BRDA:354,29,0,0
BRDA:354,29,1,0
BRDA:358,30,0,0
BRDA:358,30,1,0
BRDA:380,31,0,0
BRDA:380,31,1,0
BRDA:381,32,0,0
BRDA:381,32,1,0
BRDA:400,33,0,0
BRDA:400,33,1,0
BRDA:425,34,0,0
BRDA:425,34,1,0
BRDA:443,35,0,0
BRDA:443,35,1,0
BRDA:443,36,0,0
BRDA:443,36,1,0
BRDA:478,37,0,0
BRDA:478,37,1,0
BRDA:505,38,0,0
BRDA:505,38,1,0
BRDA:505,39,0,0
BRDA:505,39,1,0
BRDA:515,40,0,0
BRDA:515,40,1,0
BRDA:531,41,0,0
BRDA:531,41,1,0
BRDA:531,42,0,0
BRDA:531,42,1,0
BRDA:541,43,0,0
BRDA:541,43,1,0
BRDA:541,44,0,0
BRDA:541,44,1,0
BRDA:541,44,2,0
BRDA:551,45,0,0
BRDA:551,45,1,0
BRDA:566,46,0,0
BRDA:566,46,1,0
BRDA:567,47,0,0
BRDA:567,47,1,0
BRDA:587,48,0,0
BRDA:587,48,1,0
BRDA:587,49,0,0
BRDA:587,49,1,0
BRDA:591,50,0,0
BRDA:591,50,1,0
BRDA:601,51,0,0
BRDA:601,51,1,0
BRDA:602,52,0,0
BRDA:602,52,1,0
BRDA:612,53,0,0
BRDA:612,53,1,0
BRDA:654,54,0,0
BRDA:654,54,1,0
BRDA:674,55,0,0
BRDA:674,55,1,0
BRDA:674,56,0,0
BRDA:674,56,1,0
BRDA:681,57,0,0
BRDA:681,57,1,0
BRDA:708,58,0,0
BRDA:708,58,1,0
BRDA:765,59,0,0
BRDA:765,59,1,0
BRDA:778,60,0,0
BRDA:778,60,1,0
BRDA:795,61,0,0
BRDA:795,61,1,0
BRDA:795,62,0,0
BRDA:795,62,1,0
BRDA:803,63,0,0
BRDA:803,63,1,0
BRDA:807,64,0,0
BRDA:807,64,1,0
BRDA:810,65,0,0
BRDA:810,65,1,0
BRF:138
BRH:14
end_of_record
TN:
SF:controllers\corporate.controller.js
FN:6,(anonymous_0)
FNF:1
FNH:0
FNDA:0,(anonymous_0)
DA:1,3
DA:2,3
DA:3,3
DA:4,3
DA:6,3
DA:7,0
DA:8,0
DA:10,0
DA:11,0
DA:14,0
DA:15,0
DA:16,0
DA:20,0
DA:29,0
DA:30,0
DA:32,0
DA:37,0
DA:38,0
DA:41,0
DA:43,0
DA:49,0
DA:50,0
DA:54,3
LF:23
LH:6
BRDA:10,0,0,0
BRDA:10,0,1,0
BRDA:10,1,0,0
BRDA:10,1,1,0
BRDA:10,1,2,0
BRDA:10,1,3,0
BRDA:15,2,0,0
BRDA:15,2,1,0
BRF:8
BRH:0
end_of_record
TN:
SF:controllers\donors.controller.js
FN:15,getdonor
FN:54,get_deadline
FN:74,get_carehomeid
FN:92,contributed_fund
FN:143,editDonorProfile
FN:188,getUserActivity
FN:215,(anonymous_6)
FN:216,(anonymous_7)
FN:236,getTickerData
FN:254,(anonymous_9)
FN:255,(anonymous_10)
FN:263,(anonymous_11)
FN:270,(anonymous_12)
FN:275,(anonymous_13)
FN:280,(anonymous_14)
FN:294,getEditDonorProfile
FN:312,getUserApplications
FNF:17
FNH:3
FNDA:1,getdonor
FNDA:4,get_deadline
FNDA:0,get_carehomeid
FNDA:4,contributed_fund
FNDA:0,editDonorProfile
FNDA:0,getUserActivity
FNDA:0,(anonymous_6)
FNDA:0,(anonymous_7)
FNDA:0,getTickerData
FNDA:0,(anonymous_9)
FNDA:0,(anonymous_10)
FNDA:0,(anonymous_11)
FNDA:0,(anonymous_12)
FNDA:0,(anonymous_13)
FNDA:0,(anonymous_14)
FNDA:0,getEditDonorProfile
FNDA:0,getUserApplications
DA:1,3
DA:2,3
DA:9,3
DA:11,3
DA:13,3
DA:16,1
DA:17,1
DA:19,1
DA:21,1
DA:22,1
DA:23,1
DA:24,0
DA:25,0
DA:29,1
DA:33,1
DA:37,1
DA:38,0
DA:41,1
DA:44,1
DA:45,1
DA:48,1
DA:50,0
DA:55,4
DA:56,4
DA:64,3
DA:65,0
DA:68,3
DA:70,1
DA:75,0
DA:76,0
DA:81,0
DA:82,0
DA:85,0
DA:87,0
DA:88,0
DA:93,4
DA:94,4
DA:95,4
DA:96,4
DA:98,4
DA:99,0
DA:102,4
DA:103,4
DA:105,4
DA:106,3
DA:111,3
DA:112,1
DA:115,2
DA:125,2
DA:127,2
DA:133,2
DA:137,1
DA:138,1
DA:139,1
DA:144,0
DA:145,0
DA:146,0
DA:147,0
DA:149,0
DA:150,0
DA:151,0
DA:157,0
DA:163,0
DA:164,0
DA:172,0
DA:174,0
DA:180,0
DA:181,0
DA:182,0
DA:189,0
DA:190,0
DA:191,0
DA:194,0
DA:195,0
DA:196,0
DA:197,0
DA:198,0
DA:202,0
DA:206,0
DA:214,0
DA:215,0
DA:216,0
DA:222,0
DA:225,0
DA:226,0
DA:229,0
DA:231,0
DA:232,0
DA:237,0
DA:239,0
DA:241,0
DA:242,0
DA:243,0
DA:247,0
DA:253,0
DA:254,0
DA:255,0
DA:258,0
DA:263,0
DA:264,0
DA:265,0
DA:269,0
DA:270,0
DA:275,0
DA:280,0
DA:282,0
DA:285,0
DA:286,0
DA:289,0
DA:291,0
DA:295,0
DA:297,0
DA:298,0
DA:300,0
DA:301,0
DA:306,0
DA:307,0
DA:308,0
DA:313,0
DA:314,0
DA:317,0
DA:318,0
DA:319,0
DA:321,0
DA:324,0
DA:325,0
DA:326,0
DA:327,0
DA:328,0
DA:332,0
DA:335,0
DA:351,0
DA:354,0
DA:355,0
DA:358,0
DA:360,0
DA:361,0
DA:365,3
LF:138
LH:42
BRDA:21,0,0,1
BRDA:21,0,1,0
BRDA:23,1,0,0
BRDA:23,1,1,1
BRDA:37,2,0,0
BRDA:37,2,1,1
BRDA:44,3,0,1
BRDA:44,3,1,0
BRDA:64,4,0,0
BRDA:64,4,1,3
BRDA:81,5,0,0
BRDA:81,5,1,0
BRDA:98,6,0,0
BRDA:98,6,1,4
BRDA:98,7,0,4
BRDA:98,7,1,4
BRDA:111,8,0,1
BRDA:111,8,1,2
BRDA:145,9,0,0
BRDA:145,9,1,0
BRDA:146,10,0,0
BRDA:146,10,1,0
BRDA:147,11,0,0
BRDA:147,11,1,0
BRDA:150,12,0,0
BRDA:150,12,1,0
BRDA:150,13,0,0
BRDA:150,13,1,0
BRDA:163,14,0,0
BRDA:163,14,1,0
BRDA:194,15,0,0
BRDA:194,15,1,0
BRDA:196,16,0,0
BRDA:196,16,1,0
BRDA:225,17,0,0
BRDA:225,17,1,0
BRDA:241,18,0,0
BRDA:241,18,1,0
BRDA:243,19,0,0
BRDA:243,19,1,0
BRDA:271,20,0,0
BRDA:271,20,1,0
BRDA:276,21,0,0
BRDA:276,21,1,0
BRDA:285,22,0,0
BRDA:285,22,1,0
BRDA:317,23,0,0
BRDA:317,23,1,0
BRDA:324,24,0,0
BRDA:324,24,1,0
BRDA:326,25,0,0
BRDA:326,25,1,0
BRDA:354,26,0,0
BRDA:354,26,1,0
BRF:54
BRH:10
end_of_record
TN:
SF:controllers\impactStories.controller.js
FN:4,(anonymous_0)
FN:15,(anonymous_1)
FN:24,(anonymous_2)
FN:50,(anonymous_3)
FNF:4
FNH:0
FNDA:0,(anonymous_0)
FNDA:0,(anonymous_1)
FNDA:0,(anonymous_2)
FNDA:0,(anonymous_3)
DA:1,3
DA:4,3
DA:5,0
DA:6,0
DA:7,0
DA:9,0
DA:10,0
DA:15,3
DA:16,0
DA:17,0
DA:20,0
DA:21,0
DA:23,0
DA:24,0
DA:25,0
DA:26,0
DA:27,0
DA:28,0
DA:33,0
DA:41,0
DA:42,0
DA:44,0
DA:45,0
DA:50,3
DA:51,0
DA:52,0
DA:53,0
DA:54,0
DA:56,0
DA:57,0
DA:61,3
LF:31
LH:5
BRDA:23,0,0,0
BRDA:23,0,1,0
BRDA:25,1,0,0
BRDA:25,1,1,0
BRDA:27,2,0,0
BRDA:27,2,1,0
BRF:6
BRH:0
end_of_record
TN:
SF:controllers\receipt.controller.js
FN:7,(anonymous_0)
FNF:1
FNH:0
FNDA:0,(anonymous_0)
DA:1,3
DA:2,3
DA:3,3
DA:4,3
DA:5,3
DA:7,3
DA:8,0
DA:10,0
DA:13,0
DA:14,0
DA:15,0
DA:18,0
DA:19,0
DA:20,0
DA:21,0
DA:22,0
DA:23,0
DA:24,0
DA:25,0
DA:26,0
DA:27,0
DA:28,0
DA:29,0
DA:32,0
DA:35,0
DA:36,0
DA:37,0
DA:38,0
DA:41,0
DA:44,0
DA:47,0
DA:50,0
DA:51,0
DA:52,0
DA:54,0
DA:55,0
DA:58,0
DA:60,0
DA:61,0
DA:62,0
DA:64,0
DA:65,0
DA:66,0
DA:67,0
DA:68,0
DA:71,0
DA:72,0
DA:73,0
DA:75,0
DA:76,0
DA:77,0
DA:78,0
DA:80,0
DA:81,0
DA:83,0
DA:84,0
DA:86,0
DA:88,0
DA:89,0
DA:91,0
DA:92,0
DA:96,0
DA:97,0
DA:98,0
DA:99,0
DA:103,0
DA:105,0
DA:107,0
DA:108,0
DA:112,3
LF:70
LH:7
BRDA:14,0,0,0
BRDA:14,0,1,0
BRDA:18,1,0,0
BRDA:18,1,1,0
BRDA:21,2,0,0
BRDA:21,2,1,0
BRDA:22,3,0,0
BRDA:22,3,1,0
BRDA:26,4,0,0
BRDA:26,4,1,0
BRDA:32,5,0,0
BRDA:32,5,1,0
BRDA:71,6,0,0
BRDA:71,6,1,0
BRF:14
BRH:0
end_of_record
TN:
SF:data\database.js
FNF:0
FNH:0
DA:1,3
DA:3,3
DA:5,3
LF:3
LH:3
BRF:0
BRH:0
end_of_record
TN:
SF:middlewares\role.middleware.js
FN:1,(anonymous_0)
FN:2,(anonymous_1)
FNF:2
FNH:2
FNDA:129,(anonymous_0)
FNDA:10,(anonymous_1)
DA:1,3
DA:2,129
DA:3,10
DA:4,0
DA:9,10
DA:10,0
DA:15,10
DA:19,3
LF:8
LH:6
BRDA:3,0,0,0
BRDA:3,0,1,10
BRDA:3,1,0,10
BRDA:3,1,1,10
BRDA:9,2,0,0
BRDA:9,2,1,10
BRF:6
BRH:4
end_of_record
TN:
SF:models\Application.js
FNF:0
FNH:0
DA:1,3
DA:3,3
DA:50,3
DA:52,3
LF:4
LH:4
BRF:0
BRH:0
end_of_record
TN:
SF:models\ImpactStory.js
FNF:0
FNH:0
DA:1,3
DA:3,3
DA:12,3
LF:3
LH:3
BRF:0
BRH:0
end_of_record
TN:
SF:models\NGO.model.js
FN:79,storeNGO
FN:88,(anonymous_1)
FN:97,(anonymous_2)
FN:105,(anonymous_3)
FN:115,(anonymous_4)
FN:124,(anonymous_5)
FN:128,(anonymous_6)
FN:140,(anonymous_7)
FN:144,(anonymous_8)
FN:157,(anonymous_9)
FN:161,(anonymous_10)
FN:178,(anonymous_11)
FN:182,(anonymous_12)
FN:199,(anonymous_13)
FN:211,(anonymous_14)
FN:226,(anonymous_15)
FN:274,(anonymous_16)
FN:280,(anonymous_17)
FN:296,(anonymous_18)
FN:317,(anonymous_19)
FN:328,(anonymous_20)
FN:349,(anonymous_21)
FN:365,(anonymous_22)
FN:382,(anonymous_23)
FN:398,(anonymous_24)
FNF:25
FNH:0
FNDA:0,storeNGO
FNDA:0,(anonymous_1)
FNDA:0,(anonymous_2)
FNDA:0,(anonymous_3)
FNDA:0,(anonymous_4)
FNDA:0,(anonymous_5)
FNDA:0,(anonymous_6)
FNDA:0,(anonymous_7)
FNDA:0,(anonymous_8)
FNDA:0,(anonymous_9)
FNDA:0,(anonymous_10)
FNDA:0,(anonymous_11)
FNDA:0,(anonymous_12)
FNDA:0,(anonymous_13)
FNDA:0,(anonymous_14)
FNDA:0,(anonymous_15)
FNDA:0,(anonymous_16)
FNDA:0,(anonymous_17)
FNDA:0,(anonymous_18)
FNDA:0,(anonymous_19)
FNDA:0,(anonymous_20)
FNDA:0,(anonymous_21)
FNDA:0,(anonymous_22)
FNDA:0,(anonymous_23)
FNDA:0,(anonymous_24)
DA:1,3
DA:2,3
DA:3,3
DA:5,3
DA:8,3
DA:9,3
DA:14,3
DA:30,3
DA:31,3
DA:36,3
DA:70,3
DA:71,3
DA:72,3
DA:73,3
DA:79,3
DA:80,0
DA:81,0
DA:82,0
DA:84,0
DA:88,3
DA:89,0
DA:90,0
DA:91,0
DA:93,0
DA:97,3
DA:98,0
DA:99,0
DA:102,0
DA:105,3
DA:106,0
DA:107,0
DA:108,0
DA:110,0
DA:115,3
DA:116,0
DA:117,0
DA:118,0
DA:120,0
DA:124,3
DA:125,0
DA:126,0
DA:128,0
DA:129,0
DA:130,0
DA:133,0
DA:135,0
DA:136,0
DA:140,3
DA:141,0
DA:142,0
DA:144,0
DA:145,0
DA:146,0
DA:149,0
DA:151,0
DA:152,0
DA:157,3
DA:158,0
DA:159,0
DA:161,0
DA:163,0
DA:167,0
DA:170,0
DA:172,0
DA:173,0
DA:178,3
DA:179,0
DA:180,0
DA:182,0
DA:184,0
DA:188,0
DA:191,0
DA:193,0
DA:194,0
DA:199,3
DA:200,0
DA:201,0
DA:202,0
DA:203,0
DA:205,0
DA:206,0
DA:211,3
DA:215,0
DA:216,0
DA:217,0
DA:218,0
DA:220,0
DA:221,0
DA:226,3
DA:227,0
DA:228,0
DA:235,0
DA:240,0
DA:242,0
DA:247,0
DA:249,0
DA:260,0
DA:263,0
DA:267,0
DA:269,0
DA:270,0
DA:274,3
DA:275,0
DA:280,3
DA:282,0
DA:284,0
DA:288,0
DA:292,0
DA:296,3
DA:298,0
DA:300,0
DA:308,0
DA:313,0
DA:317,3
DA:319,0
DA:320,0
DA:321,0
DA:323,0
DA:328,3
DA:329,0
DA:330,0
DA:339,0
DA:341,0
DA:342,0
DA:349,3
DA:350,0
DA:351,0
DA:352,0
DA:354,0
DA:358,0
DA:360,0
DA:361,0
DA:365,3
DA:366,0
DA:367,0
DA:368,0
DA:371,0
DA:376,0
DA:378,0
DA:379,0
DA:382,3
DA:383,0
DA:385,0
DA:390,0
DA:392,0
DA:393,0
DA:398,3
DA:399,0
DA:408,0
DA:411,0
DA:412,0
DA:413,0
DA:414,0
DA:415,0
DA:416,0
DA:419,0
DA:428,0
DA:429,0
DA:432,0
DA:438,0
DA:439,0
DA:443,3
DA:444,3
DA:446,3
LF:164
LH:38
BRDA:118,0,0,0
BRDA:118,0,1,0
BRDA:130,1,0,0
BRDA:130,1,1,0
BRDA:146,2,0,0
BRDA:146,2,1,0
BRDA:163,3,0,0
BRDA:163,3,1,0
BRDA:167,4,0,0
BRDA:167,4,1,0
BRDA:184,5,0,0
BRDA:184,5,1,0
BRDA:188,6,0,0
BRDA:188,6,1,0
BRDA:240,7,0,0
BRDA:240,7,1,0
BRDA:247,8,0,0
BRDA:247,8,1,0
BRDA:260,9,0,0
BRDA:260,9,1,0
BRDA:263,10,0,0
BRDA:263,10,1,0
BRDA:339,11,0,0
BRDA:339,11,1,0
BRDA:412,12,0,0
BRDA:412,12,1,0
BRDA:413,13,0,0
BRDA:413,13,1,0
BRDA:414,14,0,0
BRDA:414,14,1,0
BRDA:415,15,0,0
BRDA:415,15,1,0
BRDA:416,16,0,0
BRDA:416,16,1,0
BRDA:428,17,0,0
BRDA:428,17,1,0
BRF:36
BRH:0
end_of_record
TN:
SF:models\carehome.model.js
FN:38,(anonymous_0)
FN:43,(anonymous_1)
FN:47,(anonymous_2)
FN:52,(anonymous_3)
FN:57,(anonymous_4)
FN:66,(anonymous_5)
FN:75,(anonymous_6)
FN:80,(anonymous_7)
FN:85,(anonymous_8)
FN:90,(anonymous_9)
FN:144,(anonymous_10)
FN:153,(anonymous_11)
FN:164,(anonymous_12)
FN:193,(anonymous_13)
FN:223,(anonymous_14)
FNF:15
FNH:0
FNDA:0,(anonymous_0)
FNDA:0,(anonymous_1)
FNDA:0,(anonymous_2)
FNDA:0,(anonymous_3)
FNDA:0,(anonymous_4)
FNDA:0,(anonymous_5)
FNDA:0,(anonymous_6)
FNDA:0,(anonymous_7)
FNDA:0,(anonymous_8)
FNDA:0,(anonymous_9)
FNDA:0,(anonymous_10)
FNDA:0,(anonymous_11)
FNDA:0,(anonymous_12)
FNDA:0,(anonymous_13)
FNDA:0,(anonymous_14)
DA:1,3
DA:2,3
DA:3,3
DA:4,3
DA:6,3
DA:31,3
DA:32,3
DA:38,3
DA:39,0
DA:40,0
DA:43,3
DA:44,0
DA:45,0
DA:47,3
DA:48,0
DA:49,0
DA:52,3
DA:53,0
DA:54,0
DA:57,3
DA:58,0
DA:59,0
DA:63,0
DA:66,3
DA:67,0
DA:68,0
DA:72,0
DA:75,3
DA:76,0
DA:77,0
DA:80,3
DA:81,0
DA:82,0
DA:85,3
DA:86,0
DA:87,0
DA:90,3
DA:91,0
DA:92,0
DA:95,3
DA:114,3
DA:144,3
DA:145,0
DA:148,0
DA:149,0
DA:153,3
DA:154,0
DA:161,0
DA:164,3
DA:165,0
DA:179,0
DA:180,0
DA:184,0
DA:193,3
DA:194,0
DA:223,3
DA:224,0
DA:225,0
DA:226,0
DA:229,0
DA:230,0
DA:236,3
DA:249,3
DA:293,3
DA:294,3
DA:295,3
DA:296,3
DA:298,3
LF:68
LH:31
BRDA:179,0,0,0
BRDA:179,0,1,0
BRDA:180,1,0,0
BRDA:180,1,1,0
BRDA:186,2,0,0
BRDA:186,2,1,0
BRDA:187,3,0,0
BRDA:187,3,1,0
BRF:8
BRH:0
end_of_record
TN:
SF:models\corporateDonation.model.js
FNF:0
FNH:0
DA:1,3
DA:3,3
DA:28,3
LF:3
LH:3
BRF:0
BRH:0
end_of_record
TN:
SF:models\user.model.js
FN:31,(anonymous_0)
FN:36,(anonymous_1)
FN:40,(anonymous_2)
FN:47,(anonymous_3)
FN:82,(anonymous_4)
FN:111,(anonymous_5)
FN:171,(anonymous_6)
FN:290,(anonymous_7)
FN:298,(anonymous_8)
FNF:9
FNH:0
FNDA:0,(anonymous_0)
FNDA:0,(anonymous_1)
FNDA:0,(anonymous_2)
FNDA:0,(anonymous_3)
FNDA:0,(anonymous_4)
FNDA:0,(anonymous_5)
FNDA:0,(anonymous_6)
FNDA:0,(anonymous_7)
FNDA:0,(anonymous_8)
DA:1,3
DA:2,3
DA:3,3
DA:5,3
DA:29,3
DA:31,3
DA:32,0
DA:33,0
DA:36,3
DA:37,0
DA:40,3
DA:41,0
DA:42,0
DA:44,0
DA:47,3
DA:48,0
DA:49,0
DA:50,0
DA:53,3
DA:82,3
DA:83,0
DA:85,0
DA:108,0
DA:111,3
DA:112,0
DA:114,0
DA:135,0
DA:138,3
DA:171,3
DA:172,0
DA:175,0
DA:178,3
DA:228,3
DA:229,3
DA:230,3
DA:232,3
DA:237,3
DA:263,3
DA:290,3
DA:291,0
DA:295,0
DA:298,3
DA:299,0
DA:300,0
DA:304,0
DA:307,3
DA:308,3
DA:312,3
DA:316,3
DA:321,3
DA:323,3
DA:325,3
LF:52
LH:30
BRF:0
BRH:0
end_of_record
TN:
SF:routes\NGO.routes.js
FN:41,(anonymous_0)
FNF:1
FNH:0
FNDA:0,(anonymous_0)
DA:1,3
DA:2,3
DA:4,3
DA:5,3
DA:7,3
DA:8,3
DA:10,3
DA:12,3
DA:14,3
DA:16,3
DA:23,3
DA:31,3
DA:39,3
DA:41,3
DA:42,0
DA:43,0
DA:44,0
DA:46,0
DA:50,3
DA:57,3
DA:64,3
DA:71,3
DA:73,3
DA:80,3
DA:83,3
DA:85,3
LF:26
LH:22
BRF:0
BRH:0
end_of_record
TN:
SF:routes\admin.routes.js
FNF:0
FNH:0
DA:1,3
DA:2,3
DA:4,3
DA:5,3
DA:6,3
DA:8,3
DA:15,3
DA:17,3
DA:20,3
DA:23,3
DA:26,3
DA:29,3
DA:33,3
DA:36,3
DA:39,3
DA:42,3
DA:45,3
DA:48,3
DA:51,3
DA:54,3
DA:57,3
DA:60,3
DA:63,3
LF:23
LH:23
BRF:0
BRH:0
end_of_record
TN:
SF:routes\auth.routes.js
FNF:0
FNH:0
DA:1,3
DA:2,3
DA:4,3
DA:5,3
DA:7,3
DA:9,3
DA:11,3
DA:13,3
DA:15,3
DA:17,3
DA:19,3
LF:11
LH:11
BRF:0
BRH:0
end_of_record
TN:
SF:routes\base.routes.js
FNF:0
FNH:0
DA:1,3
DA:2,3
DA:4,3
DA:6,3
DA:8,3
LF:5
LH:5
BRF:0
BRH:0
end_of_record
TN:
SF:routes\carehomes.routes.js
FNF:0
FNH:0
DA:1,3
DA:2,3
DA:4,3
DA:5,3
DA:7,3
DA:8,3
DA:10,3
DA:16,3
DA:23,3
DA:30,3
DA:37,3
DA:38,3
DA:40,3
DA:44,3
DA:52,3
DA:58,3
DA:65,3
DA:72,3
DA:79,3
DA:86,3
DA:93,3
DA:100,3
DA:107,3
DA:115,3
DA:117,3
LF:25
LH:25
BRF:0
BRH:0
end_of_record
TN:
SF:routes\corporate.routes.js
FNF:0
FNH:0
DA:2,3
DA:3,3
DA:5,3
DA:7,3
DA:9,3
LF:5
LH:5
BRF:0
BRH:0
end_of_record
TN:
SF:routes\donors.routes.js
FNF:0
FNH:0
DA:1,3
DA:2,3
DA:4,3
DA:6,3
DA:8,3
DA:10,3
DA:11,3
DA:13,3
DA:20,3
DA:27,3
DA:34,3
DA:37,3
DA:44,3
DA:46,3
DA:48,3
DA:50,3
LF:16
LH:16
BRF:0
BRH:0
end_of_record
TN:
SF:routes\impactStories.routes.js
FN:9,(anonymous_0)
FN:18,(anonymous_1)
FNF:2
FNH:0
FNDA:0,(anonymous_0)
FNDA:0,(anonymous_1)
DA:1,3
DA:2,3
DA:3,3
DA:4,3
DA:5,3
DA:8,3
DA:10,0
DA:11,0
DA:12,0
DA:13,0
DA:14,0
DA:16,0
DA:19,0
DA:23,3
DA:26,3
DA:27,3
DA:28,3
DA:30,3
LF:18
LH:11
BRDA:11,0,0,0
BRDA:11,0,1,0
BRDA:13,1,0,0
BRDA:13,1,1,0
BRF:4
BRH:0
end_of_record
TN:
SF:services\errorMailer.js
FN:19,(anonymous_0)
FNF:1
FNH:1
FNDA:2,(anonymous_0)
DA:1,3
DA:3,3
DA:11,3
DA:19,3
DA:20,2
DA:21,2
DA:35,0
DA:39,3
LF:8
LH:7
BRF:0
BRH:0
end_of_record
TN:
SF:services\otpService.js
FN:3,(anonymous_0)
FN:15,(anonymous_1)
FN:36,(anonymous_2)
FN:54,(anonymous_3)
FN:72,(anonymous_4)
FNF:5
FNH:0
FNDA:0,(anonymous_0)
FNDA:0,(anonymous_1)
FNDA:0,(anonymous_2)
FNDA:0,(anonymous_3)
FNDA:0,(anonymous_4)
DA:1,3
DA:3,3
DA:4,0
DA:7,3
DA:15,3
DA:16,0
DA:33,0
DA:36,3
DA:37,0
DA:51,0
DA:54,3
DA:55,0
DA:69,0
DA:72,3
DA:73,0
DA:95,0
DA:98,3
LF:17
LH:8
BRF:0
BRH:0
end_of_record
