TN:
SF:app.js
FN:30,(anonymous_0)
FN:38,(anonymous_1)
FN:71,(anonymous_2)
FN:75,(anonymous_3)
FN:106,(anonymous_4)
FN:113,(anonymous_5)
FN:134,(anonymous_6)
FNF:7
FNH:4
FNDA:4,(anonymous_0)
FNDA:4,(anonymous_1)
FNDA:2,(anonymous_2)
FNDA:12,(anonymous_3)
FNDA:0,(anonymous_4)
FNDA:0,(anonymous_5)
FNDA:0,(anonymous_6)
DA:1,1
DA:2,1
DA:3,1
DA:4,1
DA:5,1
DA:6,1
DA:7,1
DA:8,1
DA:10,1
DA:11,1
DA:12,1
DA:14,1
DA:19,1
DA:24,1
DA:26,1
DA:27,1
DA:30,4
DA:33,1
DA:34,1
DA:35,1
DA:36,1
DA:37,1
DA:39,4
DA:40,0
DA:41,0
DA:46,1
DA:47,1
DA:48,1
DA:49,1
DA:50,1
DA:51,1
DA:52,1
DA:54,1
DA:55,1
DA:56,1
DA:57,1
DA:58,1
DA:59,1
DA:60,1
DA:61,1
DA:64,1
DA:65,1
DA:66,1
DA:68,1
DA:69,1
DA:71,1
DA:72,2
DA:73,2
DA:75,2
DA:76,12
DA:77,12
DA:79,12
DA:81,12
DA:82,12
DA:83,12
DA:84,5
DA:86,7
DA:89,0
DA:94,1
DA:95,1
DA:97,1
DA:98,1
DA:101,0
DA:106,1
DA:107,0
DA:108,0
DA:109,0
DA:113,1
DA:114,0
DA:115,0
DA:117,0
DA:119,0
DA:126,0
DA:133,1
DA:134,0
DA:136,1
LF:76
LH:63
BRDA:39,0,0,4
BRDA:39,0,1,0
BRDA:40,1,0,0
BRDA:40,1,1,0
BRDA:73,2,0,0
BRDA:73,2,1,2
BRDA:79,3,0,0
BRDA:79,3,1,12
BRDA:79,4,0,12
BRDA:79,4,1,12
BRDA:79,4,2,12
BRDA:83,5,0,5
BRDA:83,5,1,7
BRDA:114,6,0,0
BRDA:114,6,1,0
BRDA:115,7,0,0
BRDA:115,7,1,0
BRDA:133,8,0,0
BRDA:133,8,1,1
BRF:19
BRH:9
end_of_record
TN:
SF:multerConfig.js
FN:6,(anonymous_0)
FN:26,(anonymous_1)
FNF:2
FNH:0
FNDA:0,(anonymous_0)
FNDA:0,(anonymous_1)
DA:1,1
DA:2,1
DA:3,1
DA:5,1
DA:7,0
DA:9,0
DA:10,0
DA:11,0
DA:12,0
DA:13,0
DA:14,0
DA:15,0
DA:18,0
DA:20,0
DA:21,0
DA:24,0
DA:27,0
DA:31,1
DA:33,1
LF:19
LH:6
BRDA:9,0,0,0
BRDA:9,0,1,0
BRDA:10,1,0,0
BRDA:10,1,1,0
BRDA:12,2,0,0
BRDA:12,2,1,0
BRDA:14,3,0,0
BRDA:14,3,1,0
BRDA:20,4,0,0
BRDA:20,4,1,0
BRF:10
BRH:0
end_of_record
TN:
SF:controllers\NGO.controller.js
FN:12,getRegister
FN:16,get_allngo
FN:21,(anonymous_2)
FN:46,register
FN:77,getEditNGOProfile
FN:110,getEvents
FN:123,getFundraisers
FN:137,(anonymous_7)
FN:156,getallFundraisers
FN:163,(anonymous_9)
FN:178,editNGOProfile
FN:224,createEvent
FN:274,createFundraiser
FN:328,getRegisterUser
FN:340,registerUser
FN:392,rendercreatefundraiser
FN:412,render_donate_fundraiser
FN:424,getNGO
FN:447,(anonymous_18)
FN:455,(anonymous_19)
FN:465,(anonymous_20)
FN:473,(anonymous_21)
FN:483,(anonymous_22)
FN:487,(anonymous_23)
FN:492,(anonymous_24)
FN:513,editEvent
FN:546,renderEditEvent
FN:575,(anonymous_27)
FN:592,(anonymous_28)
FN:598,(anonymous_29)
FN:599,(anonymous_30)
FN:606,(anonymous_31)
FN:609,(anonymous_32)
FN:612,(anonymous_33)
FN:613,(anonymous_34)
FN:633,getCampaignDetails
FN:679,(anonymous_36)
FNF:37
FNH:0
FNDA:0,getRegister
FNDA:0,get_allngo
FNDA:0,(anonymous_2)
FNDA:0,register
FNDA:0,getEditNGOProfile
FNDA:0,getEvents
FNDA:0,getFundraisers
FNDA:0,(anonymous_7)
FNDA:0,getallFundraisers
FNDA:0,(anonymous_9)
FNDA:0,editNGOProfile
FNDA:0,createEvent
FNDA:0,createFundraiser
FNDA:0,getRegisterUser
FNDA:0,registerUser
FNDA:0,rendercreatefundraiser
FNDA:0,render_donate_fundraiser
FNDA:0,getNGO
FNDA:0,(anonymous_18)
FNDA:0,(anonymous_19)
FNDA:0,(anonymous_20)
FNDA:0,(anonymous_21)
FNDA:0,(anonymous_22)
FNDA:0,(anonymous_23)
FNDA:0,(anonymous_24)
FNDA:0,editEvent
FNDA:0,renderEditEvent
FNDA:0,(anonymous_27)
FNDA:0,(anonymous_28)
FNDA:0,(anonymous_29)
FNDA:0,(anonymous_30)
FNDA:0,(anonymous_31)
FNDA:0,(anonymous_32)
FNDA:0,(anonymous_33)
FNDA:0,(anonymous_34)
FNDA:0,getCampaignDetails
FNDA:0,(anonymous_36)
DA:1,1
DA:2,1
DA:4,1
DA:8,1
DA:9,1
DA:10,1
DA:13,0
DA:17,0
DA:18,0
DA:20,0
DA:22,0
DA:23,0
DA:24,0
DA:25,0
DA:27,0
DA:39,0
DA:41,0
DA:42,0
DA:47,0
DA:48,0
DA:50,0
DA:63,0
DA:65,0
DA:70,0
DA:72,0
DA:73,0
DA:78,0
DA:79,0
DA:81,0
DA:82,0
DA:88,0
DA:89,0
DA:90,0
DA:92,0
DA:94,0
DA:95,0
DA:96,0
DA:97,0
DA:100,0
DA:105,0
DA:106,0
DA:111,0
DA:112,0
DA:113,0
DA:114,0
DA:116,0
DA:118,0
DA:119,0
DA:124,0
DA:126,0
DA:127,0
DA:130,0
DA:131,0
DA:132,0
DA:136,0
DA:137,0
DA:139,0
DA:142,0
DA:145,0
DA:151,0
DA:152,0
DA:157,0
DA:158,0
DA:159,0
DA:161,0
DA:163,0
DA:165,0
DA:168,0
DA:171,0
DA:173,0
DA:174,0
DA:179,0
DA:180,0
DA:182,0
DA:183,0
DA:189,0
DA:191,0
DA:192,0
DA:207,0
DA:208,0
DA:209,0
DA:210,0
DA:213,0
DA:219,0
DA:220,0
DA:225,0
DA:227,0
DA:228,0
DA:236,0
DA:238,0
DA:239,0
DA:240,0
DA:245,0
DA:246,0
DA:247,0
DA:250,0
DA:261,0
DA:263,0
DA:268,0
DA:269,0
DA:270,0
DA:275,0
DA:277,0
DA:278,0
DA:288,0
DA:290,0
DA:291,0
DA:292,0
DA:298,0
DA:299,0
DA:300,0
DA:303,0
DA:316,0
DA:318,0
DA:323,0
DA:324,0
DA:329,0
DA:330,0
DA:332,0
DA:341,0
DA:342,0
DA:343,0
DA:344,0
DA:346,0
DA:351,0
DA:352,0
DA:355,0
DA:361,0
DA:362,0
DA:367,0
DA:376,0
DA:378,0
DA:383,0
DA:387,0
DA:388,0
DA:393,0
DA:395,0
DA:396,0
DA:399,0
DA:400,0
DA:402,0
DA:407,0
DA:408,0
DA:413,0
DA:414,0
DA:416,0
DA:425,0
DA:427,0
DA:428,0
DA:431,0
DA:432,0
DA:434,0
DA:435,0
DA:438,0
DA:440,0
DA:441,0
DA:445,0
DA:447,0
DA:449,0
DA:452,0
DA:455,0
DA:457,0
DA:460,0
DA:463,0
DA:465,0
DA:467,0
DA:470,0
DA:473,0
DA:475,0
DA:478,0
DA:481,0
DA:483,0
DA:487,0
DA:492,0
DA:496,0
DA:508,0
DA:509,0
DA:514,0
DA:516,0
DA:517,0
DA:528,0
DA:530,0
DA:531,0
DA:539,0
DA:541,0
DA:542,0
DA:547,0
DA:549,0
DA:550,0
DA:553,0
DA:554,0
DA:555,0
DA:557,0
DA:558,0
DA:559,0
DA:562,0
DA:570,0
DA:571,0
DA:575,1
DA:576,0
DA:578,0
DA:579,0
DA:580,0
DA:581,0
DA:583,0
DA:592,0
DA:593,0
DA:598,0
DA:599,0
DA:600,0
DA:603,0
DA:605,0
DA:606,0
DA:608,0
DA:609,0
DA:612,0
DA:613,0
DA:615,0
DA:626,0
DA:627,0
DA:634,0
DA:637,0
DA:638,0
DA:642,0
DA:643,0
DA:646,0
DA:647,0
DA:648,0
DA:650,0
DA:651,0
DA:652,0
DA:654,0
DA:662,0
DA:663,0
DA:664,0
DA:667,0
DA:671,0
DA:679,0
DA:686,0
DA:688,0
DA:689,0
DA:692,1
LF:242
LH:8
BRDA:30,0,0,0
BRDA:30,0,1,0
BRDA:32,1,0,0
BRDA:32,1,1,0
BRDA:81,2,0,0
BRDA:81,2,1,0
BRDA:81,3,0,0
BRDA:81,3,1,0
BRDA:92,4,0,0
BRDA:92,4,1,0
BRDA:92,5,0,0
BRDA:92,5,1,0
BRDA:94,6,0,0
BRDA:94,6,1,0
BRDA:126,7,0,0
BRDA:126,7,1,0
BRDA:126,8,0,0
BRDA:126,8,1,0
BRDA:139,9,0,0
BRDA:139,9,1,0
BRDA:165,10,0,0
BRDA:165,10,1,0
BRDA:182,11,0,0
BRDA:182,11,1,0
BRDA:182,12,0,0
BRDA:182,12,1,0
BRDA:207,13,0,0
BRDA:207,13,1,0
BRDA:227,14,0,0
BRDA:227,14,1,0
BRDA:227,15,0,0
BRDA:227,15,1,0
BRDA:239,16,0,0
BRDA:239,16,1,0
BRDA:246,17,0,0
BRDA:246,17,1,0
BRDA:277,18,0,0
BRDA:277,18,1,0
BRDA:277,19,0,0
BRDA:277,19,1,0
BRDA:291,20,0,0
BRDA:291,20,1,0
BRDA:299,21,0,0
BRDA:299,21,1,0
BRDA:312,22,0,0
BRDA:312,22,1,0
BRDA:351,23,0,0
BRDA:351,23,1,0
BRDA:361,24,0,0
BRDA:361,24,1,0
BRDA:395,25,0,0
BRDA:395,25,1,0
BRDA:395,26,0,0
BRDA:395,26,1,0
BRDA:427,27,0,0
BRDA:427,27,1,0
BRDA:427,28,0,0
BRDA:427,28,1,0
BRDA:434,29,0,0
BRDA:434,29,1,0
BRDA:449,30,0,0
BRDA:449,30,1,0
BRDA:457,31,0,0
BRDA:457,31,1,0
BRDA:467,32,0,0
BRDA:467,32,1,0
BRDA:475,33,0,0
BRDA:475,33,1,0
BRDA:483,34,0,0
BRDA:483,34,1,0
BRDA:487,35,0,0
BRDA:487,35,1,0
BRDA:516,36,0,0
BRDA:516,36,1,0
BRDA:516,37,0,0
BRDA:516,37,1,0
BRDA:532,38,0,0
BRDA:532,38,1,0
BRDA:549,39,0,0
BRDA:549,39,1,0
BRDA:549,40,0,0
BRDA:549,40,1,0
BRDA:580,41,0,0
BRDA:580,41,1,0
BRDA:600,42,0,0
BRDA:600,42,1,0
BRDA:637,43,0,0
BRDA:637,43,1,0
BRDA:637,44,0,0
BRDA:637,44,1,0
BRDA:637,44,2,0
BRDA:637,44,3,0
BRDA:642,45,0,0
BRDA:642,45,1,0
BRDA:642,46,0,0
BRDA:642,46,1,0
BRDA:650,47,0,0
BRDA:650,47,1,0
BRDA:652,48,0,0
BRDA:652,48,1,0
BRDA:657,49,0,0
BRDA:657,49,1,0
BRDA:658,50,0,0
BRDA:658,50,1,0
BRDA:662,51,0,0
BRDA:662,51,1,0
BRDA:664,52,0,0
BRDA:664,52,1,0
BRDA:674,53,0,0
BRDA:674,53,1,0
BRDA:675,54,0,0
BRDA:675,54,1,0
BRDA:680,55,0,0
BRDA:680,55,1,0
BRDA:681,56,0,0
BRDA:681,56,1,0
BRDA:682,57,0,0
BRDA:682,57,1,0
BRF:118
BRH:0
end_of_record
TN:
SF:controllers\admin.controller.js
FN:16,Getadmin
FN:43,(anonymous_1)
FN:59,(anonymous_2)
FN:66,(anonymous_3)
FN:77,(anonymous_4)
FN:78,(anonymous_5)
FN:79,(anonymous_6)
FN:81,(anonymous_7)
FN:83,(anonymous_8)
FN:86,(anonymous_9)
FN:87,(anonymous_10)
FN:88,(anonymous_11)
FN:109,(anonymous_12)
FN:120,(anonymous_13)
FN:126,(anonymous_14)
FN:127,(anonymous_15)
FN:144,(anonymous_16)
FN:154,(anonymous_17)
FN:155,(anonymous_18)
FN:156,(anonymous_19)
FN:165,(anonymous_20)
FN:167,(anonymous_21)
FN:168,(anonymous_22)
FN:170,(anonymous_23)
FN:175,(anonymous_24)
FN:175,(anonymous_25)
FN:179,(anonymous_26)
FN:180,(anonymous_27)
FN:190,(anonymous_28)
FN:194,(anonymous_29)
FN:197,(anonymous_30)
FN:198,(anonymous_31)
FN:211,(anonymous_32)
FN:219,(anonymous_33)
FN:221,(anonymous_34)
FN:222,(anonymous_35)
FN:224,(anonymous_36)
FN:227,(anonymous_37)
FN:237,(anonymous_38)
FN:238,(anonymous_39)
FN:247,(anonymous_40)
FN:252,(anonymous_41)
FN:255,(anonymous_42)
FN:256,(anonymous_43)
FN:274,(anonymous_44)
FN:283,(anonymous_45)
FN:296,(anonymous_46)
FN:297,(anonymous_47)
FN:301,(anonymous_48)
FN:320,(anonymous_49)
FN:345,(anonymous_50)
FN:355,(anonymous_51)
FN:368,(anonymous_52)
FN:372,(anonymous_53)
FN:390,(anonymous_54)
FN:416,(anonymous_55)
FN:426,(anonymous_56)
FN:440,(anonymous_57)
FN:445,(anonymous_58)
FN:446,(anonymous_59)
FN:455,(anonymous_60)
FN:455,(anonymous_61)
FN:464,(anonymous_62)
FNF:63
FNH:0
FNDA:0,Getadmin
FNDA:0,(anonymous_1)
FNDA:0,(anonymous_2)
FNDA:0,(anonymous_3)
FNDA:0,(anonymous_4)
FNDA:0,(anonymous_5)
FNDA:0,(anonymous_6)
FNDA:0,(anonymous_7)
FNDA:0,(anonymous_8)
FNDA:0,(anonymous_9)
FNDA:0,(anonymous_10)
FNDA:0,(anonymous_11)
FNDA:0,(anonymous_12)
FNDA:0,(anonymous_13)
FNDA:0,(anonymous_14)
FNDA:0,(anonymous_15)
FNDA:0,(anonymous_16)
FNDA:0,(anonymous_17)
FNDA:0,(anonymous_18)
FNDA:0,(anonymous_19)
FNDA:0,(anonymous_20)
FNDA:0,(anonymous_21)
FNDA:0,(anonymous_22)
FNDA:0,(anonymous_23)
FNDA:0,(anonymous_24)
FNDA:0,(anonymous_25)
FNDA:0,(anonymous_26)
FNDA:0,(anonymous_27)
FNDA:0,(anonymous_28)
FNDA:0,(anonymous_29)
FNDA:0,(anonymous_30)
FNDA:0,(anonymous_31)
FNDA:0,(anonymous_32)
FNDA:0,(anonymous_33)
FNDA:0,(anonymous_34)
FNDA:0,(anonymous_35)
FNDA:0,(anonymous_36)
FNDA:0,(anonymous_37)
FNDA:0,(anonymous_38)
FNDA:0,(anonymous_39)
FNDA:0,(anonymous_40)
FNDA:0,(anonymous_41)
FNDA:0,(anonymous_42)
FNDA:0,(anonymous_43)
FNDA:0,(anonymous_44)
FNDA:0,(anonymous_45)
FNDA:0,(anonymous_46)
FNDA:0,(anonymous_47)
FNDA:0,(anonymous_48)
FNDA:0,(anonymous_49)
FNDA:0,(anonymous_50)
FNDA:0,(anonymous_51)
FNDA:0,(anonymous_52)
FNDA:0,(anonymous_53)
FNDA:0,(anonymous_54)
FNDA:0,(anonymous_55)
FNDA:0,(anonymous_56)
FNDA:0,(anonymous_57)
FNDA:0,(anonymous_58)
FNDA:0,(anonymous_59)
FNDA:0,(anonymous_60)
FNDA:0,(anonymous_61)
FNDA:0,(anonymous_62)
DA:1,1
DA:2,1
DA:3,1
DA:4,1
DA:5,1
DA:6,1
DA:8,1
DA:17,0
DA:29,0
DA:42,0
DA:43,0
DA:44,0
DA:45,0
DA:46,0
DA:47,0
DA:50,0
DA:59,0
DA:62,0
DA:66,1
DA:67,0
DA:68,0
DA:70,0
DA:75,0
DA:77,0
DA:78,0
DA:79,0
DA:80,0
DA:81,0
DA:83,0
DA:85,0
DA:86,0
DA:87,0
DA:88,0
DA:90,0
DA:99,0
DA:100,0
DA:102,0
DA:103,0
DA:109,1
DA:110,0
DA:111,0
DA:113,0
DA:115,0
DA:116,0
DA:120,0
DA:123,0
DA:126,0
DA:127,0
DA:128,0
DA:135,0
DA:137,0
DA:138,0
DA:144,1
DA:145,0
DA:146,0
DA:147,0
DA:154,0
DA:155,0
DA:156,0
DA:158,0
DA:165,0
DA:166,0
DA:167,0
DA:168,0
DA:169,0
DA:170,0
DA:172,0
DA:175,0
DA:179,0
DA:180,0
DA:184,0
DA:185,0
DA:190,1
DA:191,0
DA:192,0
DA:193,0
DA:194,0
DA:195,0
DA:197,0
DA:198,0
DA:199,0
DA:205,0
DA:207,0
DA:211,1
DA:212,0
DA:213,0
DA:219,0
DA:220,0
DA:221,0
DA:222,0
DA:223,0
DA:224,0
DA:227,0
DA:228,0
DA:229,0
DA:230,0
DA:233,0
DA:237,0
DA:238,0
DA:242,0
DA:247,1
DA:248,0
DA:249,0
DA:250,0
DA:252,0
DA:253,0
DA:255,0
DA:256,0
DA:257,0
DA:263,0
DA:265,0
DA:274,1
DA:275,0
DA:276,0
DA:277,0
DA:279,0
DA:283,1
DA:284,0
DA:285,0
DA:286,0
DA:293,0
DA:295,0
DA:296,0
DA:297,0
DA:300,0
DA:301,0
DA:303,0
DA:315,0
DA:320,1
DA:321,0
DA:323,0
DA:324,0
DA:326,0
DA:337,0
DA:340,0
DA:345,1
DA:346,0
DA:347,0
DA:348,0
DA:350,0
DA:355,1
DA:356,0
DA:357,0
DA:358,0
DA:364,0
DA:367,0
DA:368,0
DA:371,0
DA:372,0
DA:375,0
DA:386,0
DA:390,1
DA:391,0
DA:393,0
DA:394,0
DA:396,0
DA:409,0
DA:412,0
DA:416,1
DA:417,0
DA:418,0
DA:419,0
DA:421,0
DA:426,1
DA:427,0
DA:428,0
DA:429,0
DA:431,0
DA:437,0
DA:440,0
DA:441,0
DA:445,0
DA:446,0
DA:448,0
DA:455,0
DA:459,0
DA:464,1
DA:465,0
DA:467,0
DA:468,0
DA:470,0
DA:485,0
DA:488,0
DA:492,1
LF:184
LH:23
BRDA:44,0,0,0
BRDA:44,0,1,0
BRDA:45,1,0,0
BRDA:45,1,1,0
BRDA:46,2,0,0
BRDA:46,2,1,0
BRDA:79,3,0,0
BRDA:79,3,1,0
BRDA:93,4,0,0
BRDA:93,4,1,0
BRDA:94,5,0,0
BRDA:94,5,1,0
BRDA:115,6,0,0
BRDA:115,6,1,0
BRDA:129,7,0,0
BRDA:129,7,1,0
BRDA:129,8,0,0
BRDA:129,8,1,0
BRDA:131,9,0,0
BRDA:131,9,1,0
BRDA:131,9,2,0
BRDA:160,10,0,0
BRDA:160,10,1,0
BRDA:161,11,0,0
BRDA:161,11,1,0
BRDA:200,12,0,0
BRDA:200,12,1,0
BRDA:200,13,0,0
BRDA:200,13,1,0
BRDA:229,14,0,0
BRDA:229,14,1,0
BRDA:258,15,0,0
BRDA:258,15,1,0
BRDA:258,16,0,0
BRDA:258,16,1,0
BRDA:293,17,0,0
BRDA:293,17,1,0
BRDA:300,18,0,0
BRDA:300,18,1,0
BRDA:364,19,0,0
BRDA:364,19,1,0
BRDA:367,20,0,0
BRDA:367,20,1,0
BRDA:371,21,0,0
BRDA:371,21,1,0
BRDA:437,22,0,0
BRDA:437,22,1,0
BRF:47
BRH:0
end_of_record
TN:
SF:controllers\application.controller.js
FN:5,(anonymous_0)
FNF:1
FNH:0
FNDA:0,(anonymous_0)
DA:1,1
DA:3,1
DA:5,1
DA:6,0
DA:7,0
DA:9,0
DA:10,0
DA:16,0
DA:18,0
DA:19,0
DA:25,0
DA:26,0
DA:27,0
DA:33,0
DA:34,0
DA:35,0
DA:41,0
DA:51,0
DA:53,0
DA:58,0
DA:59,0
DA:63,1
LF:22
LH:4
BRDA:9,0,0,0
BRDA:9,0,1,0
BRDA:9,1,0,0
BRDA:9,1,1,0
BRDA:18,2,0,0
BRDA:18,2,1,0
BRDA:26,3,0,0
BRDA:26,3,1,0
BRDA:34,4,0,0
BRDA:34,4,1,0
BRF:10
BRH:0
end_of_record
TN:
SF:controllers\auth.controller.js
FN:14,signup
FN:47,login
FN:112,verifyOTP
FN:188,forgotPassword
FN:223,checkAuth
FN:262,logout
FNF:6
FNH:2
FNDA:2,signup
FNDA:2,login
FNDA:0,verifyOTP
FNDA:0,forgotPassword
FNDA:0,checkAuth
FNDA:0,logout
DA:1,1
DA:2,1
DA:4,1
DA:5,1
DA:6,1
DA:8,1
DA:11,1
DA:12,1
DA:15,2
DA:17,2
DA:18,2
DA:19,2
DA:20,2
DA:26,0
DA:34,0
DA:36,0
DA:41,0
DA:42,0
DA:43,0
DA:48,2
DA:50,2
DA:51,2
DA:53,2
DA:54,0
DA:55,2
DA:56,0
DA:57,2
DA:58,0
DA:59,2
DA:60,0
DA:61,0
DA:62,0
DA:64,0
DA:67,0
DA:70,2
DA:73,0
DA:74,0
DA:81,0
DA:82,0
DA:83,0
DA:84,0
DA:91,0
DA:92,0
DA:93,0
DA:94,0
DA:96,0
DA:98,0
DA:106,0
DA:107,0
DA:108,0
DA:113,0
DA:115,0
DA:116,0
DA:118,0
DA:119,0
DA:120,0
DA:122,0
DA:123,0
DA:129,0
DA:130,0
DA:131,0
DA:133,0
DA:136,0
DA:142,0
DA:153,0
DA:159,0
DA:160,0
DA:162,0
DA:163,0
DA:165,0
DA:166,0
DA:168,0
DA:169,0
DA:171,0
DA:172,0
DA:175,0
DA:182,0
DA:183,0
DA:184,0
DA:189,0
DA:191,0
DA:192,0
DA:194,0
DA:195,0
DA:196,0
DA:198,0
DA:199,0
DA:205,0
DA:206,0
DA:207,0
DA:208,0
DA:210,0
DA:212,0
DA:217,0
DA:218,0
DA:219,0
DA:224,0
DA:225,0
DA:228,0
DA:229,0
DA:236,0
DA:238,0
DA:239,0
DA:240,0
DA:241,0
DA:242,0
DA:243,0
DA:246,0
DA:247,0
DA:250,0
DA:256,0
DA:257,0
DA:258,0
DA:263,0
DA:264,0
DA:270,1
LF:116
LH:22
BRDA:19,0,0,2
BRDA:19,0,1,0
BRDA:31,1,0,0
BRDA:31,1,1,0
BRDA:53,2,0,0
BRDA:53,2,1,2
BRDA:55,3,0,0
BRDA:55,3,1,2
BRDA:57,4,0,0
BRDA:57,4,1,2
BRDA:59,5,0,0
BRDA:59,5,1,2
BRDA:60,6,0,0
BRDA:60,6,1,0
BRDA:60,7,0,0
BRDA:60,7,1,0
BRDA:62,8,0,0
BRDA:62,8,1,0
BRDA:73,9,0,0
BRDA:73,9,1,0
BRDA:81,10,0,0
BRDA:81,10,1,0
BRDA:83,11,0,0
BRDA:83,11,1,0
BRDA:118,12,0,0
BRDA:118,12,1,0
BRDA:119,13,0,0
BRDA:119,13,1,0
BRDA:119,14,0,0
BRDA:119,14,1,0
BRDA:120,15,0,0
BRDA:120,15,1,0
BRDA:122,16,0,0
BRDA:122,16,1,0
BRDA:122,17,0,0
BRDA:122,17,1,0
BRDA:122,17,2,0
BRDA:136,18,0,0
BRDA:136,18,1,0
BRDA:138,19,0,0
BRDA:138,19,1,0
BRDA:140,20,0,0
BRDA:140,20,1,0
BRDA:146,21,0,0
BRDA:146,21,1,0
BRDA:160,22,0,0
BRDA:160,22,1,0
BRDA:160,22,2,0
BRDA:160,22,3,0
BRDA:194,23,0,0
BRDA:194,23,1,0
BRDA:195,24,0,0
BRDA:195,24,1,0
BRDA:196,25,0,0
BRDA:196,25,1,0
BRDA:198,26,0,0
BRDA:198,26,1,0
BRDA:228,27,0,0
BRDA:228,27,1,0
BRDA:238,28,0,0
BRDA:238,28,1,0
BRDA:240,29,0,0
BRDA:240,29,1,0
BRDA:242,30,0,0
BRDA:242,30,1,0
BRDA:246,31,0,0
BRDA:246,31,1,0
BRDA:252,32,0,0
BRDA:252,32,1,0
BRF:69
BRH:5
end_of_record
TN:
SF:controllers\base.controller.js
FN:3,getLandingPage
FN:16,getNGO
FN:20,(anonymous_2)
FN:21,(anonymous_3)
FN:31,(anonymous_4)
FN:32,(anonymous_5)
FN:42,(anonymous_6)
FN:43,(anonymous_7)
FN:53,(anonymous_8)
FN:54,(anonymous_9)
FN:64,(anonymous_10)
FN:65,(anonymous_11)
FNF:12
FNH:0
FNDA:0,getLandingPage
FNDA:0,getNGO
FNDA:0,(anonymous_2)
FNDA:0,(anonymous_3)
FNDA:0,(anonymous_4)
FNDA:0,(anonymous_5)
FNDA:0,(anonymous_6)
FNDA:0,(anonymous_7)
FNDA:0,(anonymous_8)
FNDA:0,(anonymous_9)
FNDA:0,(anonymous_10)
FNDA:0,(anonymous_11)
DA:1,1
DA:4,0
DA:5,0
DA:6,0
DA:8,0
DA:10,0
DA:12,0
DA:17,0
DA:19,0
DA:20,0
DA:21,0
DA:22,0
DA:23,0
DA:24,0
DA:26,0
DA:31,0
DA:32,0
DA:33,0
DA:34,0
DA:35,0
DA:37,0
DA:42,0
DA:43,0
DA:44,0
DA:45,0
DA:46,0
DA:48,0
DA:53,0
DA:54,0
DA:55,0
DA:56,0
DA:57,0
DA:59,0
DA:64,0
DA:65,0
DA:66,0
DA:67,0
DA:68,0
DA:70,0
DA:75,0
DA:86,0
DA:87,0
DA:88,0
DA:92,1
LF:44
LH:2
BRDA:22,0,0,0
BRDA:22,0,1,0
BRDA:33,1,0,0
BRDA:33,1,1,0
BRDA:44,2,0,0
BRDA:44,2,1,0
BRDA:55,3,0,0
BRDA:55,3,1,0
BRDA:66,4,0,0
BRDA:66,4,1,0
BRF:10
BRH:0
end_of_record
TN:
SF:controllers\carehome.controller.js
FN:21,getCareHomesApi
FN:31,donateMoney
FN:48,insertMoney
FN:83,register
FN:87,rejectApplication
FN:122,acceptApplication
FN:159,donateItems
FN:173,get_don_items
FN:217,registerCarehome
FN:256,(anonymous_9)
FN:258,(anonymous_10)
FN:273,getCarehome
FN:311,accpet_item_doantions
FN:374,editCarehomeProfile
FN:429,getCarehomeProfile
FN:454,getMongoIdFromNumericId
FN:459,post_createjob
FN:514,get_alljobs
FN:533,getCarehomePublic
FN:559,getCareHome_Jobs
FN:591,getJobApplicants
FN:609,(anonymous_21)
FN:631,getMyApplications
FN:644,(anonymous_23)
FN:660,createImpactStory
FN:669,(anonymous_25)
FN:670,(anonymous_26)
FN:673,(anonymous_27)
FN:674,(anonymous_28)
FN:689,getImpactStories
FNF:30
FNH:0
FNDA:0,getCareHomesApi
FNDA:0,donateMoney
FNDA:0,insertMoney
FNDA:0,register
FNDA:0,rejectApplication
FNDA:0,acceptApplication
FNDA:0,donateItems
FNDA:0,get_don_items
FNDA:0,registerCarehome
FNDA:0,(anonymous_9)
FNDA:0,(anonymous_10)
FNDA:0,getCarehome
FNDA:0,accpet_item_doantions
FNDA:0,editCarehomeProfile
FNDA:0,getCarehomeProfile
FNDA:0,getMongoIdFromNumericId
FNDA:0,post_createjob
FNDA:0,get_alljobs
FNDA:0,getCarehomePublic
FNDA:0,getCareHome_Jobs
FNDA:0,getJobApplicants
FNDA:0,(anonymous_21)
FNDA:0,getMyApplications
FNDA:0,(anonymous_23)
FNDA:0,createImpactStory
FNDA:0,(anonymous_25)
FNDA:0,(anonymous_26)
FNDA:0,(anonymous_27)
FNDA:0,(anonymous_28)
FNDA:0,getImpactStories
DA:1,1
DA:2,1
DA:4,1
DA:5,1
DA:6,1
DA:7,1
DA:8,1
DA:9,1
DA:14,1
DA:22,0
DA:23,0
DA:24,0
DA:26,0
DA:27,0
DA:32,0
DA:33,0
DA:34,0
DA:36,0
DA:43,0
DA:44,0
DA:49,0
DA:50,0
DA:52,0
DA:54,0
DA:56,0
DA:57,0
DA:63,0
DA:71,0
DA:77,0
DA:78,0
DA:79,0
DA:84,0
DA:88,0
DA:89,0
DA:90,0
DA:96,0
DA:97,0
DA:100,0
DA:101,0
DA:103,0
DA:104,0
DA:107,0
DA:108,0
DA:109,0
DA:111,0
DA:114,0
DA:116,0
DA:117,0
DA:118,0
DA:123,0
DA:125,0
DA:126,0
DA:132,0
DA:133,0
DA:136,0
DA:138,0
DA:139,0
DA:142,0
DA:143,0
DA:144,0
DA:147,0
DA:148,0
DA:150,0
DA:153,0
DA:155,0
DA:160,0
DA:161,0
DA:162,0
DA:168,0
DA:169,0
DA:174,0
DA:175,0
DA:176,0
DA:183,0
DA:184,0
DA:185,0
DA:186,0
DA:187,0
DA:188,0
DA:190,0
DA:191,0
DA:196,0
DA:205,0
DA:207,0
DA:212,0
DA:213,0
DA:218,0
DA:220,0
DA:221,0
DA:222,0
DA:225,0
DA:226,0
DA:245,0
DA:247,0
DA:251,0
DA:252,0
DA:256,1
DA:257,0
DA:260,0
DA:264,0
DA:274,0
DA:276,0
DA:277,0
DA:280,0
DA:281,0
DA:282,0
DA:283,0
DA:284,0
DA:285,0
DA:286,0
DA:287,0
DA:289,0
DA:291,0
DA:293,0
DA:307,0
DA:308,0
DA:312,0
DA:314,0
DA:318,0
DA:331,0
DA:334,0
DA:335,0
DA:347,0
DA:355,0
DA:367,0
DA:369,0
DA:370,0
DA:371,0
DA:375,0
DA:377,0
DA:378,0
DA:392,0
DA:394,0
DA:395,0
DA:412,0
DA:413,0
DA:418,0
DA:424,0
DA:425,0
DA:430,0
DA:432,0
DA:433,0
DA:436,0
DA:437,0
DA:442,0
DA:443,0
DA:446,0
DA:448,0
DA:449,0
DA:455,0
DA:456,0
DA:460,0
DA:461,0
DA:462,0
DA:469,0
DA:471,0
DA:472,0
DA:479,0
DA:481,0
DA:482,0
DA:489,0
DA:500,0
DA:502,0
DA:508,0
DA:509,0
DA:510,0
DA:515,0
DA:516,0
DA:520,0
DA:525,0
DA:526,0
DA:527,0
DA:534,0
DA:535,0
DA:537,0
DA:539,0
DA:540,0
DA:543,0
DA:545,0
DA:546,0
DA:547,0
DA:560,0
DA:562,0
DA:563,0
DA:567,0
DA:569,0
DA:570,0
DA:576,0
DA:580,0
DA:585,0
DA:586,0
DA:587,0
DA:592,0
DA:593,0
DA:595,0
DA:597,0
DA:598,0
DA:603,0
DA:608,0
DA:610,0
DA:613,0
DA:621,0
DA:626,0
DA:627,0
DA:628,0
DA:632,0
DA:633,0
DA:634,0
DA:637,0
DA:639,0
DA:644,0
DA:649,0
DA:654,0
DA:658,1
DA:661,0
DA:662,0
DA:663,0
DA:665,0
DA:668,0
DA:669,0
DA:670,0
DA:672,0
DA:673,0
DA:674,0
DA:676,0
DA:677,0
DA:678,0
DA:680,0
DA:681,0
DA:682,0
DA:684,0
DA:685,0
DA:690,0
DA:691,0
DA:692,0
DA:694,0
DA:698,1
LF:237
LH:12
BRDA:34,0,0,0
BRDA:34,0,1,0
BRDA:39,1,0,0
BRDA:39,1,1,0
BRDA:40,2,0,0
BRDA:40,2,1,0
BRDA:56,3,0,0
BRDA:56,3,1,0
BRDA:56,4,0,0
BRDA:56,4,1,0
BRDA:56,4,2,0
BRDA:56,4,3,0
BRDA:96,5,0,0
BRDA:96,5,1,0
BRDA:103,6,0,0
BRDA:103,6,1,0
BRDA:103,7,0,0
BRDA:103,7,1,0
BRDA:103,7,2,0
BRDA:132,8,0,0
BRDA:132,8,1,0
BRDA:138,9,0,0
BRDA:138,9,1,0
BRDA:138,10,0,0
BRDA:138,10,1,0
BRDA:143,11,0,0
BRDA:143,11,1,0
BRDA:164,12,0,0
BRDA:164,12,1,0
BRDA:165,13,0,0
BRDA:165,13,1,0
BRDA:175,14,0,0
BRDA:175,14,1,0
BRDA:175,15,0,0
BRDA:175,15,1,0
BRDA:185,16,0,0
BRDA:185,16,1,0
BRDA:190,17,0,0
BRDA:190,17,1,0
BRDA:190,18,0,0
BRDA:190,18,1,0
BRDA:190,18,2,0
BRDA:190,18,3,0
BRDA:190,18,4,0
BRDA:221,19,0,0
BRDA:221,19,1,0
BRDA:266,20,0,0
BRDA:266,20,1,0
BRDA:267,21,0,0
BRDA:267,21,1,0
BRDA:276,22,0,0
BRDA:276,22,1,0
BRDA:276,23,0,0
BRDA:276,23,1,0
BRDA:314,24,0,0
BRDA:314,24,1,0
BRDA:315,25,0,0
BRDA:315,25,1,0
BRDA:334,26,0,0
BRDA:334,26,1,0
BRDA:359,27,0,0
BRDA:359,27,1,0
BRDA:377,28,0,0
BRDA:377,28,1,0
BRDA:377,29,0,0
BRDA:377,29,1,0
BRDA:412,30,0,0
BRDA:412,30,1,0
BRDA:432,31,0,0
BRDA:432,31,1,0
BRDA:432,32,0,0
BRDA:432,32,1,0
BRDA:442,33,0,0
BRDA:442,33,1,0
BRDA:456,34,0,0
BRDA:456,34,1,0
BRDA:461,35,0,0
BRDA:461,35,1,0
BRDA:461,36,0,0
BRDA:461,36,1,0
BRDA:471,37,0,0
BRDA:471,37,1,0
BRDA:471,38,0,0
BRDA:471,38,1,0
BRDA:471,38,2,0
BRDA:481,39,0,0
BRDA:481,39,1,0
BRDA:496,40,0,0
BRDA:496,40,1,0
BRDA:497,41,0,0
BRDA:497,41,1,0
BRDA:539,42,0,0
BRDA:539,42,1,0
BRDA:562,43,0,0
BRDA:562,43,1,0
BRDA:562,44,0,0
BRDA:562,44,1,0
BRDA:569,45,0,0
BRDA:569,45,1,0
BRDA:597,46,0,0
BRDA:597,46,1,0
BRDA:615,47,0,0
BRDA:615,47,1,0
BRDA:616,48,0,0
BRDA:616,48,1,0
BRDA:633,49,0,0
BRDA:633,49,1,0
BRDA:646,50,0,0
BRDA:646,50,1,0
BRDA:662,51,0,0
BRDA:662,51,1,0
BRDA:662,52,0,0
BRDA:662,52,1,0
BRDA:670,53,0,0
BRDA:670,53,1,0
BRDA:674,54,0,0
BRDA:674,54,1,0
BRDA:677,55,0,0
BRDA:677,55,1,0
BRF:119
BRH:0
end_of_record
TN:
SF:controllers\corporate.controller.js
FN:5,(anonymous_0)
FNF:1
FNH:0
FNDA:0,(anonymous_0)
DA:2,1
DA:3,1
DA:5,1
DA:6,0
DA:7,0
DA:9,0
DA:10,0
DA:16,0
DA:18,0
DA:19,0
DA:25,0
DA:32,0
DA:39,0
DA:40,0
DA:47,1
LF:15
LH:4
BRDA:9,0,0,0
BRDA:9,0,1,0
BRDA:9,1,0,0
BRDA:9,1,1,0
BRDA:9,1,2,0
BRDA:18,2,0,0
BRDA:18,2,1,0
BRF:7
BRH:0
end_of_record
TN:
SF:controllers\donors.controller.js
FN:13,getdonor
FN:42,get_deadline
FN:62,get_carehomeid
FN:80,contributed_fund
FN:131,getEditDonorProfile
FN:149,editDonorProfile
FN:174,getUserActivity
FN:187,(anonymous_7)
FN:189,(anonymous_8)
FN:201,(anonymous_9)
FN:203,(anonymous_10)
FN:221,(anonymous_11)
FN:222,(anonymous_12)
FN:233,getTickerData
FN:245,(anonymous_14)
FN:247,(anonymous_15)
FN:266,(anonymous_16)
FN:277,getUserApplications
FNF:18
FNH:0
FNDA:0,getdonor
FNDA:0,get_deadline
FNDA:0,get_carehomeid
FNDA:0,contributed_fund
FNDA:0,getEditDonorProfile
FNDA:0,editDonorProfile
FNDA:0,getUserActivity
FNDA:0,(anonymous_7)
FNDA:0,(anonymous_8)
FNDA:0,(anonymous_9)
FNDA:0,(anonymous_10)
FNDA:0,(anonymous_11)
FNDA:0,(anonymous_12)
FNDA:0,getTickerData
FNDA:0,(anonymous_14)
FNDA:0,(anonymous_15)
FNDA:0,(anonymous_16)
FNDA:0,getUserApplications
DA:1,1
DA:2,1
DA:9,1
DA:11,1
DA:14,0
DA:15,0
DA:16,0
DA:17,0
DA:18,0
DA:19,0
DA:20,0
DA:21,0
DA:22,0
DA:24,0
DA:35,0
DA:36,0
DA:38,0
DA:43,0
DA:44,0
DA:52,0
DA:53,0
DA:56,0
DA:58,0
DA:63,0
DA:64,0
DA:69,0
DA:70,0
DA:73,0
DA:75,0
DA:76,0
DA:81,0
DA:82,0
DA:83,0
DA:84,0
DA:86,0
DA:87,0
DA:90,0
DA:91,0
DA:93,0
DA:94,0
DA:99,0
DA:100,0
DA:103,0
DA:113,0
DA:115,0
DA:121,0
DA:125,0
DA:126,0
DA:127,0
DA:132,0
DA:134,0
DA:135,0
DA:137,0
DA:138,0
DA:143,0
DA:144,0
DA:145,0
DA:150,0
DA:151,0
DA:153,0
DA:154,0
DA:160,0
DA:166,0
DA:167,0
DA:168,0
DA:175,0
DA:176,0
DA:177,0
DA:179,0
DA:187,0
DA:188,0
DA:190,0
DA:193,0
DA:201,0
DA:202,0
DA:204,0
DA:205,0
DA:213,0
DA:214,0
DA:215,0
DA:216,0
DA:218,0
DA:221,0
DA:222,0
DA:229,0
DA:234,0
DA:235,0
DA:240,0
DA:245,0
DA:246,0
DA:248,0
DA:249,0
DA:259,0
DA:260,0
DA:265,0
DA:266,0
DA:269,0
DA:271,0
DA:272,0
DA:273,0
DA:278,0
DA:279,0
DA:281,0
DA:295,0
DA:300,0
DA:301,0
DA:302,0
DA:306,1
LF:108
LH:5
BRDA:25,0,0,0
BRDA:25,0,1,0
BRDA:26,1,0,0
BRDA:26,1,1,0
BRDA:27,2,0,0
BRDA:27,2,1,0
BRDA:28,3,0,0
BRDA:28,3,1,0
BRDA:29,4,0,0
BRDA:29,4,1,0
BRDA:52,5,0,0
BRDA:52,5,1,0
BRDA:69,6,0,0
BRDA:69,6,1,0
BRDA:86,7,0,0
BRDA:86,7,1,0
BRDA:86,8,0,0
BRDA:86,8,1,0
BRDA:99,9,0,0
BRDA:99,9,1,0
BRDA:177,10,0,0
BRDA:177,10,1,0
BRDA:195,11,0,0
BRDA:195,11,1,0
BRDA:207,12,0,0
BRDA:207,12,1,0
BRDA:250,13,0,0
BRDA:250,13,1,0
BRDA:252,14,0,0
BRDA:252,14,1,0
BRDA:253,15,0,0
BRDA:253,15,1,0
BRF:32
BRH:0
end_of_record
TN:
SF:controllers\impactStories.controller.js
FN:4,(anonymous_0)
FN:15,(anonymous_1)
FN:24,(anonymous_2)
FN:50,(anonymous_3)
FNF:4
FNH:0
FNDA:0,(anonymous_0)
FNDA:0,(anonymous_1)
FNDA:0,(anonymous_2)
FNDA:0,(anonymous_3)
DA:1,1
DA:4,1
DA:5,0
DA:6,0
DA:7,0
DA:9,0
DA:10,0
DA:15,1
DA:16,0
DA:17,0
DA:20,0
DA:21,0
DA:23,0
DA:24,0
DA:25,0
DA:26,0
DA:27,0
DA:28,0
DA:33,0
DA:41,0
DA:42,0
DA:44,0
DA:45,0
DA:50,1
DA:51,0
DA:52,0
DA:53,0
DA:54,0
DA:56,0
DA:57,0
DA:61,1
LF:31
LH:5
BRDA:23,0,0,0
BRDA:23,0,1,0
BRDA:25,1,0,0
BRDA:25,1,1,0
BRDA:27,2,0,0
BRDA:27,2,1,0
BRF:6
BRH:0
end_of_record
TN:
SF:controllers\receipt.controller.js
FN:7,(anonymous_0)
FNF:1
FNH:0
FNDA:0,(anonymous_0)
DA:1,1
DA:2,1
DA:3,1
DA:4,1
DA:5,1
DA:7,1
DA:8,0
DA:10,0
DA:13,0
DA:14,0
DA:15,0
DA:18,0
DA:19,0
DA:20,0
DA:21,0
DA:22,0
DA:23,0
DA:24,0
DA:25,0
DA:26,0
DA:27,0
DA:28,0
DA:29,0
DA:32,0
DA:35,0
DA:36,0
DA:37,0
DA:38,0
DA:41,0
DA:44,0
DA:47,0
DA:50,0
DA:51,0
DA:52,0
DA:54,0
DA:55,0
DA:58,0
DA:60,0
DA:61,0
DA:62,0
DA:64,0
DA:65,0
DA:66,0
DA:67,0
DA:68,0
DA:71,0
DA:72,0
DA:73,0
DA:75,0
DA:76,0
DA:77,0
DA:78,0
DA:80,0
DA:81,0
DA:83,0
DA:84,0
DA:86,0
DA:88,0
DA:89,0
DA:91,0
DA:92,0
DA:96,0
DA:97,0
DA:98,0
DA:99,0
DA:103,0
DA:105,0
DA:107,0
DA:108,0
DA:112,1
LF:70
LH:7
BRDA:14,0,0,0
BRDA:14,0,1,0
BRDA:18,1,0,0
BRDA:18,1,1,0
BRDA:21,2,0,0
BRDA:21,2,1,0
BRDA:22,3,0,0
BRDA:22,3,1,0
BRDA:26,4,0,0
BRDA:26,4,1,0
BRDA:32,5,0,0
BRDA:32,5,1,0
BRDA:71,6,0,0
BRDA:71,6,1,0
BRF:14
BRH:0
end_of_record
TN:
SF:data\database.js
FNF:0
FNH:0
DA:1,1
DA:3,1
DA:5,1
LF:3
LH:3
BRF:0
BRH:0
end_of_record
TN:
SF:middlewares\auth.middleware.js
FN:3,(anonymous_0)
FNF:1
FNH:0
FNDA:0,(anonymous_0)
DA:1,1
DA:3,1
DA:4,0
DA:6,0
DA:7,0
DA:10,0
DA:11,0
DA:12,0
DA:13,0
DA:15,0
DA:19,1
LF:11
LH:3
BRDA:6,0,0,0
BRDA:6,0,1,0
BRF:2
BRH:0
end_of_record
TN:
SF:middlewares\role.middleware.js
FN:1,(anonymous_0)
FN:2,(anonymous_1)
FNF:2
FNH:1
FNDA:43,(anonymous_0)
FNDA:0,(anonymous_1)
DA:1,1
DA:2,43
DA:3,0
DA:4,0
DA:9,0
DA:10,0
DA:15,0
DA:19,1
LF:8
LH:3
BRDA:3,0,0,0
BRDA:3,0,1,0
BRDA:3,1,0,0
BRDA:3,1,1,0
BRDA:9,2,0,0
BRDA:9,2,1,0
BRF:6
BRH:0
end_of_record
TN:
SF:models\Application.js
FNF:0
FNH:0
DA:1,1
DA:3,1
DA:50,1
LF:3
LH:3
BRF:0
BRH:0
end_of_record
TN:
SF:models\ImpactStory.js
FNF:0
FNH:0
DA:1,1
DA:3,1
DA:12,1
LF:3
LH:3
BRF:0
BRH:0
end_of_record
TN:
SF:models\NGO.model.js
FN:67,storeNGO
FN:76,(anonymous_1)
FN:85,(anonymous_2)
FN:93,(anonymous_3)
FN:103,(anonymous_4)
FN:112,(anonymous_5)
FN:116,(anonymous_6)
FN:128,(anonymous_7)
FN:132,(anonymous_8)
FN:145,(anonymous_9)
FN:149,(anonymous_10)
FN:166,(anonymous_11)
FN:170,(anonymous_12)
FN:187,(anonymous_13)
FN:199,(anonymous_14)
FN:214,(anonymous_15)
FN:262,(anonymous_16)
FN:272,(anonymous_17)
FN:288,(anonymous_18)
FN:309,(anonymous_19)
FN:320,(anonymous_20)
FN:341,(anonymous_21)
FN:357,(anonymous_22)
FN:374,(anonymous_23)
FN:390,(anonymous_24)
FNF:25
FNH:0
FNDA:0,storeNGO
FNDA:0,(anonymous_1)
FNDA:0,(anonymous_2)
FNDA:0,(anonymous_3)
FNDA:0,(anonymous_4)
FNDA:0,(anonymous_5)
FNDA:0,(anonymous_6)
FNDA:0,(anonymous_7)
FNDA:0,(anonymous_8)
FNDA:0,(anonymous_9)
FNDA:0,(anonymous_10)
FNDA:0,(anonymous_11)
FNDA:0,(anonymous_12)
FNDA:0,(anonymous_13)
FNDA:0,(anonymous_14)
FNDA:0,(anonymous_15)
FNDA:0,(anonymous_16)
FNDA:0,(anonymous_17)
FNDA:0,(anonymous_18)
FNDA:0,(anonymous_19)
FNDA:0,(anonymous_20)
FNDA:0,(anonymous_21)
FNDA:0,(anonymous_22)
FNDA:0,(anonymous_23)
FNDA:0,(anonymous_24)
DA:1,1
DA:2,1
DA:3,1
DA:5,1
DA:8,1
DA:9,1
DA:14,1
DA:30,1
DA:32,1
DA:67,1
DA:68,0
DA:69,0
DA:70,0
DA:72,0
DA:76,1
DA:77,0
DA:78,0
DA:79,0
DA:81,0
DA:85,1
DA:86,0
DA:87,0
DA:90,0
DA:93,1
DA:94,0
DA:95,0
DA:96,0
DA:98,0
DA:103,1
DA:104,0
DA:105,0
DA:106,0
DA:108,0
DA:112,1
DA:113,0
DA:114,0
DA:116,0
DA:117,0
DA:118,0
DA:121,0
DA:123,0
DA:124,0
DA:128,1
DA:129,0
DA:130,0
DA:132,0
DA:133,0
DA:134,0
DA:137,0
DA:139,0
DA:140,0
DA:145,1
DA:146,0
DA:147,0
DA:149,0
DA:151,0
DA:155,0
DA:158,0
DA:160,0
DA:161,0
DA:166,1
DA:167,0
DA:168,0
DA:170,0
DA:172,0
DA:176,0
DA:179,0
DA:181,0
DA:182,0
DA:187,1
DA:188,0
DA:189,0
DA:190,0
DA:191,0
DA:193,0
DA:194,0
DA:199,1
DA:203,0
DA:204,0
DA:205,0
DA:206,0
DA:208,0
DA:209,0
DA:214,1
DA:215,0
DA:216,0
DA:223,0
DA:228,0
DA:230,0
DA:235,0
DA:237,0
DA:248,0
DA:251,0
DA:255,0
DA:257,0
DA:258,0
DA:262,1
DA:263,0
DA:264,0
DA:265,0
DA:267,0
DA:268,0
DA:272,1
DA:274,0
DA:276,0
DA:280,0
DA:284,0
DA:288,1
DA:290,0
DA:292,0
DA:300,0
DA:305,0
DA:309,1
DA:311,0
DA:312,0
DA:313,0
DA:315,0
DA:320,1
DA:321,0
DA:322,0
DA:331,0
DA:333,0
DA:334,0
DA:341,1
DA:342,0
DA:343,0
DA:344,0
DA:346,0
DA:350,0
DA:352,0
DA:353,0
DA:357,1
DA:358,0
DA:359,0
DA:360,0
DA:363,0
DA:368,0
DA:370,0
DA:371,0
DA:374,1
DA:375,0
DA:377,0
DA:382,0
DA:384,0
DA:385,0
DA:390,1
DA:391,0
DA:400,0
DA:403,0
DA:404,0
DA:405,0
DA:406,0
DA:407,0
DA:408,0
DA:411,0
DA:420,0
DA:421,0
DA:424,0
DA:430,0
DA:431,0
DA:435,1
DA:436,1
DA:438,1
LF:163
LH:33
BRDA:106,0,0,0
BRDA:106,0,1,0
BRDA:118,1,0,0
BRDA:118,1,1,0
BRDA:134,2,0,0
BRDA:134,2,1,0
BRDA:151,3,0,0
BRDA:151,3,1,0
BRDA:155,4,0,0
BRDA:155,4,1,0
BRDA:172,5,0,0
BRDA:172,5,1,0
BRDA:176,6,0,0
BRDA:176,6,1,0
BRDA:228,7,0,0
BRDA:228,7,1,0
BRDA:235,8,0,0
BRDA:235,8,1,0
BRDA:248,9,0,0
BRDA:248,9,1,0
BRDA:251,10,0,0
BRDA:251,10,1,0
BRDA:331,11,0,0
BRDA:331,11,1,0
BRDA:404,12,0,0
BRDA:404,12,1,0
BRDA:405,13,0,0
BRDA:405,13,1,0
BRDA:406,14,0,0
BRDA:406,14,1,0
BRDA:407,15,0,0
BRDA:407,15,1,0
BRDA:408,16,0,0
BRDA:408,16,1,0
BRDA:420,17,0,0
BRDA:420,17,1,0
BRF:36
BRH:0
end_of_record
TN:
SF:models\admin.model.js
FN:15,(anonymous_0)
FN:23,(anonymous_1)
FN:55,(anonymous_2)
FN:90,(anonymous_3)
FN:96,(anonymous_4)
FN:102,(anonymous_5)
FN:137,(anonymous_6)
FN:148,(anonymous_7)
FNF:8
FNH:0
FNDA:0,(anonymous_0)
FNDA:0,(anonymous_1)
FNDA:0,(anonymous_2)
FNDA:0,(anonymous_3)
FNDA:0,(anonymous_4)
FNDA:0,(anonymous_5)
FNDA:0,(anonymous_6)
FNDA:0,(anonymous_7)
DA:3,1
DA:5,1
DA:7,1
DA:8,1
DA:11,1
DA:15,1
DA:16,0
DA:20,0
DA:23,1
DA:24,0
DA:39,0
DA:40,0
DA:43,0
DA:46,0
DA:48,0
DA:55,1
DA:57,0
DA:67,0
DA:77,0
DA:78,0
DA:81,0
DA:83,0
DA:84,0
DA:85,0
DA:87,0
DA:90,1
DA:92,0
DA:93,0
DA:96,1
DA:98,0
DA:99,0
DA:102,1
DA:104,0
DA:114,0
DA:124,0
DA:125,0
DA:128,0
DA:130,0
DA:131,0
DA:132,0
DA:134,0
DA:137,1
DA:139,0
DA:140,0
DA:144,0
DA:148,1
DA:149,0
DA:150,0
DA:152,0
DA:157,0
DA:158,0
DA:160,0
DA:161,0
DA:166,1
DA:168,1
LF:55
LH:15
BRDA:20,0,0,0
BRDA:20,0,1,0
BRDA:39,1,0,0
BRDA:39,1,1,0
BRDA:50,2,0,0
BRDA:50,2,1,0
BRDA:77,3,0,0
BRDA:77,3,1,0
BRDA:78,4,0,0
BRDA:78,4,1,0
BRDA:124,5,0,0
BRDA:124,5,1,0
BRDA:125,6,0,0
BRDA:125,6,1,0
BRF:14
BRH:0
end_of_record
TN:
SF:models\carehome.model.js
FN:33,(anonymous_0)
FN:38,(anonymous_1)
FN:42,(anonymous_2)
FN:47,(anonymous_3)
FN:52,(anonymous_4)
FN:61,(anonymous_5)
FN:70,(anonymous_6)
FN:75,(anonymous_7)
FN:80,(anonymous_8)
FN:85,(anonymous_9)
FN:139,(anonymous_10)
FN:148,(anonymous_11)
FN:159,(anonymous_12)
FN:208,(anonymous_13)
FN:247,(anonymous_14)
FNF:15
FNH:0
FNDA:0,(anonymous_0)
FNDA:0,(anonymous_1)
FNDA:0,(anonymous_2)
FNDA:0,(anonymous_3)
FNDA:0,(anonymous_4)
FNDA:0,(anonymous_5)
FNDA:0,(anonymous_6)
FNDA:0,(anonymous_7)
FNDA:0,(anonymous_8)
FNDA:0,(anonymous_9)
FNDA:0,(anonymous_10)
FNDA:0,(anonymous_11)
FNDA:0,(anonymous_12)
FNDA:0,(anonymous_13)
FNDA:0,(anonymous_14)
DA:1,1
DA:2,1
DA:3,1
DA:4,1
DA:6,1
DA:31,1
DA:33,1
DA:34,0
DA:35,0
DA:38,1
DA:39,0
DA:40,0
DA:42,1
DA:43,0
DA:44,0
DA:47,1
DA:48,0
DA:49,0
DA:52,1
DA:53,0
DA:54,0
DA:58,0
DA:61,1
DA:62,0
DA:63,0
DA:67,0
DA:70,1
DA:71,0
DA:72,0
DA:75,1
DA:76,0
DA:77,0
DA:80,1
DA:81,0
DA:82,0
DA:85,1
DA:86,0
DA:87,0
DA:90,1
DA:109,1
DA:139,1
DA:140,0
DA:143,0
DA:144,0
DA:148,1
DA:149,0
DA:156,0
DA:159,1
DA:160,0
DA:162,0
DA:171,0
DA:172,0
DA:175,0
DA:180,0
DA:181,0
DA:182,0
DA:186,0
DA:193,0
DA:202,0
DA:203,0
DA:205,0
DA:208,1
DA:209,0
DA:211,0
DA:215,0
DA:216,0
DA:220,0
DA:222,0
DA:223,0
DA:224,0
DA:225,0
DA:227,0
DA:233,0
DA:240,0
DA:242,0
DA:243,0
DA:247,1
DA:248,0
DA:249,0
DA:250,0
DA:253,0
DA:254,0
DA:260,1
DA:311,1
DA:312,1
DA:313,1
DA:314,1
DA:316,1
LF:88
LH:29
BRDA:171,0,0,0
BRDA:171,0,1,0
BRDA:180,1,0,0
BRDA:180,1,1,0
BRDA:181,2,0,0
BRDA:181,2,1,0
BRDA:182,3,0,0
BRDA:182,3,1,0
BRDA:202,4,0,0
BRDA:202,4,1,0
BRDA:215,5,0,0
BRDA:215,5,1,0
BRDA:228,6,0,0
BRDA:228,6,1,0
BRF:14
BRH:0
end_of_record
TN:
SF:models\corporateDonation.model.js
FNF:0
FNH:0
DA:1,1
DA:3,1
DA:25,1
LF:3
LH:3
BRF:0
BRH:0
end_of_record
TN:
SF:models\user.model.js
FN:31,(anonymous_0)
FN:36,(anonymous_1)
FN:40,(anonymous_2)
FN:47,(anonymous_3)
FN:82,(anonymous_4)
FN:111,(anonymous_5)
FN:171,(anonymous_6)
FN:280,(anonymous_7)
FN:288,(anonymous_8)
FNF:9
FNH:1
FNDA:2,(anonymous_0)
FNDA:0,(anonymous_1)
FNDA:0,(anonymous_2)
FNDA:0,(anonymous_3)
FNDA:0,(anonymous_4)
FNDA:0,(anonymous_5)
FNDA:0,(anonymous_6)
FNDA:0,(anonymous_7)
FNDA:0,(anonymous_8)
DA:1,1
DA:2,1
DA:3,1
DA:5,1
DA:29,1
DA:31,1
DA:32,2
DA:33,2
DA:36,1
DA:37,0
DA:40,1
DA:41,0
DA:42,0
DA:44,0
DA:47,1
DA:48,0
DA:49,0
DA:50,0
DA:53,1
DA:82,1
DA:83,0
DA:85,0
DA:108,0
DA:111,1
DA:112,0
DA:114,0
DA:135,0
DA:138,1
DA:171,1
DA:172,0
DA:175,0
DA:178,1
DA:227,1
DA:253,1
DA:280,1
DA:281,0
DA:285,0
DA:288,1
DA:289,0
DA:290,0
DA:294,0
DA:297,1
DA:298,1
DA:302,1
DA:306,1
DA:311,1
DA:313,1
DA:315,1
LF:48
LH:28
BRF:0
BRH:0
end_of_record
TN:
SF:routes\NGO.routes.js
FN:56,(anonymous_0)
FNF:1
FNH:0
FNDA:0,(anonymous_0)
DA:1,1
DA:2,1
DA:4,1
DA:5,1
DA:7,1
DA:8,1
DA:10,1
DA:12,1
DA:14,1
DA:16,1
DA:23,1
DA:31,1
DA:54,1
DA:56,1
DA:57,0
DA:58,0
DA:59,0
DA:61,0
DA:65,1
DA:72,1
DA:79,1
DA:86,1
DA:88,1
DA:95,1
DA:97,1
LF:25
LH:21
BRF:0
BRH:0
end_of_record
TN:
SF:routes\admin.routes.js
FNF:0
FNH:0
DA:1,1
DA:2,1
DA:4,1
DA:5,1
DA:6,1
DA:8,1
DA:15,1
DA:17,1
DA:20,1
DA:23,1
DA:26,1
DA:29,1
DA:33,1
DA:36,1
DA:39,1
DA:42,1
DA:45,1
DA:48,1
DA:51,1
DA:54,1
DA:57,1
DA:60,1
DA:63,1
LF:23
LH:23
BRF:0
BRH:0
end_of_record
TN:
SF:routes\auth.routes.js
FNF:0
FNH:0
DA:1,1
DA:2,1
DA:4,1
DA:5,1
DA:7,1
DA:9,1
DA:11,1
DA:13,1
DA:15,1
DA:17,1
DA:19,1
LF:11
LH:11
BRF:0
BRH:0
end_of_record
TN:
SF:routes\base.routes.js
FNF:0
FNH:0
DA:1,1
DA:2,1
DA:4,1
DA:6,1
DA:8,1
LF:5
LH:5
BRF:0
BRH:0
end_of_record
TN:
SF:routes\carehomes.routes.js
FNF:0
FNH:0
DA:1,1
DA:2,1
DA:4,1
DA:5,1
DA:7,1
DA:8,1
DA:10,1
DA:16,1
DA:23,1
DA:30,1
DA:37,1
DA:38,1
DA:40,1
DA:44,1
DA:52,1
DA:58,1
DA:65,1
DA:72,1
DA:79,1
DA:86,1
DA:93,1
DA:100,1
DA:107,1
DA:115,1
DA:117,1
LF:25
LH:25
BRF:0
BRH:0
end_of_record
TN:
SF:routes\corporate.routes.js
FNF:0
FNH:0
DA:2,1
DA:3,1
DA:5,1
DA:7,1
DA:9,1
LF:5
LH:5
BRF:0
BRH:0
end_of_record
TN:
SF:routes\donors.routes.js
FNF:0
FNH:0
DA:1,1
DA:2,1
DA:4,1
DA:6,1
DA:8,1
DA:10,1
DA:11,1
DA:13,1
DA:20,1
DA:27,1
DA:34,1
DA:37,1
DA:44,1
DA:46,1
DA:48,1
DA:50,1
LF:16
LH:16
BRF:0
BRH:0
end_of_record
TN:
SF:routes\impactStories.routes.js
FN:9,(anonymous_0)
FN:18,(anonymous_1)
FNF:2
FNH:0
FNDA:0,(anonymous_0)
FNDA:0,(anonymous_1)
DA:1,1
DA:2,1
DA:3,1
DA:4,1
DA:5,1
DA:8,1
DA:10,0
DA:11,0
DA:12,0
DA:13,0
DA:14,0
DA:16,0
DA:19,0
DA:23,1
DA:26,1
DA:27,1
DA:28,1
DA:30,1
LF:18
LH:11
BRDA:11,0,0,0
BRDA:11,0,1,0
BRDA:13,1,0,0
BRDA:13,1,1,0
BRF:4
BRH:0
end_of_record
TN:
SF:services\errorMailer.js
FN:19,(anonymous_0)
FNF:1
FNH:0
FNDA:0,(anonymous_0)
DA:1,1
DA:3,1
DA:11,1
DA:19,1
DA:20,0
DA:21,0
DA:35,0
DA:39,1
LF:8
LH:5
BRF:0
BRH:0
end_of_record
TN:
SF:services\otpService.js
FN:3,(anonymous_0)
FN:15,(anonymous_1)
FN:36,(anonymous_2)
FN:54,(anonymous_3)
FNF:4
FNH:0
FNDA:0,(anonymous_0)
FNDA:0,(anonymous_1)
FNDA:0,(anonymous_2)
FNDA:0,(anonymous_3)
DA:1,1
DA:3,1
DA:4,0
DA:7,1
DA:15,1
DA:16,0
DA:33,0
DA:36,1
DA:37,0
DA:51,0
DA:54,1
DA:55,0
DA:69,0
DA:72,1
LF:14
LH:7
BRF:0
BRH:0
end_of_record
